#
# There is insufficient memory for the Java Runtime Environment to continue.
# Native memory allocation (mmap) failed to map 127926272 bytes for G1 virtual space
# Possible reasons:
#   The system is out of physical RAM or swap space
#   The process is running with CompressedOops enabled, and the Java Heap may be blocking the growth of the native heap
# Possible solutions:
#   Reduce memory load on the system
#   Increase physical memory or swap space
#   Check if swap backing store is full
#   Decrease Java heap size (-Xmx/-Xms)
#   Decrease number of Java threads
#   Decrease Java thread stack sizes (-Xss)
#   Set larger code cache with -XX:ReservedCodeCacheSize=
#   JVM is running with Unscaled Compressed Oops mode in which the Java heap is
#     placed in the first 4GB address space. The Java Heap base address is the
#     maximum limit for the native heap growth. Please use -XX:HeapBaseMinAddress
#     to set the Java Heap base and to place the Java Heap above 4GB virtual address.
# This output file may be truncated or incomplete.
#
#  Out of Memory Error (os_windows.cpp:3825), pid=644, tid=19060
#
# JRE version: OpenJDK Runtime Environment (17.0.9) (build 17.0.9+0--11185874)
# Java VM: OpenJDK 64-Bit Server VM (17.0.9+0--11185874, mixed mode, tiered, compressed oops, compressed class ptrs, g1 gc, windows-amd64)
# No core dump will be written. Minidumps are not enabled by default on client versions of Windows
#

---------------  S U M M A R Y ------------

Command Line: --add-opens=java.base/java.util=ALL-UNNAMED --add-opens=java.base/java.lang=ALL-UNNAMED --add-opens=java.base/java.lang.invoke=ALL-UNNAMED --add-opens=java.prefs/java.util.prefs=ALL-UNNAMED --add-opens=java.base/java.nio.charset=ALL-UNNAMED --add-opens=java.base/java.net=ALL-UNNAMED --add-opens=java.base/java.util.concurrent.atomic=ALL-UNNAMED -Xmx2048m -Dfile.encoding=UTF-8 -Duser.country=PH -Duser.language=en -Duser.variant -javaagent:C:\Users\JEMAR\.gradle\wrapper\dists\gradle-8.4-bin\1w5dpkrfk8irigvoxmyhowfim\gradle-8.4\lib\agents\gradle-instrumentation-agent-8.4.jar org.gradle.launcher.daemon.bootstrap.GradleDaemon 8.4

Host: AMD Ryzen 7 5800H with Radeon Graphics         , 16 cores, 7G,  Windows 11 , 64 bit Build 22621 (10.0.22621.3527)
Time: Fri May 31 20:09:53 2024 Malay Peninsula Standard Time elapsed time: 4.384241 seconds (0d 0h 0m 4s)

---------------  T H R E A D  ---------------

Current thread (0x0000020821f23820):  VMThread "VM Thread" [stack: 0x000000e9ff800000,0x000000e9ff900000] [id=19060]

Stack: [0x000000e9ff800000,0x000000e9ff900000]
Native frames: (J=compiled Java code, j=interpreted, Vv=VM code, C=native code)
V  [jvm.dll+0x6886e9]
V  [jvm.dll+0x841e4a]
V  [jvm.dll+0x843a8e]
V  [jvm.dll+0x8440f3]
V  [jvm.dll+0x24c14f]
V  [jvm.dll+0x685499]
V  [jvm.dll+0x679c2a]
V  [jvm.dll+0x30cf9b]
V  [jvm.dll+0x314446]
V  [jvm.dll+0x36425e]
V  [jvm.dll+0x36448f]
V  [jvm.dll+0x2e2d68]
V  [jvm.dll+0x2e0f44]
V  [jvm.dll+0x2e054c]
V  [jvm.dll+0x3253fb]
V  [jvm.dll+0x8487eb]
V  [jvm.dll+0x849531]
V  [jvm.dll+0x849a4d]
V  [jvm.dll+0x849e24]
V  [jvm.dll+0x849ef0]
V  [jvm.dll+0x7f06aa]
V  [jvm.dll+0x687565]
C  [ucrtbase.dll+0x29333]
C  [KERNEL32.DLL+0x1257d]
C  [ntdll.dll+0x5aa48]

VM_Operation (0x000000e9814f4700): G1CollectForAllocation, mode: safepoint, requested by thread 0x000002082894a850


---------------  P R O C E S S  ---------------

Threads class SMR info:
_java_thread_list=0x000002082bc5a6a0, length=74, elements={
0x00000208075da000, 0x0000020821f29ee0, 0x0000020821f2ad60, 0x000002082208f6a0,
0x0000020822091080, 0x0000020822091c40, 0x0000020822094710, 0x0000020822095400,
0x0000020822095eb0, 0x00000208220a3dd0, 0x00000208221e13d0, 0x0000020822248010,
0x0000020822235f60, 0x00000208223b9010, 0x00000208223e9920, 0x00000208228d76e0,
0x000002082742e2a0, 0x000002082802e050, 0x00000208282bd8e0, 0x0000020828067010,
0x0000020828d099b0, 0x0000020828b6e600, 0x00000208276d7a50, 0x000002082894a850,
0x00000208228ab160, 0x00000208228ab670, 0x00000208228a9d20, 0x00000208228abb80,
0x00000208228ad4d0, 0x00000208228aa740, 0x00000208228acab0, 0x00000208228acfc0,
0x0000020828ea5170, 0x0000020828ea3d30, 0x0000020828ea14b0, 0x0000020828ea28f0,
0x0000020828ea7f00, 0x0000020828ea1ed0, 0x0000020828ea74e0, 0x0000020828ea23e0,
0x0000020828ea0fa0, 0x0000020828ea19c0, 0x0000020828ea65b0, 0x0000020828ea4240,
0x0000020828ea4750, 0x0000020828ea2e00, 0x0000020828ea3310, 0x0000020828ea4c60,
0x00000208296772d0, 0x000002082b9884b0, 0x0000020828ea6ac0, 0x0000020828ea3820,
0x0000020828ea79f0, 0x0000020828ea5680, 0x0000020828ea5b90, 0x0000020828ea0a90,
0x0000020828732090, 0x000002082872ca80, 0x000002082872dec0, 0x000002082872edf0,
0x000002082872e8e0, 0x00000208287325a0, 0x000002082872d9b0, 0x000002082872f300,
0x0000020828730c50, 0x0000020828732ab0, 0x0000020828730740, 0x0000020828732fc0,
0x000002082872d4a0, 0x00000208287339e0, 0x000002082872cf90, 0x000002082872f810,
0x0000020828730230, 0x0000020828731160
}

Java Threads: ( => current thread )
  0x00000208075da000 JavaThread "main" [_thread_blocked, id=3416, stack(0x000000e9ff200000,0x000000e9ff300000)]
  0x0000020821f29ee0 JavaThread "Reference Handler" daemon [_thread_blocked, id=4408, stack(0x000000e9ff900000,0x000000e9ffa00000)]
  0x0000020821f2ad60 JavaThread "Finalizer" daemon [_thread_blocked, id=12528, stack(0x000000e9ffa00000,0x000000e9ffb00000)]
  0x000002082208f6a0 JavaThread "Signal Dispatcher" daemon [_thread_blocked, id=20896, stack(0x000000e9ffb00000,0x000000e9ffc00000)]
  0x0000020822091080 JavaThread "Attach Listener" daemon [_thread_blocked, id=22020, stack(0x000000e9ffc00000,0x000000e9ffd00000)]
  0x0000020822091c40 JavaThread "Service Thread" daemon [_thread_blocked, id=3828, stack(0x000000e9ffd00000,0x000000e9ffe00000)]
  0x0000020822094710 JavaThread "Monitor Deflation Thread" daemon [_thread_blocked, id=19792, stack(0x000000e9ffe00000,0x000000e9fff00000)]
  0x0000020822095400 JavaThread "C2 CompilerThread0" daemon [_thread_blocked, id=21032, stack(0x000000e9fff00000,0x000000ea00000000)]
  0x0000020822095eb0 JavaThread "C1 CompilerThread0" daemon [_thread_blocked, id=12336, stack(0x000000e980000000,0x000000e980100000)]
  0x00000208220a3dd0 JavaThread "Sweeper thread" daemon [_thread_blocked, id=11568, stack(0x000000e980100000,0x000000e980200000)]
  0x00000208221e13d0 JavaThread "Common-Cleaner" daemon [_thread_blocked, id=11304, stack(0x000000e980200000,0x000000e980300000)]
  0x0000020822248010 JavaThread "C1 CompilerThread1" daemon [_thread_blocked, id=12428, stack(0x000000e980300000,0x000000e980400000)]
  0x0000020822235f60 JavaThread "C1 CompilerThread2" daemon [_thread_blocked, id=26604, stack(0x000000e980400000,0x000000e980500000)]
  0x00000208223b9010 JavaThread "Notification Thread" daemon [_thread_blocked, id=23264, stack(0x000000e980500000,0x000000e980600000)]
  0x00000208223e9920 JavaThread "C2 CompilerThread1" daemon [_thread_blocked, id=9464, stack(0x000000e980700000,0x000000e980800000)]
  0x00000208228d76e0 JavaThread "C2 CompilerThread2" daemon [_thread_blocked, id=21072, stack(0x000000e980800000,0x000000e980900000)]
  0x000002082742e2a0 JavaThread "C1 CompilerThread3" daemon [_thread_blocked, id=25048, stack(0x000000e980900000,0x000000e980a00000)]
  0x000002082802e050 JavaThread "Daemon health stats" [_thread_blocked, id=21068, stack(0x000000e980e00000,0x000000e980f00000)]
  0x00000208282bd8e0 JavaThread "Incoming local TCP Connector on port 60477" [_thread_in_native, id=24428, stack(0x000000e980f00000,0x000000e981000000)]
  0x0000020828067010 JavaThread "Daemon periodic checks" [_thread_blocked, id=23004, stack(0x000000e981000000,0x000000e981100000)]
  0x0000020828d099b0 JavaThread "Daemon" [_thread_blocked, id=17932, stack(0x000000e981100000,0x000000e981200000)]
  0x0000020828b6e600 JavaThread "Handler for socket connection from /127.0.0.1:60477 to /127.0.0.1:60478" [_thread_in_native, id=8948, stack(0x000000e981200000,0x000000e981300000)]
  0x00000208276d7a50 JavaThread "Cancel handler" [_thread_blocked, id=4960, stack(0x000000e981300000,0x000000e981400000)]
  0x000002082894a850 JavaThread "Daemon worker" [_thread_blocked, id=15624, stack(0x000000e981400000,0x000000e981500000)]
  0x00000208228ab160 JavaThread "Asynchronous log dispatcher for DefaultDaemonConnection: socket connection from /127.0.0.1:60477 to /127.0.0.1:60478" [_thread_blocked, id=6728, stack(0x000000e981500000,0x000000e981600000)]
  0x00000208228ab670 JavaThread "Stdin handler" [_thread_blocked, id=22116, stack(0x000000e981600000,0x000000e981700000)]
  0x00000208228a9d20 JavaThread "Daemon client event forwarder" [_thread_blocked, id=18028, stack(0x000000e981700000,0x000000e981800000)]
  0x00000208228abb80 JavaThread "Cache worker for journal cache (C:\Users\JEMAR\.gradle\caches\journal-1)" [_thread_blocked, id=1740, stack(0x000000e982200000,0x000000e982300000)]
  0x00000208228ad4d0 JavaThread "File lock request listener" [_thread_in_native, id=11604, stack(0x000000e982300000,0x000000e982400000)]
  0x00000208228aa740 JavaThread "Cache worker for file hash cache (C:\Users\JEMAR\.gradle\caches\8.4\fileHashes)" [_thread_blocked, id=16512, stack(0x000000e982400000,0x000000e982500000)]
  0x00000208228acab0 JavaThread "File watcher server" daemon [_thread_blocked, id=13396, stack(0x000000e982500000,0x000000e982600000)]
  0x00000208228acfc0 JavaThread "File watcher consumer" daemon [_thread_blocked, id=22648, stack(0x000000e982600000,0x000000e982700000)]
  0x0000020828ea5170 JavaThread "jar transforms" [_thread_blocked, id=16296, stack(0x000000e982700000,0x000000e982800000)]
  0x0000020828ea3d30 JavaThread "jar transforms Thread 2" [_thread_blocked, id=20464, stack(0x000000e982800000,0x000000e982900000)]
  0x0000020828ea14b0 JavaThread "jar transforms Thread 3" [_thread_blocked, id=6196, stack(0x000000e982900000,0x000000e982a00000)]
  0x0000020828ea28f0 JavaThread "jar transforms Thread 4" [_thread_blocked, id=16876, stack(0x000000e982a00000,0x000000e982b00000)]
  0x0000020828ea7f00 JavaThread "jar transforms Thread 5" [_thread_blocked, id=14452, stack(0x000000e982b00000,0x000000e982c00000)]
  0x0000020828ea1ed0 JavaThread "jar transforms Thread 6" [_thread_blocked, id=18996, stack(0x000000e982c00000,0x000000e982d00000)]
  0x0000020828ea74e0 JavaThread "jar transforms Thread 7" [_thread_blocked, id=4768, stack(0x000000e982d00000,0x000000e982e00000)]
  0x0000020828ea23e0 JavaThread "jar transforms Thread 8" [_thread_blocked, id=22668, stack(0x000000e982e00000,0x000000e982f00000)]
  0x0000020828ea0fa0 JavaThread "jar transforms Thread 9" [_thread_blocked, id=17984, stack(0x000000e982f00000,0x000000e983000000)]
  0x0000020828ea19c0 JavaThread "jar transforms Thread 10" [_thread_blocked, id=13040, stack(0x000000e983000000,0x000000e983100000)]
  0x0000020828ea65b0 JavaThread "jar transforms Thread 11" [_thread_blocked, id=16272, stack(0x000000e983100000,0x000000e983200000)]
  0x0000020828ea4240 JavaThread "jar transforms Thread 12" [_thread_blocked, id=21156, stack(0x000000e983200000,0x000000e983300000)]
  0x0000020828ea4750 JavaThread "jar transforms Thread 13" [_thread_blocked, id=2084, stack(0x000000e983300000,0x000000e983400000)]
  0x0000020828ea2e00 JavaThread "jar transforms Thread 14" [_thread_blocked, id=10620, stack(0x000000e983400000,0x000000e983500000)]
  0x0000020828ea3310 JavaThread "jar transforms Thread 15" [_thread_blocked, id=21912, stack(0x000000e983500000,0x000000e983600000)]
  0x0000020828ea4c60 JavaThread "jar transforms Thread 16" [_thread_blocked, id=23916, stack(0x000000e983600000,0x000000e983700000)]
  0x00000208296772d0 JavaThread "C2 CompilerThread3" daemon [_thread_blocked, id=5112, stack(0x000000e983700000,0x000000e983800000)]
  0x000002082b9884b0 JavaThread "C2 CompilerThread4" daemon [_thread_blocked, id=21228, stack(0x000000e983800000,0x000000e983900000)]
  0x0000020828ea6ac0 JavaThread "Cache worker for checksums cache (D:\INTPROG PROJECT\BV2\INTPROG PROJECT\.gradle\8.4\checksums)" [_thread_blocked, id=22380, stack(0x000000e983900000,0x000000e983a00000)]
  0x0000020828ea3820 JavaThread "Cache worker for file hash cache (D:\INTPROG PROJECT\BV2\INTPROG PROJECT\.gradle\8.4\fileHashes)" [_thread_blocked, id=20864, stack(0x000000e983b00000,0x000000e983c00000)]
  0x0000020828ea79f0 JavaThread "Cache worker for cache directory md-supplier (C:\Users\JEMAR\.gradle\caches\8.4\md-supplier)" [_thread_blocked, id=12900, stack(0x000000e983c00000,0x000000e983d00000)]
  0x0000020828ea5680 JavaThread "Cache worker for file content cache (C:\Users\JEMAR\.gradle\caches\8.4\fileContent)" [_thread_blocked, id=8660, stack(0x000000e983d00000,0x000000e983e00000)]
  0x0000020828ea5b90 JavaThread "Cache worker for cache directory md-rule (C:\Users\JEMAR\.gradle\caches\8.4\md-rule)" [_thread_blocked, id=17136, stack(0x000000e983e00000,0x000000e983f00000)]
  0x0000020828ea0a90 JavaThread "Cache worker for execution history cache (C:\Users\JEMAR\.gradle\caches\8.4\executionHistory)" [_thread_blocked, id=14752, stack(0x000000e983f00000,0x000000e984000000)]
  0x0000020828732090 JavaThread "Cache worker for kotlin-dsl (C:\Users\JEMAR\.gradle\caches\8.4\kotlin-dsl)" [_thread_blocked, id=1736, stack(0x000000e984000000,0x000000e984100000)]
  0x000002082872ca80 JavaThread "Cache worker for dependencies-accessors (D:\INTPROG PROJECT\BV2\INTPROG PROJECT\.gradle\8.4\dependencies-accessors)" [_thread_blocked, id=2268, stack(0x000000e984100000,0x000000e984200000)]
  0x000002082872dec0 JavaThread "Cache worker for Build Output Cleanup Cache (D:\INTPROG PROJECT\BV2\INTPROG PROJECT\.gradle\buildOutputCleanup)" [_thread_blocked, id=22476, stack(0x000000e984200000,0x000000e984300000)]
  0x000002082872edf0 JavaThread "Unconstrained build operations" [_thread_blocked, id=12496, stack(0x000000e984300000,0x000000e984400000)]
  0x000002082872e8e0 JavaThread "Unconstrained build operations Thread 2" [_thread_blocked, id=24592, stack(0x000000e984400000,0x000000e984500000)]
  0x00000208287325a0 JavaThread "Unconstrained build operations Thread 3" [_thread_blocked, id=2736, stack(0x000000e984500000,0x000000e984600000)]
  0x000002082872d9b0 JavaThread "Unconstrained build operations Thread 4" [_thread_blocked, id=15452, stack(0x000000e984600000,0x000000e984700000)]
  0x000002082872f300 JavaThread "Unconstrained build operations Thread 5" [_thread_blocked, id=8008, stack(0x000000e984700000,0x000000e984800000)]
  0x0000020828730c50 JavaThread "Unconstrained build operations Thread 6" [_thread_blocked, id=19968, stack(0x000000e984800000,0x000000e984900000)]
  0x0000020828732ab0 JavaThread "Unconstrained build operations Thread 7" [_thread_blocked, id=23584, stack(0x000000e984900000,0x000000e984a00000)]
  0x0000020828730740 JavaThread "Unconstrained build operations Thread 8" [_thread_blocked, id=25160, stack(0x000000e984a00000,0x000000e984b00000)]
  0x0000020828732fc0 JavaThread "Unconstrained build operations Thread 9" [_thread_blocked, id=24196, stack(0x000000e984b00000,0x000000e984c00000)]
  0x000002082872d4a0 JavaThread "Unconstrained build operations Thread 10" [_thread_blocked, id=16404, stack(0x000000e984c00000,0x000000e984d00000)]
  0x00000208287339e0 JavaThread "Unconstrained build operations Thread 11" [_thread_blocked, id=14808, stack(0x000000e984d00000,0x000000e984e00000)]
  0x000002082872cf90 JavaThread "Unconstrained build operations Thread 12" [_thread_blocked, id=7408, stack(0x000000e984e00000,0x000000e984f00000)]
  0x000002082872f810 JavaThread "Unconstrained build operations Thread 13" [_thread_blocked, id=21608, stack(0x000000e984f00000,0x000000e985000000)]
  0x0000020828730230 JavaThread "Unconstrained build operations Thread 14" [_thread_blocked, id=23220, stack(0x000000e985000000,0x000000e985100000)]
  0x0000020828731160 JavaThread "Unconstrained build operations Thread 15" [_thread_blocked, id=23920, stack(0x000000e985100000,0x000000e985200000)]

Other Threads:
=>0x0000020821f23820 VMThread "VM Thread" [stack: 0x000000e9ff800000,0x000000e9ff900000] [id=19060]
  0x00000208075dae80 WatcherThread [stack: 0x000000e980600000,0x000000e980700000] [id=12152]
  0x0000020807638140 GCTaskThread "GC Thread#0" [stack: 0x000000e9ff300000,0x000000e9ff400000] [id=11528]
  0x00000208271aeb10 GCTaskThread "GC Thread#1" [stack: 0x000000e980a00000,0x000000e980b00000] [id=6492]
  0x0000020827363170 GCTaskThread "GC Thread#2" [stack: 0x000000e980b00000,0x000000e980c00000] [id=11040]
  0x0000020827100c40 GCTaskThread "GC Thread#3" [stack: 0x000000e980c00000,0x000000e980d00000] [id=25680]
  0x0000020822b6d650 GCTaskThread "GC Thread#4" [stack: 0x000000e980d00000,0x000000e980e00000] [id=16168]
  0x0000020827dcf3a0 GCTaskThread "GC Thread#5" [stack: 0x000000e981800000,0x000000e981900000] [id=15676]
  0x0000020827dd09a0 GCTaskThread "GC Thread#6" [stack: 0x000000e981900000,0x000000e981a00000] [id=21496]
  0x0000020827dd0160 GCTaskThread "GC Thread#7" [stack: 0x000000e981a00000,0x000000e981b00000] [id=20328]
  0x0000020827dcf660 GCTaskThread "GC Thread#8" [stack: 0x000000e981b00000,0x000000e981c00000] [id=8076]
  0x0000020827dcf920 GCTaskThread "GC Thread#9" [stack: 0x000000e981c00000,0x000000e981d00000] [id=7468]
  0x0000020827dcfea0 GCTaskThread "GC Thread#10" [stack: 0x000000e981d00000,0x000000e981e00000] [id=18280]
  0x0000020827dd06e0 GCTaskThread "GC Thread#11" [stack: 0x000000e981e00000,0x000000e981f00000] [id=15808]
  0x0000020827dd0420 GCTaskThread "GC Thread#12" [stack: 0x000000e981f00000,0x000000e982000000] [id=3972]
  0x0000020807649090 ConcurrentGCThread "G1 Main Marker" [stack: 0x000000e9ff400000,0x000000e9ff500000] [id=3380]
  0x000002080764a250 ConcurrentGCThread "G1 Conc#0" [stack: 0x000000e9ff500000,0x000000e9ff600000] [id=13724]
  0x0000020827dcfbe0 ConcurrentGCThread "G1 Conc#1" [stack: 0x000000e982000000,0x000000e982100000] [id=19724]
  0x0000020827dcee20 ConcurrentGCThread "G1 Conc#2" [stack: 0x000000e982100000,0x000000e982200000] [id=18236]
  0x0000020821d7a960 ConcurrentGCThread "G1 Refine#0" [stack: 0x000000e9ff600000,0x000000e9ff700000] [id=15364]
  0x00000208295033e0 ConcurrentGCThread "G1 Refine#1" [stack: 0x000000e983a00000,0x000000e983b00000] [id=14016]
  0x0000020821d7b1a0 ConcurrentGCThread "G1 Service" [stack: 0x000000e9ff700000,0x000000e9ff800000] [id=5584]

Threads with active compile tasks:

VM state: at safepoint (normal execution)

VM Mutex/Monitor currently owned by a thread:  ([mutex/lock_event])
[0x00000208075d7110] Threads_lock - owner thread: 0x0000020821f23820
[0x00000208075d58e0] Heap_lock - owner thread: 0x000002082894a850

Heap address: 0x0000000080000000, size: 2048 MB, Compressed Oops mode: 32-bit

CDS archive(s) not mapped
Compressed class space mapped at: 0x0000000100000000-0x0000000140000000, reserved size: 1073741824
Narrow klass base: 0x0000000000000000, Narrow klass shift: 3, Narrow klass range: 0x140000000

GC Precious Log:
 CPUs: 16 total, 16 available
 Memory: 7581M
 Large Page Support: Disabled
 NUMA Support: Disabled
 Compressed Oops: Enabled (32-bit)
 Heap Region Size: 1M
 Heap Min Capacity: 8M
 Heap Initial Capacity: 120M
 Heap Max Capacity: 2G
 Pre-touch: Disabled
 Parallel Workers: 13
 Concurrent Workers: 3
 Concurrent Refinement Workers: 13
 Periodic GC: Disabled

Heap:
 garbage-first heap   total 124928K, used 85769K [0x0000000080000000, 0x0000000100000000)
  region size 1024K, 4 young (4096K), 4 survivors (4096K)
 Metaspace       used 62821K, committed 63488K, reserved 1114112K
  class space    used 8516K, committed 8832K, reserved 1048576K

Heap Regions: E=young(eden), S=young(survivor), O=old, HS=humongous(starts), HC=humongous(continues), CS=collection set, F=free, OA=open archive, CA=closed archive, TAMS=top-at-mark-start (previous, next)
|   0|0x0000000080000000, 0x0000000080100000, 0x0000000080100000|100%|HS|  |TAMS 0x0000000080100000, 0x0000000080000000| Complete 
|   1|0x0000000080100000, 0x0000000080200000, 0x0000000080200000|100%|HC|  |TAMS 0x0000000080200000, 0x0000000080100000| Complete 
|   2|0x0000000080200000, 0x0000000080300000, 0x0000000080300000|100%|HC|  |TAMS 0x0000000080300000, 0x0000000080200000| Complete 
|   3|0x0000000080300000, 0x0000000080400000, 0x0000000080400000|100%|HC|  |TAMS 0x0000000080400000, 0x0000000080300000| Complete 
|   4|0x0000000080400000, 0x0000000080500000, 0x0000000080500000|100%| O|  |TAMS 0x0000000080500000, 0x0000000080400000| Untracked 
|   5|0x0000000080500000, 0x0000000080600000, 0x0000000080600000|100%| O|  |TAMS 0x0000000080600000, 0x0000000080500000| Untracked 
|   6|0x0000000080600000, 0x0000000080700000, 0x0000000080700000|100%| O|  |TAMS 0x0000000080700000, 0x0000000080600000| Untracked 
|   7|0x0000000080700000, 0x0000000080800000, 0x0000000080800000|100%| O|  |TAMS 0x0000000080800000, 0x0000000080700000| Untracked 
|   8|0x0000000080800000, 0x0000000080900000, 0x0000000080900000|100%| O|  |TAMS 0x0000000080900000, 0x0000000080800000| Untracked 
|   9|0x0000000080900000, 0x0000000080a00000, 0x0000000080a00000|100%| O|  |TAMS 0x0000000080a00000, 0x0000000080900000| Untracked 
|  10|0x0000000080a00000, 0x0000000080aaa800, 0x0000000080b00000| 66%| O|  |TAMS 0x0000000080aaa800, 0x0000000080a00000| Complete 
|  11|0x0000000080b00000, 0x0000000080c00000, 0x0000000080c00000|100%| O|  |TAMS 0x0000000080c00000, 0x0000000080b00000| Untracked 
|  12|0x0000000080c00000, 0x0000000080d00000, 0x0000000080d00000|100%| O|  |TAMS 0x0000000080d00000, 0x0000000080c00000| Untracked 
|  13|0x0000000080d00000, 0x0000000080e00000, 0x0000000080e00000|100%| O|  |TAMS 0x0000000080e00000, 0x0000000080d00000| Untracked 
|  14|0x0000000080e00000, 0x0000000080f00000, 0x0000000080f00000|100%| O|  |TAMS 0x0000000080f00000, 0x0000000080e00000| Untracked 
|  15|0x0000000080f00000, 0x0000000081000000, 0x0000000081000000|100%| O|  |TAMS 0x0000000081000000, 0x0000000080f00000| Untracked 
|  16|0x0000000081000000, 0x0000000081100000, 0x0000000081100000|100%| O|  |TAMS 0x0000000081100000, 0x0000000081000000| Untracked 
|  17|0x0000000081100000, 0x0000000081200000, 0x0000000081200000|100%| O|  |TAMS 0x0000000081200000, 0x0000000081100000| Untracked 
|  18|0x0000000081200000, 0x0000000081300000, 0x0000000081300000|100%| O|  |TAMS 0x0000000081300000, 0x0000000081200000| Untracked 
|  19|0x0000000081300000, 0x0000000081400000, 0x0000000081400000|100%| O|  |TAMS 0x0000000081400000, 0x0000000081300000| Untracked 
|  20|0x0000000081400000, 0x0000000081500000, 0x0000000081500000|100%|HS|  |TAMS 0x0000000081500000, 0x0000000081400000| Complete 
|  21|0x0000000081500000, 0x0000000081600000, 0x0000000081600000|100%|HC|  |TAMS 0x0000000081600000, 0x0000000081500000| Complete 
|  22|0x0000000081600000, 0x0000000081700000, 0x0000000081700000|100%|HS|  |TAMS 0x0000000081700000, 0x0000000081600000| Complete 
|  23|0x0000000081700000, 0x0000000081800000, 0x0000000081800000|100%|HC|  |TAMS 0x0000000081800000, 0x0000000081700000| Complete 
|  24|0x0000000081800000, 0x0000000081900000, 0x0000000081900000|100%|HC|  |TAMS 0x0000000081900000, 0x0000000081800000| Complete 
|  25|0x0000000081900000, 0x0000000081a00000, 0x0000000081a00000|100%|HS|  |TAMS 0x0000000081a00000, 0x0000000081900000| Complete 
|  26|0x0000000081a00000, 0x0000000081b00000, 0x0000000081b00000|100%|HC|  |TAMS 0x0000000081b00000, 0x0000000081a00000| Complete 
|  27|0x0000000081b00000, 0x0000000081c00000, 0x0000000081c00000|100%|HC|  |TAMS 0x0000000081c00000, 0x0000000081b00000| Complete 
|  28|0x0000000081c00000, 0x0000000081d00000, 0x0000000081d00000|100%|HS|  |TAMS 0x0000000081d00000, 0x0000000081c00000| Complete 
|  29|0x0000000081d00000, 0x0000000081e00000, 0x0000000081e00000|100%|HC|  |TAMS 0x0000000081e00000, 0x0000000081d00000| Complete 
|  30|0x0000000081e00000, 0x0000000081f00000, 0x0000000081f00000|100%|HC|  |TAMS 0x0000000081f00000, 0x0000000081e00000| Complete 
|  31|0x0000000081f00000, 0x0000000082000000, 0x0000000082000000|100%| O|  |TAMS 0x0000000082000000, 0x0000000081f00000| Untracked 
|  32|0x0000000082000000, 0x0000000082100000, 0x0000000082100000|100%| O|  |TAMS 0x0000000082100000, 0x0000000082000000| Untracked 
|  33|0x0000000082100000, 0x0000000082200000, 0x0000000082200000|100%| O|  |TAMS 0x0000000082200000, 0x0000000082100000| Untracked 
|  34|0x0000000082200000, 0x0000000082300000, 0x0000000082300000|100%| O|  |TAMS 0x0000000082300000, 0x0000000082200000| Untracked 
|  35|0x0000000082300000, 0x0000000082400000, 0x0000000082400000|100%| O|  |TAMS 0x0000000082400000, 0x0000000082300000| Untracked 
|  36|0x0000000082400000, 0x0000000082500000, 0x0000000082500000|100%| O|  |TAMS 0x0000000082400000, 0x0000000082400000| Untracked 
|  37|0x0000000082500000, 0x0000000082600000, 0x0000000082600000|100%| O|  |TAMS 0x0000000082600000, 0x0000000082500000| Untracked 
|  38|0x0000000082600000, 0x0000000082700000, 0x0000000082700000|100%| O|  |TAMS 0x0000000082700000, 0x0000000082600000| Untracked 
|  39|0x0000000082700000, 0x0000000082800000, 0x0000000082800000|100%| O|  |TAMS 0x0000000082800000, 0x0000000082700000| Untracked 
|  40|0x0000000082800000, 0x0000000082900000, 0x0000000082900000|100%| O|  |TAMS 0x0000000082900000, 0x0000000082800000| Untracked 
|  41|0x0000000082900000, 0x0000000082a00000, 0x0000000082a00000|100%| O|  |TAMS 0x0000000082a00000, 0x0000000082900000| Untracked 
|  42|0x0000000082a00000, 0x0000000082b00000, 0x0000000082b00000|100%| O|  |TAMS 0x0000000082b00000, 0x0000000082a00000| Untracked 
|  43|0x0000000082b00000, 0x0000000082c00000, 0x0000000082c00000|100%| O|  |TAMS 0x0000000082c00000, 0x0000000082b00000| Untracked 
|  44|0x0000000082c00000, 0x0000000082d00000, 0x0000000082d00000|100%| O|  |TAMS 0x0000000082d00000, 0x0000000082c00000| Untracked 
|  45|0x0000000082d00000, 0x0000000082e00000, 0x0000000082e00000|100%|HS|  |TAMS 0x0000000082e00000, 0x0000000082d00000| Complete 
|  46|0x0000000082e00000, 0x0000000082f00000, 0x0000000082f00000|100%|HC|  |TAMS 0x0000000082f00000, 0x0000000082e00000| Complete 
|  47|0x0000000082f00000, 0x0000000083000000, 0x0000000083000000|100%|HC|  |TAMS 0x0000000083000000, 0x0000000082f00000| Complete 
|  48|0x0000000083000000, 0x0000000083100000, 0x0000000083100000|100%| O|  |TAMS 0x0000000083100000, 0x0000000083000000| Untracked 
|  49|0x0000000083100000, 0x0000000083200000, 0x0000000083200000|100%| O|  |TAMS 0x0000000083200000, 0x0000000083100000| Untracked 
|  50|0x0000000083200000, 0x0000000083300000, 0x0000000083300000|100%| O|  |TAMS 0x0000000083300000, 0x0000000083200000| Untracked 
|  51|0x0000000083300000, 0x0000000083400000, 0x0000000083400000|100%| O|  |TAMS 0x0000000083400000, 0x0000000083300000| Untracked 
|  52|0x0000000083400000, 0x0000000083500000, 0x0000000083500000|100%| O|  |TAMS 0x0000000083500000, 0x0000000083400000| Untracked 
|  53|0x0000000083500000, 0x0000000083600000, 0x0000000083600000|100%| O|  |TAMS 0x0000000083600000, 0x0000000083500000| Untracked 
|  54|0x0000000083600000, 0x0000000083700000, 0x0000000083700000|100%| O|  |TAMS 0x0000000083700000, 0x0000000083600000| Untracked 
|  55|0x0000000083700000, 0x0000000083800000, 0x0000000083800000|100%| O|  |TAMS 0x0000000083800000, 0x0000000083700000| Untracked 
|  56|0x0000000083800000, 0x0000000083900000, 0x0000000083900000|100%| O|  |TAMS 0x0000000083900000, 0x0000000083800000| Untracked 
|  57|0x0000000083900000, 0x0000000083a00000, 0x0000000083a00000|100%| O|  |TAMS 0x0000000083a00000, 0x0000000083900000| Untracked 
|  58|0x0000000083a00000, 0x0000000083b00000, 0x0000000083b00000|100%| O|  |TAMS 0x0000000083b00000, 0x0000000083a00000| Untracked 
|  59|0x0000000083b00000, 0x0000000083c00000, 0x0000000083c00000|100%| O|  |TAMS 0x0000000083b6d000, 0x0000000083b00000| Untracked 
|  60|0x0000000083c00000, 0x0000000083d00000, 0x0000000083d00000|100%| O|  |TAMS 0x0000000083c00000, 0x0000000083c00000| Untracked 
|  61|0x0000000083d00000, 0x0000000083e00000, 0x0000000083e00000|100%| O|  |TAMS 0x0000000083d00000, 0x0000000083d00000| Untracked 
|  62|0x0000000083e00000, 0x0000000083f00000, 0x0000000083f00000|100%|HS|  |TAMS 0x0000000083e00000, 0x0000000083e00000| Complete 
|  63|0x0000000083f00000, 0x0000000084000000, 0x0000000084000000|100%|HS|  |TAMS 0x0000000083f00000, 0x0000000083f00000| Complete 
|  64|0x0000000084000000, 0x0000000084100000, 0x0000000084100000|100%|HS|  |TAMS 0x0000000084000000, 0x0000000084000000| Complete 
|  65|0x0000000084100000, 0x0000000084200000, 0x0000000084200000|100%|HS|  |TAMS 0x0000000084100000, 0x0000000084100000| Complete 
|  66|0x0000000084200000, 0x0000000084300000, 0x0000000084300000|100%|HC|  |TAMS 0x0000000084200000, 0x0000000084200000| Complete 
|  67|0x0000000084300000, 0x0000000084400000, 0x0000000084400000|100%|HS|  |TAMS 0x0000000084300000, 0x0000000084300000| Complete 
|  68|0x0000000084400000, 0x0000000084500000, 0x0000000084500000|100%|HC|  |TAMS 0x0000000084400000, 0x0000000084400000| Complete 
|  69|0x0000000084500000, 0x0000000084600000, 0x0000000084600000|100%|HS|  |TAMS 0x0000000084500000, 0x0000000084500000| Complete 
|  70|0x0000000084600000, 0x0000000084700000, 0x0000000084700000|100%|HS|  |TAMS 0x0000000084600000, 0x0000000084600000| Complete 
|  71|0x0000000084700000, 0x0000000084800000, 0x0000000084800000|100%|HC|  |TAMS 0x0000000084700000, 0x0000000084700000| Complete 
|  72|0x0000000084800000, 0x0000000084900000, 0x0000000084900000|100%|HC|  |TAMS 0x0000000084800000, 0x0000000084800000| Complete 
|  73|0x0000000084900000, 0x0000000084a00000, 0x0000000084a00000|100%|HC|  |TAMS 0x0000000084900000, 0x0000000084900000| Complete 
|  74|0x0000000084a00000, 0x0000000084a00000, 0x0000000084b00000|  0%| F|  |TAMS 0x0000000084a00000, 0x0000000084a00000| Untracked 
|  75|0x0000000084b00000, 0x0000000084c00000, 0x0000000084c00000|100%| O|  |TAMS 0x0000000084b00000, 0x0000000084b00000| Untracked 
|  76|0x0000000084c00000, 0x0000000084d00000, 0x0000000084d00000|100%| O|  |TAMS 0x0000000084c00000, 0x0000000084c00000| Untracked 
|  77|0x0000000084d00000, 0x0000000084e00000, 0x0000000084e00000|100%| O|  |TAMS 0x0000000084d00000, 0x0000000084d00000| Untracked 
|  78|0x0000000084e00000, 0x0000000084f00000, 0x0000000084f00000|100%| O|  |TAMS 0x0000000084e00000, 0x0000000084e00000| Untracked 
|  79|0x0000000084f00000, 0x0000000085000000, 0x0000000085000000|100%| O|  |TAMS 0x0000000084f00000, 0x0000000084f00000| Untracked 
|  80|0x0000000085000000, 0x0000000085100000, 0x0000000085100000|100%| O|  |TAMS 0x0000000085000000, 0x0000000085000000| Untracked 
|  81|0x0000000085100000, 0x0000000085117e00, 0x0000000085200000|  9%| O|  |TAMS 0x0000000085100000, 0x0000000085100000| Untracked 
|  82|0x0000000085200000, 0x0000000085200000, 0x0000000085300000|  0%| F|  |TAMS 0x0000000085200000, 0x0000000085200000| Untracked 
|  83|0x0000000085300000, 0x0000000085300000, 0x0000000085400000|  0%| F|  |TAMS 0x0000000085300000, 0x0000000085300000| Untracked 
|  84|0x0000000085400000, 0x0000000085400000, 0x0000000085500000|  0%| F|  |TAMS 0x0000000085400000, 0x0000000085400000| Untracked 
|  85|0x0000000085500000, 0x0000000085500000, 0x0000000085600000|  0%| F|  |TAMS 0x0000000085500000, 0x0000000085500000| Untracked 
|  86|0x0000000085600000, 0x0000000085600000, 0x0000000085700000|  0%| F|  |TAMS 0x0000000085600000, 0x0000000085600000| Untracked 
|  87|0x0000000085700000, 0x0000000085700000, 0x0000000085800000|  0%| F|  |TAMS 0x0000000085700000, 0x0000000085700000| Untracked 
|  88|0x0000000085800000, 0x0000000085800000, 0x0000000085900000|  0%| F|  |TAMS 0x0000000085800000, 0x0000000085800000| Untracked 
|  89|0x0000000085900000, 0x0000000085900000, 0x0000000085a00000|  0%| F|  |TAMS 0x0000000085900000, 0x0000000085900000| Untracked 
|  90|0x0000000085a00000, 0x0000000085b00000, 0x0000000085b00000|100%| S|CS|TAMS 0x0000000085a00000, 0x0000000085a00000| Complete 
|  91|0x0000000085b00000, 0x0000000085c00000, 0x0000000085c00000|100%| S|CS|TAMS 0x0000000085b00000, 0x0000000085b00000| Complete 
|  92|0x0000000085c00000, 0x0000000085d00000, 0x0000000085d00000|100%| S|CS|TAMS 0x0000000085c00000, 0x0000000085c00000| Complete 
|  93|0x0000000085d00000, 0x0000000085e00000, 0x0000000085e00000|100%| S|CS|TAMS 0x0000000085d00000, 0x0000000085d00000| Complete 
|  94|0x0000000085e00000, 0x0000000085e00000, 0x0000000085f00000|  0%| F|  |TAMS 0x0000000085e00000, 0x0000000085e00000| Untracked 
|  95|0x0000000085f00000, 0x0000000085f00000, 0x0000000086000000|  0%| F|  |TAMS 0x0000000085f00000, 0x0000000085f00000| Untracked 
|  96|0x0000000086000000, 0x0000000086000000, 0x0000000086100000|  0%| F|  |TAMS 0x0000000086000000, 0x0000000086000000| Untracked 
|  97|0x0000000086100000, 0x0000000086100000, 0x0000000086200000|  0%| F|  |TAMS 0x0000000086100000, 0x0000000086100000| Untracked 
|  98|0x0000000086200000, 0x0000000086200000, 0x0000000086300000|  0%| F|  |TAMS 0x0000000086200000, 0x0000000086200000| Untracked 
|  99|0x0000000086300000, 0x0000000086300000, 0x0000000086400000|  0%| F|  |TAMS 0x0000000086300000, 0x0000000086300000| Untracked 
| 100|0x0000000086400000, 0x0000000086400000, 0x0000000086500000|  0%| F|  |TAMS 0x0000000086400000, 0x0000000086400000| Untracked 
| 101|0x0000000086500000, 0x0000000086500000, 0x0000000086600000|  0%| F|  |TAMS 0x0000000086500000, 0x0000000086500000| Untracked 
| 102|0x0000000086600000, 0x0000000086600000, 0x0000000086700000|  0%| F|  |TAMS 0x0000000086600000, 0x0000000086600000| Untracked 
| 103|0x0000000086700000, 0x0000000086700000, 0x0000000086800000|  0%| F|  |TAMS 0x0000000086700000, 0x0000000086700000| Untracked 
| 104|0x0000000086800000, 0x0000000086800000, 0x0000000086900000|  0%| F|  |TAMS 0x0000000086800000, 0x0000000086800000| Untracked 
| 105|0x0000000086900000, 0x0000000086900000, 0x0000000086a00000|  0%| F|  |TAMS 0x0000000086900000, 0x0000000086900000| Untracked 
| 106|0x0000000086a00000, 0x0000000086a00000, 0x0000000086b00000|  0%| F|  |TAMS 0x0000000086a00000, 0x0000000086a00000| Untracked 
| 107|0x0000000086b00000, 0x0000000086b00000, 0x0000000086c00000|  0%| F|  |TAMS 0x0000000086b00000, 0x0000000086b00000| Untracked 
| 108|0x0000000086c00000, 0x0000000086c00000, 0x0000000086d00000|  0%| F|  |TAMS 0x0000000086c00000, 0x0000000086c00000| Untracked 
| 109|0x0000000086d00000, 0x0000000086d00000, 0x0000000086e00000|  0%| F|  |TAMS 0x0000000086d00000, 0x0000000086d00000| Untracked 
| 110|0x0000000086e00000, 0x0000000086e00000, 0x0000000086f00000|  0%| F|  |TAMS 0x0000000086e00000, 0x0000000086e00000| Untracked 
| 111|0x0000000086f00000, 0x0000000086f00000, 0x0000000087000000|  0%| F|  |TAMS 0x0000000086f00000, 0x0000000086f00000| Untracked 
| 112|0x0000000087000000, 0x0000000087000000, 0x0000000087100000|  0%| F|  |TAMS 0x0000000087000000, 0x0000000087000000| Untracked 
| 113|0x0000000087100000, 0x0000000087100000, 0x0000000087200000|  0%| F|  |TAMS 0x0000000087100000, 0x0000000087100000| Untracked 
| 114|0x0000000087200000, 0x0000000087200000, 0x0000000087300000|  0%| F|  |TAMS 0x0000000087200000, 0x0000000087200000| Untracked 
| 115|0x0000000087300000, 0x0000000087300000, 0x0000000087400000|  0%| F|  |TAMS 0x0000000087300000, 0x0000000087300000| Untracked 
| 116|0x0000000087400000, 0x0000000087400000, 0x0000000087500000|  0%| F|  |TAMS 0x0000000087400000, 0x0000000087400000| Untracked 
| 117|0x0000000087500000, 0x0000000087500000, 0x0000000087600000|  0%| F|  |TAMS 0x0000000087500000, 0x0000000087500000| Untracked 
| 118|0x0000000087600000, 0x0000000087600000, 0x0000000087700000|  0%| F|  |TAMS 0x0000000087600000, 0x0000000087600000| Untracked 
| 119|0x0000000087700000, 0x0000000087700000, 0x0000000087800000|  0%| F|  |TAMS 0x0000000087700000, 0x0000000087700000| Untracked 
| 120|0x0000000087800000, 0x0000000087800000, 0x0000000087900000|  0%| F|  |TAMS 0x0000000087800000, 0x0000000087800000| Untracked 
| 121|0x0000000087900000, 0x0000000087900000, 0x0000000087a00000|  0%| F|  |TAMS 0x0000000087900000, 0x0000000087900000| Untracked 

Card table byte_map: [0x000002081a750000,0x000002081ab50000] _byte_map_base: 0x000002081a350000

Marking Bits (Prev, Next): (CMBitMap*) 0x0000020807638760, (CMBitMap*) 0x00000208076387a0
 Prev Bits: [0x000002081af50000, 0x000002081cf50000)
 Next Bits: [0x000002081cf50000, 0x000002081ef50000)

Polling page: 0x00000208053f0000

Metaspace:

Usage:
  Non-class:     53.03 MB used.
      Class:      8.32 MB used.
       Both:     61.35 MB used.

Virtual space:
  Non-class space:       64.00 MB reserved,      53.38 MB ( 83%) committed,  1 nodes.
      Class space:        1.00 GB reserved,       8.62 MB ( <1%) committed,  1 nodes.
             Both:        1.06 GB reserved,      62.00 MB (  6%) committed. 

Chunk freelists:
   Non-Class:  10.31 MB
       Class:  7.41 MB
        Both:  17.72 MB

MaxMetaspaceSize: unlimited
CompressedClassSpaceSize: 1.00 GB
Initial GC threshold: 21.00 MB
Current GC threshold: 101.50 MB
CDS: off
MetaspaceReclaimPolicy: balanced
 - commit_granule_bytes: 65536.
 - commit_granule_words: 8192.
 - virtual_space_node_default_size: 8388608.
 - enlarge_chunks_in_place: 1.
 - new_chunks_are_fully_committed: 0.
 - uncommit_free_chunks: 1.
 - use_allocation_guard: 0.
 - handle_deallocations: 1.


Internal statistics:

num_allocs_failed_limit: 3.
num_arena_births: 754.
num_arena_deaths: 0.
num_vsnodes_births: 2.
num_vsnodes_deaths: 0.
num_space_committed: 992.
num_space_uncommitted: 0.
num_chunks_returned_to_freelist: 3.
num_chunks_taken_from_freelist: 2977.
num_chunk_merges: 3.
num_chunk_splits: 1934.
num_chunks_enlarged: 1261.
num_inconsistent_stats: 0.

CodeHeap 'non-profiled nmethods': size=119168Kb used=3690Kb max_used=3690Kb free=115477Kb
 bounds [0x0000020812650000, 0x00000208129f0000, 0x0000020819ab0000]
CodeHeap 'profiled nmethods': size=119104Kb used=13286Kb max_used=13286Kb free=105817Kb
 bounds [0x000002080aab0000, 0x000002080b7b0000, 0x0000020811f00000]
CodeHeap 'non-nmethods': size=7488Kb used=4016Kb max_used=4079Kb free=3471Kb
 bounds [0x0000020811f00000, 0x0000020812310000, 0x0000020812650000]
 total_blobs=7698 nmethods=6846 adapters=760
 compilation: enabled
              stopped_count=0, restarted_count=0
 full_count=0

Compilation events (20 events):
Event: 4.352 Thread 0x0000020822095eb0 7564       3       sun.nio.cs.StreamDecoder::ensureOpen (18 bytes)
Event: 4.352 Thread 0x000002082742e2a0 7565       3       sun.nio.cs.StreamDecoder::implRead (243 bytes)
Event: 4.352 Thread 0x0000020822235f60 nmethod 7562 0x000002080b7a1010 code [0x000002080b7a11c0, 0x000002080b7a1328]
Event: 4.352 Thread 0x0000020822095eb0 nmethod 7564 0x000002080b7a1410 code [0x000002080b7a15c0, 0x000002080b7a17c8]
Event: 4.352 Thread 0x0000020822248010 nmethod 7563 0x000002080b7a1890 code [0x000002080b7a1b00, 0x000002080b7a2708]
Event: 4.353 Thread 0x000002082742e2a0 nmethod 7565 0x000002080b7a2c10 code [0x000002080b7a2ec0, 0x000002080b7a3d78]
Event: 4.357 Thread 0x0000020822095eb0 7566  s!   3       org.gradle.internal.classloader.TransformReplacer$JarLoader::loadTransformedClass (56 bytes)
Event: 4.357 Thread 0x0000020822248010 7567       3       org.gradle.internal.classloader.TransformReplacer$JarLoader::getJarFileLocked (104 bytes)
Event: 4.357 Thread 0x000002082742e2a0 7568       3       org.gradle.internal.classloader.TransformReplacer::access$100 (5 bytes)
Event: 4.357 Thread 0x0000020822235f60 7569       3       org.gradle.internal.classloader.TransformReplacer$JarLoader::classNameToPath (20 bytes)
Event: 4.357 Thread 0x000002082742e2a0 nmethod 7568 0x000002080b7a4210 code [0x000002080b7a43c0, 0x000002080b7a4628]
Event: 4.357 Thread 0x0000020822235f60 nmethod 7569 0x000002080b7a4790 code [0x000002080b7a49a0, 0x000002080b7a4f08]
Event: 4.357 Thread 0x0000020822095eb0 nmethod 7566 0x000002080b7a5110 code [0x000002080b7a53e0, 0x000002080b7a6328]
Event: 4.358 Thread 0x0000020822248010 nmethod 7567 0x000002080b7a6910 code [0x000002080b7a6ca0, 0x000002080b7a8498]
Event: 4.362 Thread 0x0000020822235f60 7570       3       java.util.zip.ZipFile$ZipFileInflaterInputStream::available (44 bytes)
Event: 4.362 Thread 0x0000020822248010 7571   !   3       java.util.zip.Inflater::getBytesWritten (23 bytes)
Event: 4.362 Thread 0x0000020822248010 nmethod 7571 0x000002080b7a8d90 code [0x000002080b7a8f40, 0x000002080b7a9168]
Event: 4.362 Thread 0x0000020822235f60 nmethod 7570 0x000002080b7a9290 code [0x000002080b7a9460, 0x000002080b7a97c8]
Event: 4.373 Thread 0x0000020822095400 7572       4       java.io.File::isInvalid (47 bytes)
Event: 4.375 Thread 0x0000020822095400 nmethod 7572 0x00000208129ea490 code [0x00000208129ea620, 0x00000208129ea8b8]

GC Heap History (20 events):
Event: 2.591 GC heap after
{Heap after GC invocations=13 (full 0):
 garbage-first heap   total 86016K, used 47646K [0x0000000080000000, 0x0000000100000000)
  region size 1024K, 3 young (3072K), 3 survivors (3072K)
 Metaspace       used 44096K, committed 44544K, reserved 1114112K
  class space    used 5877K, committed 6080K, reserved 1048576K
}
Event: 2.819 GC heap before
{Heap before GC invocations=14 (full 0):
 garbage-first heap   total 92160K, used 71198K [0x0000000080000000, 0x0000000100000000)
  region size 1024K, 22 young (22528K), 3 survivors (3072K)
 Metaspace       used 47242K, committed 47744K, reserved 1114112K
  class space    used 6243K, committed 6464K, reserved 1048576K
}
Event: 2.822 GC heap after
{Heap after GC invocations=15 (full 0):
 garbage-first heap   total 92160K, used 49089K [0x0000000080000000, 0x0000000100000000)
  region size 1024K, 2 young (2048K), 2 survivors (2048K)
 Metaspace       used 47242K, committed 47744K, reserved 1114112K
  class space    used 6243K, committed 6464K, reserved 1048576K
}
Event: 3.030 GC heap before
{Heap before GC invocations=15 (full 0):
 garbage-first heap   total 92160K, used 72641K [0x0000000080000000, 0x0000000100000000)
  region size 1024K, 25 young (25600K), 2 survivors (2048K)
 Metaspace       used 49253K, committed 49728K, reserved 1114112K
  class space    used 6556K, committed 6784K, reserved 1048576K
}
Event: 3.033 GC heap after
{Heap after GC invocations=16 (full 0):
 garbage-first heap   total 110592K, used 51233K [0x0000000080000000, 0x0000000100000000)
  region size 1024K, 4 young (4096K), 4 survivors (4096K)
 Metaspace       used 49253K, committed 49728K, reserved 1114112K
  class space    used 6556K, committed 6784K, reserved 1048576K
}
Event: 3.279 GC heap before
{Heap before GC invocations=17 (full 0):
 garbage-first heap   total 110592K, used 90794K [0x0000000080000000, 0x0000000100000000)
  region size 1024K, 39 young (39936K), 4 survivors (4096K)
 Metaspace       used 52141K, committed 52672K, reserved 1114112K
  class space    used 6848K, committed 7040K, reserved 1048576K
}
Event: 3.282 GC heap after
{Heap after GC invocations=18 (full 0):
 garbage-first heap   total 110592K, used 56477K [0x0000000080000000, 0x0000000100000000)
  region size 1024K, 5 young (5120K), 5 survivors (5120K)
 Metaspace       used 52141K, committed 52672K, reserved 1114112K
  class space    used 6848K, committed 7040K, reserved 1048576K
}
Event: 3.293 GC heap before
{Heap before GC invocations=18 (full 0):
 garbage-first heap   total 110592K, used 57501K [0x0000000080000000, 0x0000000100000000)
  region size 1024K, 6 young (6144K), 5 survivors (5120K)
 Metaspace       used 52233K, committed 52800K, reserved 1114112K
  class space    used 6863K, committed 7104K, reserved 1048576K
}
Event: 3.296 GC heap after
{Heap after GC invocations=19 (full 0):
 garbage-first heap   total 110592K, used 56565K [0x0000000080000000, 0x0000000100000000)
  region size 1024K, 1 young (1024K), 1 survivors (1024K)
 Metaspace       used 52233K, committed 52800K, reserved 1114112K
  class space    used 6863K, committed 7104K, reserved 1048576K
}
Event: 3.625 GC heap before
{Heap before GC invocations=19 (full 0):
 garbage-first heap   total 110592K, used 88309K [0x0000000080000000, 0x0000000100000000)
  region size 1024K, 33 young (33792K), 1 survivors (1024K)
 Metaspace       used 56433K, committed 56960K, reserved 1114112K
  class space    used 7561K, committed 7808K, reserved 1048576K
}
Event: 3.627 GC heap after
{Heap after GC invocations=20 (full 0):
 garbage-first heap   total 110592K, used 57927K [0x0000000080000000, 0x0000000100000000)
  region size 1024K, 3 young (3072K), 3 survivors (3072K)
 Metaspace       used 56433K, committed 56960K, reserved 1114112K
  class space    used 7561K, committed 7808K, reserved 1048576K
}
Event: 3.907 GC heap before
{Heap before GC invocations=21 (full 0):
 garbage-first heap   total 110592K, used 89671K [0x0000000080000000, 0x0000000100000000)
  region size 1024K, 34 young (34816K), 3 survivors (3072K)
 Metaspace       used 59403K, committed 60032K, reserved 1114112K
  class space    used 8077K, committed 8384K, reserved 1048576K
}
Event: 3.909 GC heap after
{Heap after GC invocations=22 (full 0):
 garbage-first heap   total 110592K, used 60119K [0x0000000080000000, 0x0000000100000000)
  region size 1024K, 5 young (5120K), 5 survivors (5120K)
 Metaspace       used 59403K, committed 60032K, reserved 1114112K
  class space    used 8077K, committed 8384K, reserved 1048576K
}
Event: 3.917 GC heap before
{Heap before GC invocations=22 (full 0):
 garbage-first heap   total 110592K, used 61143K [0x0000000080000000, 0x0000000100000000)
  region size 1024K, 6 young (6144K), 5 survivors (5120K)
 Metaspace       used 59499K, committed 60160K, reserved 1114112K
  class space    used 8086K, committed 8384K, reserved 1048576K
}
Event: 3.919 GC heap after
{Heap after GC invocations=23 (full 0):
 garbage-first heap   total 110592K, used 60174K [0x0000000080000000, 0x0000000100000000)
  region size 1024K, 1 young (1024K), 1 survivors (1024K)
 Metaspace       used 59499K, committed 60160K, reserved 1114112K
  class space    used 8086K, committed 8384K, reserved 1048576K
}
Event: 4.163 GC heap before
{Heap before GC invocations=23 (full 0):
 garbage-first heap   total 110592K, used 88846K [0x0000000080000000, 0x0000000100000000)
  region size 1024K, 30 young (30720K), 1 survivors (1024K)
 Metaspace       used 61410K, committed 62080K, reserved 1114112K
  class space    used 8336K, committed 8640K, reserved 1048576K
}
Event: 4.166 GC heap after
{Heap after GC invocations=24 (full 0):
 garbage-first heap   total 110592K, used 63154K [0x0000000080000000, 0x0000000100000000)
  region size 1024K, 4 young (4096K), 4 survivors (4096K)
 Metaspace       used 61410K, committed 62080K, reserved 1114112K
  class space    used 8336K, committed 8640K, reserved 1048576K
}
Event: 4.245 GC heap before
{Heap before GC invocations=25 (full 0):
 garbage-first heap   total 112640K, used 74418K [0x0000000080000000, 0x0000000100000000)
  region size 1024K, 17 young (17408K), 4 survivors (4096K)
 Metaspace       used 61661K, committed 62336K, reserved 1114112K
  class space    used 8357K, committed 8640K, reserved 1048576K
}
Event: 4.248 GC heap after
{Heap after GC invocations=26 (full 0):
 garbage-first heap   total 112640K, used 65276K [0x0000000080000000, 0x0000000100000000)
  region size 1024K, 3 young (3072K), 3 survivors (3072K)
 Metaspace       used 61661K, committed 62336K, reserved 1114112K
  class space    used 8357K, committed 8640K, reserved 1048576K
}
Event: 4.380 GC heap before
{Heap before GC invocations=27 (full 0):
 garbage-first heap   total 124928K, used 103164K [0x0000000080000000, 0x0000000100000000)
  region size 1024K, 28 young (28672K), 3 survivors (3072K)
 Metaspace       used 62821K, committed 63488K, reserved 1114112K
  class space    used 8516K, committed 8832K, reserved 1048576K
}

Dll operation events (3 events):
Event: 0.004 Loaded shared library D:\Android\jbr\bin\java.dll
Event: 0.082 Loaded shared library D:\Android\jbr\bin\zip.dll
Event: 0.238 Loaded shared library D:\Android\jbr\bin\verify.dll

Deoptimization events (20 events):
Event: 4.315 Thread 0x000002082894a850 Uncommon trap: trap_request=0xffffffde fr.pc=0x000002081299a820 relative=0x0000000000000180
Event: 4.315 Thread 0x000002082894a850 Uncommon trap: reason=class_check action=maybe_recompile pc=0x000002081299a820 method=com.google.common.base.Objects.equal(Ljava/lang/Object;Ljava/lang/Object;)Z @ 11 c2
Event: 4.315 Thread 0x000002082894a850 DEOPT PACKING pc=0x000002081299a820 sp=0x000000e9814f55e0
Event: 4.316 Thread 0x000002082894a850 DEOPT UNPACKING pc=0x0000020811f569a3 sp=0x000000e9814f5588 mode 2
Event: 4.329 Thread 0x000002082894a850 Uncommon trap: trap_request=0xffffffde fr.pc=0x00000208127c3ab8 relative=0x0000000000000998
Event: 4.329 Thread 0x000002082894a850 Uncommon trap: reason=class_check action=maybe_recompile pc=0x00000208127c3ab8 method=java.io.BufferedInputStream.read1([BII)I @ 39 c2
Event: 4.329 Thread 0x000002082894a850 DEOPT PACKING pc=0x00000208127c3ab8 sp=0x000000e9814f6870
Event: 4.329 Thread 0x000002082894a850 DEOPT UNPACKING pc=0x0000020811f569a3 sp=0x000000e9814f6788 mode 2
Event: 4.329 Thread 0x000002082894a850 DEOPT PACKING pc=0x000002080b2667d9 sp=0x000000e9814f6940
Event: 4.329 Thread 0x000002082894a850 DEOPT UNPACKING pc=0x0000020811f57143 sp=0x000000e9814f5e30 mode 0
Event: 4.330 Thread 0x000002082894a850 DEOPT PACKING pc=0x000002080b14164e sp=0x000000e9814f6970
Event: 4.330 Thread 0x000002082894a850 DEOPT UNPACKING pc=0x0000020811f57143 sp=0x000000e9814f5e38 mode 0
Event: 4.330 Thread 0x000002082894a850 Uncommon trap: trap_request=0xffffffde fr.pc=0x00000208127c3ab8 relative=0x0000000000000998
Event: 4.330 Thread 0x000002082894a850 Uncommon trap: reason=class_check action=maybe_recompile pc=0x00000208127c3ab8 method=java.io.BufferedInputStream.read1([BII)I @ 39 c2
Event: 4.330 Thread 0x000002082894a850 DEOPT PACKING pc=0x00000208127c3ab8 sp=0x000000e9814f6870
Event: 4.330 Thread 0x000002082894a850 DEOPT UNPACKING pc=0x0000020811f569a3 sp=0x000000e9814f6788 mode 2
Event: 4.330 Thread 0x000002082894a850 Uncommon trap: trap_request=0xffffffde fr.pc=0x00000208127c3ab8 relative=0x0000000000000998
Event: 4.330 Thread 0x000002082894a850 Uncommon trap: reason=class_check action=maybe_recompile pc=0x00000208127c3ab8 method=java.io.BufferedInputStream.read1([BII)I @ 39 c2
Event: 4.330 Thread 0x000002082894a850 DEOPT PACKING pc=0x00000208127c3ab8 sp=0x000000e9814f6870
Event: 4.330 Thread 0x000002082894a850 DEOPT UNPACKING pc=0x0000020811f569a3 sp=0x000000e9814f6788 mode 2

Classes unloaded (0 events):
No events

Classes redefined (0 events):
No events

Internal exceptions (20 events):
Event: 3.698 Thread 0x000002082894a850 Exception <a 'java/lang/ClassNotFoundException'{0x00000000863fd8d0}: org/gradle/api/internal/project/DefaultProjectCustomizer> (0x00000000863fd8d0) 
thrown [s\src\hotspot\share\classfile\systemDictionary.cpp, line 256]
Event: 3.700 Thread 0x000002082894a850 Exception <a 'java/lang/ClassNotFoundException'{0x00000000862a7690}: org/gradle/api/internal/project/DefaultProject_DecoratedCustomizer> (0x00000000862a7690) 
thrown [s\src\hotspot\share\classfile\systemDictionary.cpp, line 256]
Event: 3.791 Thread 0x000002082894a850 Exception <a 'java/lang/NoSuchMethodError'{0x00000000858c6ef0}: 'long java.lang.invoke.DirectMethodHandle$Holder.invokeStatic(java.lang.Object, long)'> (0x00000000858c6ef0) 
thrown [s\src\hotspot\share\interpreter\linkResolver.cpp, line 771]
Event: 3.881 Thread 0x000002082894a850 Exception <a 'java/lang/NoSuchMethodError'{0x00000000850ff250}: 'java.lang.Object java.lang.invoke.DirectMethodHandle$Holder.newInvokeSpecial(java.lang.Object, java.lang.Object, java.lang.Object, java.lang.Object, int)'> (0x00000000850ff250) 
thrown [s\src\hotspot\share\interpreter\linkResolver.cpp, line 771]
Event: 3.882 Thread 0x000002082894a850 Exception <a 'java/lang/NoSuchMethodError'{0x0000000084f04a50}: 'java.lang.Object java.lang.invoke.DirectMethodHandle$Holder.invokeSpecial(java.lang.Object, java.lang.Object, java.lang.Object, java.lang.Object, java.lang.Object, int)'> (0x0000000084f04a50) 
thrown [s\src\hotspot\share\interpreter\linkResolver.cpp, line 771]
Event: 3.882 Thread 0x000002082894a850 Exception <a 'java/lang/NoSuchMethodError'{0x0000000084f096e0}: 'java.lang.Object java.lang.invoke.Invokers$Holder.linkToTargetMethod(java.lang.Object, java.lang.Object, java.lang.Object, int, java.lang.Object)'> (0x0000000084f096e0) 
thrown [s\src\hotspot\share\interpreter\linkResolver.cpp, line 771]
Event: 3.903 Thread 0x000002082894a850 Exception <a 'java/lang/NoSuchMethodError'{0x0000000084d8e310}: static Lorg/gradle/api/internal/catalog/DefaultVersionCatalog;.<clinit>()V> (0x0000000084d8e310) 
thrown [s\src\hotspot\share\prims\jni.cpp, line 1108]
Event: 3.906 Thread 0x000002082894a850 Exception <a 'java/lang/NoSuchMethodError'{0x0000000084ddf628}: static [Ljava/lang/Object;.<clinit>()V> (0x0000000084ddf628) 
thrown [s\src\hotspot\share\prims\jni.cpp, line 1108]
Event: 3.909 Thread 0x000002082894a850 Exception <a 'java/lang/NoSuchMethodError'{0x0000000087715158}: static Lorg/gradle/api/internal/catalog/DependencyModel;.<clinit>()V> (0x0000000087715158) 
thrown [s\src\hotspot\share\prims\jni.cpp, line 1108]
Event: 3.909 Thread 0x000002082894a850 Exception <a 'java/lang/NoSuchMethodError'{0x0000000087718c30}: static Lorg/gradle/api/internal/catalog/AbstractContextAwareModel;.<clinit>()V> (0x0000000087718c30) 
thrown [s\src\hotspot\share\prims\jni.cpp, line 1108]
Event: 3.910 Thread 0x000002082894a850 Exception <a 'java/lang/NoSuchMethodError'{0x0000000087733648}: static Lorg/gradle/api/internal/artifacts/dependencies/AbstractVersionConstraint;.<clinit>()V> (0x0000000087733648) 
thrown [s\src\hotspot\share\prims\jni.cpp, line 1108]
Event: 3.913 Thread 0x000002082894a850 Exception <a 'java/lang/NoSuchMethodError'{0x0000000087795778}: static Lorg/gradle/api/internal/catalog/PluginModel;.<clinit>()V> (0x0000000087795778) 
thrown [s\src\hotspot\share\prims\jni.cpp, line 1108]
Event: 3.913 Thread 0x000002082894a850 Exception <a 'java/lang/NoSuchMethodError'{0x00000000877add48}: static Lorg/gradle/api/internal/catalog/VersionModel;.<clinit>()V> (0x00000000877add48) 
thrown [s\src\hotspot\share\prims\jni.cpp, line 1108]
Event: 3.951 Thread 0x000002082894a850 Exception <a 'java/lang/NoSuchMethodError'{0x000000008674bdf8}: 'int java.lang.invoke.DirectMethodHandle$Holder.invokeSpecialIFC(java.lang.Object, java.lang.Object, java.lang.Object)'> (0x000000008674bdf8) 
thrown [s\src\hotspot\share\interpreter\linkResolver.cpp, line 771]
Event: 3.980 Thread 0x000002082894a850 Exception <a 'java/lang/NoSuchMethodError'{0x00000000863001c0}: 'java.lang.Object java.lang.invoke.DirectMethodHandle$Holder.newInvokeSpecial(java.lang.Object, java.lang.Object, java.lang.Object, java.lang.Object, java.lang.Object, int)'> (0x00000000863001c0) 
thrown [s\src\hotspot\share\interpreter\linkResolver.cpp, line 771]
Event: 3.980 Thread 0x000002082894a850 Exception <a 'java/lang/NoSuchMethodError'{0x0000000086305ae0}: 'java.lang.Object java.lang.invoke.DirectMethodHandle$Holder.invokeSpecial(java.lang.Object, java.lang.Object, java.lang.Object, java.lang.Object, java.lang.Object, java.lang.Object, int)'> (0x0000000086305ae0) 
thrown [s\src\hotspot\share\interpreter\linkResolver.cpp, line 771]
Event: 3.982 Thread 0x000002082894a850 Exception <a 'java/lang/NoSuchMethodError'{0x000000008633b2d0}: 'java.lang.Object java.lang.invoke.DirectMethodHandle$Holder.invokeSpecial(java.lang.Object, java.lang.Object, java.lang.Object, java.lang.Object, java.lang.Object, long)'> (0x000000008633b2d0) 
thrown [s\src\hotspot\share\interpreter\linkResolver.cpp, line 771]
Event: 3.983 Thread 0x000002082894a850 Exception <a 'java/lang/NoSuchMethodError'{0x000000008635cf40}: 'void java.lang.invoke.DirectMethodHandle$Holder.invokeStatic(java.lang.Object, java.lang.Object, java.lang.Object, int, java.lang.Object)'> (0x000000008635cf40) 
thrown [s\src\hotspot\share\interpreter\linkResolver.cpp, line 771]
Event: 4.238 Thread 0x000002082894a850 Implicit null exception at 0x0000020812969b92 to 0x000002081296a1f4
Event: 4.238 Thread 0x000002082894a850 Implicit null exception at 0x000002081296b694 to 0x000002081296bd58

VM Operations (20 events):
Event: 3.921 Executing VM operation: HandshakeAllThreads done
Event: 4.064 Executing VM operation: ICBufferFull
Event: 4.064 Executing VM operation: ICBufferFull done
Event: 4.107 Executing VM operation: HandshakeAllThreads
Event: 4.107 Executing VM operation: HandshakeAllThreads done
Event: 4.136 Executing VM operation: ICBufferFull
Event: 4.136 Executing VM operation: ICBufferFull done
Event: 4.163 Executing VM operation: G1CollectForAllocation
Event: 4.166 Executing VM operation: G1CollectForAllocation done
Event: 4.182 Executing VM operation: G1PauseRemark
Event: 4.184 Executing VM operation: G1PauseRemark done
Event: 4.190 Executing VM operation: G1PauseCleanup
Event: 4.190 Executing VM operation: G1PauseCleanup done
Event: 4.245 Executing VM operation: G1TryInitiateConcMark
Event: 4.248 Executing VM operation: G1TryInitiateConcMark done
Event: 4.263 Executing VM operation: G1PauseRemark
Event: 4.265 Executing VM operation: G1PauseRemark done
Event: 4.272 Executing VM operation: G1PauseCleanup
Event: 4.272 Executing VM operation: G1PauseCleanup done
Event: 4.380 Executing VM operation: G1CollectForAllocation

Events (20 events):
Event: 3.996 loading class java/util/LinkedList$LLSpliterator done
Event: 4.096 loading class java/util/Collections$ReverseComparator
Event: 4.096 loading class java/util/Collections$ReverseComparator done
Event: 4.096 loading class java/util/Collections$ReverseComparator2
Event: 4.096 loading class java/util/Collections$ReverseComparator2 done
Event: 4.141 Thread 0x000002082872edf0 Thread added: 0x000002082872edf0
Event: 4.141 Thread 0x000002082872e8e0 Thread added: 0x000002082872e8e0
Event: 4.141 Thread 0x00000208287325a0 Thread added: 0x00000208287325a0
Event: 4.141 Thread 0x000002082872d9b0 Thread added: 0x000002082872d9b0
Event: 4.142 Thread 0x000002082872f300 Thread added: 0x000002082872f300
Event: 4.142 Thread 0x0000020828730c50 Thread added: 0x0000020828730c50
Event: 4.142 Thread 0x0000020828732ab0 Thread added: 0x0000020828732ab0
Event: 4.142 Thread 0x0000020828730740 Thread added: 0x0000020828730740
Event: 4.142 Thread 0x0000020828732fc0 Thread added: 0x0000020828732fc0
Event: 4.142 Thread 0x000002082872d4a0 Thread added: 0x000002082872d4a0
Event: 4.142 Thread 0x00000208287339e0 Thread added: 0x00000208287339e0
Event: 4.142 Thread 0x000002082872cf90 Thread added: 0x000002082872cf90
Event: 4.142 Thread 0x000002082872f810 Thread added: 0x000002082872f810
Event: 4.143 Thread 0x0000020828730230 Thread added: 0x0000020828730230
Event: 4.143 Thread 0x0000020828731160 Thread added: 0x0000020828731160


Dynamic libraries:
0x00007ff6c7d80000 - 0x00007ff6c7d8a000 	D:\Android\jbr\bin\java.exe
0x00007ffa1c730000 - 0x00007ffa1c947000 	C:\WINDOWS\SYSTEM32\ntdll.dll
0x00007ffa1bfc0000 - 0x00007ffa1c084000 	C:\WINDOWS\System32\KERNEL32.DLL
0x00007ffa19db0000 - 0x00007ffa1a157000 	C:\WINDOWS\System32\KERNELBASE.dll
0x00007ffa19c90000 - 0x00007ffa19da1000 	C:\WINDOWS\System32\ucrtbase.dll
0x00007ffa03900000 - 0x00007ffa03917000 	D:\Android\jbr\bin\jli.dll
0x00007ffa0d700000 - 0x00007ffa0d71b000 	D:\Android\jbr\bin\VCRUNTIME140.dll
0x00007ffa1c190000 - 0x00007ffa1c33e000 	C:\WINDOWS\System32\USER32.dll
0x00007ffa1a340000 - 0x00007ffa1a366000 	C:\WINDOWS\System32\win32u.dll
0x00007ffa02340000 - 0x00007ffa025d3000 	C:\WINDOWS\WinSxS\amd64_microsoft.windows.common-controls_6595b64144ccf1df_6.0.22621.3527_none_270e469b73872a76\COMCTL32.dll
0x00007ffa1bab0000 - 0x00007ffa1bad9000 	C:\WINDOWS\System32\GDI32.dll
0x00007ffa1a9e0000 - 0x00007ffa1aa87000 	C:\WINDOWS\System32\msvcrt.dll
0x00007ffa1a160000 - 0x00007ffa1a279000 	C:\WINDOWS\System32\gdi32full.dll
0x00007ffa19bc0000 - 0x00007ffa19c5a000 	C:\WINDOWS\System32\msvcp_win.dll
0x00007ffa1be70000 - 0x00007ffa1bea1000 	C:\WINDOWS\System32\IMM32.DLL
0x00007ffa16410000 - 0x00007ffa1641c000 	D:\Android\jbr\bin\vcruntime140_1.dll
0x00007ff9e8a60000 - 0x00007ff9e8aed000 	D:\Android\jbr\bin\msvcp140.dll
0x00007ff98ba30000 - 0x00007ff98c6b3000 	D:\Android\jbr\bin\server\jvm.dll
0x00007ffa1b710000 - 0x00007ffa1b7c2000 	C:\WINDOWS\System32\ADVAPI32.dll
0x00007ffa1bf10000 - 0x00007ffa1bfb8000 	C:\WINDOWS\System32\sechost.dll
0x00007ffa19c60000 - 0x00007ffa19c88000 	C:\WINDOWS\System32\bcrypt.dll
0x00007ffa1c5d0000 - 0x00007ffa1c6e5000 	C:\WINDOWS\System32\RPCRT4.dll
0x00007ff9fc420000 - 0x00007ff9fc429000 	C:\WINDOWS\SYSTEM32\WSOCK32.dll
0x00007ffa19910000 - 0x00007ffa1995d000 	C:\WINDOWS\SYSTEM32\POWRPROF.dll
0x00007ffa1c0b0000 - 0x00007ffa1c121000 	C:\WINDOWS\System32\WS2_32.dll
0x00007ffa112b0000 - 0x00007ffa112e4000 	C:\WINDOWS\SYSTEM32\WINMM.dll
0x00007ffa10bc0000 - 0x00007ffa10bca000 	C:\WINDOWS\SYSTEM32\VERSION.dll
0x00007ffa198f0000 - 0x00007ffa19903000 	C:\WINDOWS\SYSTEM32\UMPDC.dll
0x00007ffa18a70000 - 0x00007ffa18a88000 	C:\WINDOWS\SYSTEM32\kernel.appcore.dll
0x00007ffa11440000 - 0x00007ffa1144a000 	D:\Android\jbr\bin\jimage.dll
0x00007ffa0ef30000 - 0x00007ffa0f162000 	C:\WINDOWS\SYSTEM32\DBGHELP.DLL
0x00007ffa1bae0000 - 0x00007ffa1be68000 	C:\WINDOWS\System32\combase.dll
0x00007ffa1b9d0000 - 0x00007ffa1baa7000 	C:\WINDOWS\System32\OLEAUT32.dll
0x00007ffa0e1a0000 - 0x00007ffa0e1d2000 	C:\WINDOWS\SYSTEM32\dbgcore.DLL
0x00007ffa1a370000 - 0x00007ffa1a3e9000 	C:\WINDOWS\System32\bcryptPrimitives.dll
0x00007ffa03920000 - 0x00007ffa0392e000 	D:\Android\jbr\bin\instrument.dll
0x00007ffa0c320000 - 0x00007ffa0c345000 	D:\Android\jbr\bin\java.dll
0x00007ffa08df0000 - 0x00007ffa08e08000 	D:\Android\jbr\bin\zip.dll
0x00007ffa1aab0000 - 0x00007ffa1b30c000 	C:\WINDOWS\System32\SHELL32.dll
0x00007ffa17990000 - 0x00007ffa18286000 	C:\WINDOWS\SYSTEM32\windows.storage.dll
0x00007ffa17850000 - 0x00007ffa1798e000 	C:\WINDOWS\SYSTEM32\wintypes.dll
0x00007ffa1a460000 - 0x00007ffa1a555000 	C:\WINDOWS\System32\SHCORE.dll
0x00007ffa1c3f0000 - 0x00007ffa1c44e000 	C:\WINDOWS\System32\shlwapi.dll
0x00007ffa19980000 - 0x00007ffa199a1000 	C:\WINDOWS\SYSTEM32\profapi.dll
0x00007ffa08da0000 - 0x00007ffa08db9000 	D:\Android\jbr\bin\net.dll
0x00007ffa131e0000 - 0x00007ffa13316000 	C:\WINDOWS\SYSTEM32\WINHTTP.dll
0x00007ffa18ee0000 - 0x00007ffa18f49000 	C:\WINDOWS\system32\mswsock.dll
0x00007ffa08c00000 - 0x00007ffa08c16000 	D:\Android\jbr\bin\nio.dll
0x00007ffa07e00000 - 0x00007ffa07e10000 	D:\Android\jbr\bin\verify.dll
0x00007ffa0c3b0000 - 0x00007ffa0c3d7000 	C:\Users\JEMAR\.gradle\native\c067742578af261105cb4f569cf0c3c89f3d7b1fecec35dd04571415982c5e48\windows-amd64\native-platform.dll
0x00007ff9c9050000 - 0x00007ff9c9194000 	C:\Users\JEMAR\.gradle\native\38dada09dfb8b06ba9b0570ebf7e218e3eb74d4ef43ca46872605cf95ebc2f47\windows-amd64\native-platform-file-events.dll
0x00007ffa08d90000 - 0x00007ffa08d99000 	D:\Android\jbr\bin\management.dll
0x00007ffa08bf0000 - 0x00007ffa08bfb000 	D:\Android\jbr\bin\management_ext.dll
0x00007ffa1b7d0000 - 0x00007ffa1b7d8000 	C:\WINDOWS\System32\PSAPI.DLL
0x00007ffa19140000 - 0x00007ffa1915b000 	C:\WINDOWS\SYSTEM32\CRYPTSP.dll
0x00007ffa189d0000 - 0x00007ffa18a05000 	C:\WINDOWS\system32\rsaenh.dll
0x00007ffa18fe0000 - 0x00007ffa19008000 	C:\WINDOWS\SYSTEM32\USERENV.dll
0x00007ffa19160000 - 0x00007ffa1916c000 	C:\WINDOWS\SYSTEM32\CRYPTBASE.dll
0x00007ffa184f0000 - 0x00007ffa1851d000 	C:\WINDOWS\SYSTEM32\IPHLPAPI.DLL
0x00007ffa1b7e0000 - 0x00007ffa1b7e9000 	C:\WINDOWS\System32\NSI.dll
0x00007ffa136d0000 - 0x00007ffa136e9000 	C:\WINDOWS\SYSTEM32\dhcpcsvc6.DLL
0x00007ffa13690000 - 0x00007ffa136af000 	C:\WINDOWS\SYSTEM32\dhcpcsvc.DLL
0x00007ffa18520000 - 0x00007ffa18618000 	C:\WINDOWS\SYSTEM32\DNSAPI.dll
0x00007ffa0d4d0000 - 0x00007ffa0d4d8000 	C:\WINDOWS\system32\wshunix.dll

dbghelp: loaded successfully - version: 4.0.5 - missing functions: none
symbol engine: initialized successfully - sym options: 0x614 - pdb path: .;D:\Android\jbr\bin;C:\WINDOWS\SYSTEM32;C:\WINDOWS\WinSxS\amd64_microsoft.windows.common-controls_6595b64144ccf1df_6.0.22621.3527_none_270e469b73872a76;D:\Android\jbr\bin\server;C:\Users\JEMAR\.gradle\native\c067742578af261105cb4f569cf0c3c89f3d7b1fecec35dd04571415982c5e48\windows-amd64;C:\Users\JEMAR\.gradle\native\38dada09dfb8b06ba9b0570ebf7e218e3eb74d4ef43ca46872605cf95ebc2f47\windows-amd64

VM Arguments:
jvm_args: --add-opens=java.base/java.util=ALL-UNNAMED --add-opens=java.base/java.lang=ALL-UNNAMED --add-opens=java.base/java.lang.invoke=ALL-UNNAMED --add-opens=java.prefs/java.util.prefs=ALL-UNNAMED --add-opens=java.base/java.nio.charset=ALL-UNNAMED --add-opens=java.base/java.net=ALL-UNNAMED --add-opens=java.base/java.util.concurrent.atomic=ALL-UNNAMED -Xmx2048m -Dfile.encoding=UTF-8 -Duser.country=PH -Duser.language=en -Duser.variant -javaagent:C:\Users\JEMAR\.gradle\wrapper\dists\gradle-8.4-bin\1w5dpkrfk8irigvoxmyhowfim\gradle-8.4\lib\agents\gradle-instrumentation-agent-8.4.jar 
java_command: org.gradle.launcher.daemon.bootstrap.GradleDaemon 8.4
java_class_path (initial): C:\Users\JEMAR\.gradle\wrapper\dists\gradle-8.4-bin\1w5dpkrfk8irigvoxmyhowfim\gradle-8.4\lib\gradle-launcher-8.4.jar
Launcher Type: SUN_STANDARD

[Global flags]
     intx CICompilerCount                          = 12                                        {product} {ergonomic}
     uint ConcGCThreads                            = 3                                         {product} {ergonomic}
     uint G1ConcRefinementThreads                  = 13                                        {product} {ergonomic}
   size_t G1HeapRegionSize                         = 1048576                                   {product} {ergonomic}
    uintx GCDrainStackTargetSize                   = 64                                        {product} {ergonomic}
   size_t InitialHeapSize                          = 125829120                                 {product} {ergonomic}
   size_t MarkStackSize                            = 4194304                                   {product} {ergonomic}
   size_t MaxHeapSize                              = 2147483648                                {product} {command line}
   size_t MaxNewSize                               = 1287651328                                {product} {ergonomic}
   size_t MinHeapDeltaBytes                        = 1048576                                   {product} {ergonomic}
   size_t MinHeapSize                              = 8388608                                   {product} {ergonomic}
    uintx NonNMethodCodeHeapSize                   = 7602480                                {pd product} {ergonomic}
    uintx NonProfiledCodeHeapSize                  = 122027880                              {pd product} {ergonomic}
    uintx ProfiledCodeHeapSize                     = 122027880                              {pd product} {ergonomic}
    uintx ReservedCodeCacheSize                    = 251658240                              {pd product} {ergonomic}
     bool SegmentedCodeCache                       = true                                      {product} {ergonomic}
   size_t SoftMaxHeapSize                          = 2147483648                             {manageable} {ergonomic}
     bool UseCompressedClassPointers               = true                           {product lp64_product} {ergonomic}
     bool UseCompressedOops                        = true                           {product lp64_product} {ergonomic}
     bool UseG1GC                                  = true                                      {product} {ergonomic}
     bool UseLargePagesIndividualAllocation        = false                                  {pd product} {ergonomic}

Logging:
Log output configuration:
 #0: stdout all=warning uptime,level,tags
 #1: stderr all=off uptime,level,tags

Environment Variables:
PATH=C:\Program Files\Common Files\Oracle\Java\javapath;C:\Windows\system32;C:\Windows;C:\Windows\System32\Wbem;C:\Windows\System32\WindowsPowerShell\v1.0\;C:\Windows\System32\OpenSSH\;C:\Program Files (x86)\NVIDIA Corporation\PhysX\Common;C:\WINDOWS\system32;C:\WINDOWS;C:\WINDOWS\System32\Wbem;C:\WINDOWS\System32\WindowsPowerShell\v1.0\;C:\WINDOWS\System32\OpenSSH\;C:\Program Files (x86)\Microsoft SQL Server\160\DTS\Binn\;C:\Program Files\dotnet\;C:\Program Files\Git\cmd;C:\Users\JEMAR\AppData\Local\Microsoft\WindowsApps;C:\Program Files\Azure Data Studio\bin
USERNAME=JEMAR
OS=Windows_NT
PROCESSOR_IDENTIFIER=AMD64 Family 25 Model 80 Stepping 0, AuthenticAMD
TMP=C:\Users\JEMAR\AppData\Local\Temp
TEMP=C:\Users\JEMAR\AppData\Local\Temp



Periodic native trim disabled

JNI global refs:
JNI global refs: 34, weak refs: 0

JNI global refs memory usage: 843, weak refs: 841

OOME stack traces (most recent first):
Classloader memory used:
Loader org.gradle.internal.classloader.VisitableURLClassLoader                         : 3808K
Loader bootstrap                                                                       : 2509K
Loader org.gradle.initialization.MixInLegacyTypesClassLoader                           : 1080K
Loader org.gradle.internal.classloader.VisitableURLClassLoader$InstrumentingVisitableURLClassLoader: 219K
Loader org.gradle.internal.classloader.VisitableURLClassLoader                         : 92324B
Loader jdk.internal.loader.ClassLoaders$PlatformClassLoader                            : 68197B
Loader jdk.internal.reflect.DelegatingClassLoader                                      : 35642B
Loader jdk.internal.loader.ClassLoaders$AppClassLoader                                 : 28453B
Loader org.gradle.groovy.scripts.internal.DefaultScriptCompilationHandler$ScriptClassLoader: 10833B
Loader org.codehaus.groovy.runtime.callsite.CallSiteClassLoader                        : 6362B

Classes loaded by more than one classloader:
Class Program                                                                         : loaded 4 times (x 72B)
Class org.gradle.internal.Cast                                                        : loaded 3 times (x 69B)
Class org.gradle.api.GradleException                                                  : loaded 3 times (x 80B)
Class com.google.common.collect.SingletonImmutableList                                : loaded 2 times (x 167B)
Class org.gradle.internal.classpath.ClassPath                                         : loaded 2 times (x 68B)
Class org.gradle.api.internal.classpath.DefaultModuleRegistry                         : loaded 2 times (x 84B)
Class org.gradle.internal.exceptions.NonGradleCauseExceptionsHolder                   : loaded 2 times (x 68B)
Class Settings_gradle$1$1                                                             : loaded 2 times (x 72B)
Class com.google.common.base.CharMatcher$JavaDigit                                    : loaded 2 times (x 109B)
Class com.google.common.base.CharMatcher$Digit                                        : loaded 2 times (x 110B)
Class com.intellij.openapi.externalSystem.model.ExternalSystemException               : loaded 2 times (x 84B)
Class org.gradle.api.Action                                                           : loaded 2 times (x 68B)
Class org.jetbrains.kotlin.idea.gradleTooling.model.samWithReceiver.SamWithReceiverModel: loaded 2 times (x 68B)
Class com.google.common.collect.Lists$StringAsImmutableList                           : loaded 2 times (x 167B)
Class org.jetbrains.plugins.gradle.model.ExternalProject                              : loaded 2 times (x 68B)
Class org.jetbrains.plugins.gradle.model.IntelliJSettings                             : loaded 2 times (x 68B)
Class com.google.common.base.CharMatcher                                              : loaded 2 times (x 109B)
Class com.google.common.base.CharMatcher$IsNot                                        : loaded 2 times (x 109B)
Class com.google.common.base.Splitter                                                 : loaded 2 times (x 70B)
Class org.jetbrains.kotlin.idea.gradleTooling.KotlinMPPGradleModel                    : loaded 2 times (x 68B)
Class org.gradle.api.internal.DefaultClassPathProvider                                : loaded 2 times (x 74B)
Class org.gradle.internal.installation.GradleInstallation$1                           : loaded 2 times (x 73B)
Class com.google.common.base.CharMatcher$BitSetMatcher                                : loaded 2 times (x 110B)
Class ijInit1_7ngzwu4n3mkg26qew5tygvecr                                               : loaded 2 times (x 177B)
Class org.gradle.internal.exceptions.DefaultMultiCauseException                       : loaded 2 times (x 89B)
Class org.gradle.tooling.model.UnsupportedMethodException                             : loaded 2 times (x 80B)
Class org.gradle.internal.time.MonotonicClock                                         : loaded 2 times (x 75B)
Class com.google.common.base.Predicate                                                : loaded 2 times (x 68B)
Class org.gradle.internal.classloader.FilteringClassLoader                            : loaded 2 times (x 103B)
Class org.gradle.tooling.model.Model                                                  : loaded 2 times (x 68B)
Class org.gradle.internal.classpath.DefaultClassPath$ImmutableUniqueList$Builder      : loaded 2 times (x 73B)
Class sync_studio_tooling1822_82ct23grqck8lxhyq3bvo5x5c$_run_closure1                 : loaded 2 times (x 137B)
Class com.google.common.base.CharMatcher$InRange                                      : loaded 2 times (x 109B)
Class org.jetbrains.kotlin.idea.gradleTooling.KotlinSourceSetContainer                : loaded 2 times (x 68B)
Class com.google.common.collect.Lists                                                 : loaded 2 times (x 69B)
Class org.gradle.internal.classloader.ClassLoaderVisitor                              : loaded 2 times (x 74B)
Class org.gradle.internal.time.DefaultCountdownTimer                                  : loaded 2 times (x 86B)
Class org.gradle.internal.service.DefaultServiceLocator                               : loaded 2 times (x 81B)
Class org.gradle.internal.service.UnknownServiceException                             : loaded 2 times (x 81B)
Class org.jetbrains.plugins.gradle.model.DependencyAccessorsModel                     : loaded 2 times (x 68B)
Class org.gradle.internal.classloader.DefaultClassLoaderFactory                       : loaded 2 times (x 80B)
Class com.google.common.collect.UnmodifiableIterator                                  : loaded 2 times (x 78B)
Class com.google.common.base.CharMatcher$SingleWidth                                  : loaded 2 times (x 110B)
Class org.jetbrains.plugins.gradle.model.GradleExtensions                             : loaded 2 times (x 68B)
Class com.google.common.base.JdkPattern                                               : loaded 2 times (x 73B)
Class org.jetbrains.plugins.gradle.model.VersionCatalogsModel                         : loaded 2 times (x 68B)
Class org.gradle.internal.classloader.VisitableURLClassLoader$Spec                    : loaded 2 times (x 72B)
Class org.gradle.tooling.model.ProjectModel                                           : loaded 2 times (x 68B)
Class org.jetbrains.plugins.gradle.model.MavenRepositoryModel                         : loaded 2 times (x 68B)
Class com.google.common.base.CharMatcher$JavaLetterOrDigit                            : loaded 2 times (x 109B)
Class org.gradle.tooling.internal.gradle.DefaultProjectIdentifier                     : loaded 2 times (x 84B)
Class org.gradle.api.internal.classpath.ModuleRegistry                                : loaded 2 times (x 68B)
Class com.google.common.collect.ImmutableCollection                                   : loaded 2 times (x 123B)
Class org.jetbrains.plugins.gradle.model.RepositoriesModel                            : loaded 2 times (x 68B)
Class org.gradle.util.GradleVersion                                                   : loaded 2 times (x 81B)
Class org.gradle.api.internal.ClassPathProvider                                       : loaded 2 times (x 68B)
Class org.gradle.internal.classloader.ClasspathUtil$1                                 : loaded 2 times (x 74B)
Class com.google.common.collect.ImmutableList$ReverseImmutableList                    : loaded 2 times (x 168B)
Class org.gradle.internal.classloader.ClassLoaderFactory                              : loaded 2 times (x 68B)
Class com.google.common.collect.ObjectArrays                                          : loaded 2 times (x 69B)
Class com.google.common.collect.ImmutableList                                         : loaded 2 times (x 166B)
Class org.gradle.api.internal.classpath.ManifestUtil                                  : loaded 2 times (x 69B)
Class org.gradle.api.specs.Spec                                                       : loaded 2 times (x 68B)
Class com.google.common.base.CharMatcher$Whitespace                                   : loaded 2 times (x 110B)
Class org.gradle.tooling.internal.gradle.GradleBuildIdentity                          : loaded 2 times (x 68B)
Class com.google.common.base.Preconditions                                            : loaded 2 times (x 69B)
Class org.gradle.internal.IoActions                                                   : loaded 2 times (x 69B)
Class com.google.common.collect.CollectPreconditions                                  : loaded 2 times (x 69B)
Class com.google.common.collect.AbstractIndexedListIterator                           : loaded 2 times (x 94B)
Class com.google.common.base.CharMatcher$None                                         : loaded 2 times (x 110B)
Class org.gradle.api.internal.classpath.EffectiveClassPath                            : loaded 2 times (x 88B)
Class com.google.common.collect.UnmodifiableListIterator                              : loaded 2 times (x 93B)
Class kotlin.jvm.internal.DefaultConstructorMarker                                    : loaded 2 times (x 69B)
Class com.google.common.collect.ImmutableList$1                                       : loaded 2 times (x 95B)
Class com.google.common.base.Splitter$Strategy                                        : loaded 2 times (x 68B)
Class org.jetbrains.kotlin.idea.gradleTooling.model.annotation.AnnotationBasedPluginModel: loaded 2 times (x 68B)
Class org.jetbrains.kotlin.idea.gradleTooling.model.assignment.AssignmentModel        : loaded 2 times (x 68B)
Class org.gradle.internal.installation.CurrentGradleInstallation                      : loaded 2 times (x 71B)
Class org.gradle.internal.agents.InstrumentingClassLoader                             : loaded 2 times (x 68B)
Class org.gradle.internal.installation.CurrentGradleInstallationLocator               : loaded 2 times (x 69B)
Class org.gradle.api.internal.classpath.Module                                        : loaded 2 times (x 68B)
Class com.google.common.base.Splitter$1$1                                             : loaded 2 times (x 84B)
Class org.gradle.internal.service.CachingServiceLocator                               : loaded 2 times (x 80B)
Class org.gradle.internal.time.Timer                                                  : loaded 2 times (x 68B)
Class org.jetbrains.kotlin.idea.gradleTooling.KotlinDslScriptAdditionalTask           : loaded 2 times (x 68B)
Class org.jetbrains.plugins.gradle.model.tests.ExternalTestsModel                     : loaded 2 times (x 68B)
Class org.gradle.internal.classpath.DefaultClassPath                                  : loaded 2 times (x 88B)
Class com.google.common.base.Splitter$SplittingIterator                               : loaded 2 times (x 82B)
Class com.intellij.openapi.externalSystem.model.project.dependencies.ProjectDependencies: loaded 2 times (x 68B)
Class Build_gradle$1                                                                  : loaded 2 times (x 76B)
Class org.jetbrains.kotlin.idea.gradleTooling.PrepareKotlinIdeImportTaskModel         : loaded 2 times (x 68B)
Class org.gradle.internal.impldep.com.google.common.base.Preconditions                : loaded 2 times (x 69B)
Class kotlin.jvm.functions.Function1                                                  : loaded 2 times (x 68B)
Class com.google.common.base.CharMatcher$Is                                           : loaded 2 times (x 109B)
Class com.google.common.collect.RegularImmutableAsList                                : loaded 2 times (x 176B)
Class org.gradle.internal.time.Time                                                   : loaded 2 times (x 69B)
Class org.gradle.internal.time.TimeSource$1                                           : loaded 2 times (x 75B)
Class org.gradle.internal.classloader.SystemClassLoaderSpec                           : loaded 2 times (x 69B)
Class [Lcom.google.common.base.AbstractIterator$State;                                : loaded 2 times (x 67B)
Class com.google.common.base.AbstractIterator                                         : loaded 2 times (x 78B)
Class com.google.common.base.AbstractIterator$1                                       : loaded 2 times (x 69B)
Class kotlin.Function                                                                 : loaded 2 times (x 68B)
Class com.google.common.base.CharMatcher$1                                            : loaded 2 times (x 111B)
Class com.google.common.base.CharMatcher$Ascii                                        : loaded 2 times (x 110B)
Class org.gradle.api.UncheckedIOException                                             : loaded 2 times (x 80B)
Class com.google.common.base.CharMatcher$And                                          : loaded 2 times (x 110B)
Class com.google.common.base.CharMatcher$Any                                          : loaded 2 times (x 110B)
Class kotlin.jvm.internal.markers.KMappedMarker                                       : loaded 2 times (x 68B)
Class com.google.common.base.CharMatcher$RangesMatcher                                : loaded 2 times (x 110B)
Class org.gradle.tooling.internal.gradle.GradleProjectIdentity                        : loaded 2 times (x 68B)
Class com.google.common.collect.ImmutableList$SubList                                 : loaded 2 times (x 168B)
Class org.gradle.internal.time.CountdownTimer                                         : loaded 2 times (x 68B)
Class org.gradle.internal.time.Clock                                                  : loaded 2 times (x 68B)
Class org.gradle.internal.classloader.ClasspathUtil                                   : loaded 2 times (x 69B)
Class org.gradle.tooling.model.BuildIdentifier                                        : loaded 2 times (x 68B)
Class com.google.common.base.Splitter$1                                               : loaded 2 times (x 75B)
Class org.gradle.api.internal.DefaultClassPathRegistry                                : loaded 2 times (x 74B)
Class org.gradle.api.internal.classpath.DefaultModuleRegistry$DefaultModule           : loaded 2 times (x 84B)
Class com.google.common.base.CharMatcher$JavaIsoControl                               : loaded 2 times (x 110B)
Class com.google.common.base.CharMatcher$Or                                           : loaded 2 times (x 110B)
Class org.gradle.kotlin.dsl.VersionCatalogAccessorsKt                                 : loaded 2 times (x 69B)
Class org.gradle.internal.time.TimeSource                                             : loaded 2 times (x 68B)
Class org.jetbrains.kotlin.android.synthetic.idea.AndroidExtensionsGradleModel        : loaded 2 times (x 68B)
Class sync_studio_tooling1822_82ct23grqck8lxhyq3bvo5x5c                               : loaded 2 times (x 177B)
Class com.google.common.base.CharMatcher$JavaLowerCase                                : loaded 2 times (x 109B)
Class org.gradle.api.internal.classpath.UnknownModuleException                        : loaded 2 times (x 80B)
Class com.google.common.base.CommonPattern                                            : loaded 2 times (x 72B)
Class org.jetbrains.plugins.gradle.model.IntelliJProjectSettings                      : loaded 2 times (x 68B)
Class org.gradle.internal.service.ServiceLookupException                              : loaded 2 times (x 80B)
Class org.gradle.cache.GlobalCache                                                    : loaded 2 times (x 68B)
Class org.jetbrains.kotlin.idea.gradleTooling.model.lombok.LombokModel                : loaded 2 times (x 68B)
Class org.gradle.tooling.model.ProjectIdentifier                                      : loaded 2 times (x 68B)
Class com.google.common.base.CharMatcher$NegatedFastMatcher                           : loaded 2 times (x 111B)
Class [Lorg.gradle.api.internal.ClassPathProvider;                                    : loaded 2 times (x 67B)
Class org.gradle.internal.operations.MultipleBuildOperationFailures                   : loaded 2 times (x 89B)
Class org.gradle.util.internal.GUtil                                                  : loaded 2 times (x 69B)
Class org.jetbrains.plugins.gradle.model.AnnotationProcessingModel                    : loaded 2 times (x 68B)
Class org.gradle.internal.classloader.ClassLoaderSpec                                 : loaded 2 times (x 69B)
Class com.google.common.base.NullnessCasts                                            : loaded 2 times (x 69B)
Class com.google.common.base.CharMatcher$Negated                                      : loaded 2 times (x 111B)
Class org.jetbrains.plugins.gradle.model.BuildScriptClasspathModel                    : loaded 2 times (x 68B)
Class com.google.common.base.CharMatcher$ForPredicate                                 : loaded 2 times (x 110B)
Class org.gradle.internal.classloader.VisitableURLClassLoader                         : loaded 2 times (x 115B)
Class org.gradle.internal.installation.GradleInstallation                             : loaded 2 times (x 73B)
Class Build_gradle                                                                    : loaded 2 times (x 70B)
Class org.gradle.api.internal.ClassPathRegistry                                       : loaded 2 times (x 68B)
Class org.gradle.internal.classloader.VisitableURLClassLoader$InstrumentingVisitableURLClassLoader: loaded 2 times (x 121B)
Class org.gradle.internal.classloader.ClassLoaderHierarchy                            : loaded 2 times (x 68B)
Class org.gradle.internal.exceptions.MultiCauseException                              : loaded 2 times (x 68B)
Class org.jetbrains.kotlin.idea.gradleTooling.model.parcelize.ParcelizeGradleModel    : loaded 2 times (x 68B)
Class com.google.common.base.AbstractIterator$State                                   : loaded 2 times (x 77B)
Class com.google.common.base.CharMatcher$NamedFastMatcher                             : loaded 2 times (x 110B)
Class org.gradle.internal.InternalTransformer                                         : loaded 2 times (x 68B)
Class org.jetbrains.kotlin.idea.gradleTooling.model.noarg.NoArgModel                  : loaded 2 times (x 68B)
Class org.jetbrains.kotlin.idea.gradleTooling.KotlinGradleModel                       : loaded 2 times (x 68B)
Class org.gradle.tooling.internal.gradle.DefaultBuildIdentifier                       : loaded 2 times (x 77B)
Class org.gradle.internal.service.ServiceLocator                                      : loaded 2 times (x 68B)
Class Settings_gradle$1                                                               : loaded 2 times (x 72B)
Class org.jetbrains.kotlin.idea.gradleTooling.model.allopen.AllOpenModel              : loaded 2 times (x 68B)
Class com.google.common.base.CharMatcher$Invisible                                    : loaded 2 times (x 110B)
Class com.google.common.base.CharMatcher$FastMatcher                                  : loaded 2 times (x 109B)
Class org.gradle.internal.classpath.DefaultClassPath$ImmutableUniqueList              : loaded 2 times (x 159B)
Class org.gradle.internal.time.DefaultTimer                                           : loaded 2 times (x 78B)
Class com.google.common.base.CharMatcher$JavaLetter                                   : loaded 2 times (x 109B)
Class org.gradle.internal.classpath.TransformedClassPath                              : loaded 2 times (x 94B)
Class Settings_gradle                                                                 : loaded 2 times (x 126B)
Class com.google.common.collect.ImmutableAsList                                       : loaded 2 times (x 169B)
Class com.google.common.base.CharMatcher$AnyOf                                        : loaded 2 times (x 110B)
Class com.google.common.base.CharMatcher$IsEither                                     : loaded 2 times (x 109B)
Class com.google.common.collect.RegularImmutableList                                  : loaded 2 times (x 172B)
Class com.google.common.base.CharMatcher$JavaUpperCase                                : loaded 2 times (x 109B)


---------------  S Y S T E M  ---------------

OS:
 Windows 11 , 64 bit Build 22621 (10.0.22621.3527)
OS uptime: 1 days 0:37 hours

CPU: total 16 (initial active 16) (16 cores per cpu, 2 threads per core) family 25 model 80 stepping 0 microcode 0x0, cx8, cmov, fxsr, ht, mmx, 3dnowpref, sse, sse2, sse3, ssse3, sse4a, sse4.1, sse4.2, popcnt, lzcnt, tsc, tscinvbit, avx, avx2, aes, erms, clmul, bmi1, bmi2, adx, sha, fma, vzeroupper, clflush, clflushopt
Processor Information for all 16 processors :
  Max Mhz: 3201, Current Mhz: 3201, Mhz Limit: 3201

Memory: 4k page, system-wide physical 7581M (961M free)
TotalPageFile size 24833M (AvailPageFile size 23M)
current process WorkingSet (physical memory assigned to process): 341M, peak: 341M
current process commit charge ("private bytes"): 387M, peak: 510M

vm_info: OpenJDK 64-Bit Server VM (17.0.9+0--11185874) for windows-amd64 JRE (17.0.9+0--11185874), built on Dec  6 2023 18:57:44 by "androidbuild" with MS VC++ 16.10 / 16.11 (VS2019)

END.
