#
# There is insufficient memory for the Java Runtime Environment to continue.
# Native memory allocation (malloc) failed to allocate 722576 bytes for Chunk::new
# Possible reasons:
#   The system is out of physical RAM or swap space
#   The process is running with CompressedOops enabled, and the Java Heap may be blocking the growth of the native heap
# Possible solutions:
#   Reduce memory load on the system
#   Increase physical memory or swap space
#   Check if swap backing store is full
#   Decrease Java heap size (-Xmx/-Xms)
#   Decrease number of Java threads
#   Decrease Java thread stack sizes (-Xss)
#   Set larger code cache with -XX:ReservedCodeCacheSize=
#   JVM is running with Unscaled Compressed Oops mode in which the Java heap is
#     placed in the first 4GB address space. The Java Heap base address is the
#     maximum limit for the native heap growth. Please use -XX:HeapBaseMinAddress
#     to set the Java Heap base and to place the Java Heap above 4GB virtual address.
# This output file may be truncated or incomplete.
#
#  Out of Memory Error (arena.cpp:191), pid=10760, tid=11088
#
# JRE version: OpenJDK Runtime Environment (17.0.9) (build 17.0.9+0--11185874)
# Java VM: OpenJDK 64-Bit Server VM (17.0.9+0--11185874, mixed mode, tiered, compressed oops, compressed class ptrs, g1 gc, windows-amd64)
# No core dump will be written. Minidumps are not enabled by default on client versions of Windows
#

---------------  S U M M A R Y ------------

Command Line: --add-opens=java.base/java.util=ALL-UNNAMED --add-opens=java.base/java.lang=ALL-UNNAMED --add-opens=java.base/java.lang.invoke=ALL-UNNAMED --add-opens=java.prefs/java.util.prefs=ALL-UNNAMED --add-opens=java.base/java.nio.charset=ALL-UNNAMED --add-opens=java.base/java.net=ALL-UNNAMED --add-opens=java.base/java.util.concurrent.atomic=ALL-UNNAMED -Xmx2048m -Dfile.encoding=UTF-8 -Duser.country=PH -Duser.language=en -Duser.variant -javaagent:C:\Users\JEMAR\.gradle\wrapper\dists\gradle-8.4-bin\1w5dpkrfk8irigvoxmyhowfim\gradle-8.4\lib\agents\gradle-instrumentation-agent-8.4.jar org.gradle.launcher.daemon.bootstrap.GradleDaemon 8.4

Host: AMD Ryzen 7 5800H with Radeon Graphics         , 16 cores, 7G,  Windows 11 , 64 bit Build 22621 (10.0.22621.3527)
Time: Fri May 31 20:10:11 2024 Malay Peninsula Standard Time elapsed time: 4.245435 seconds (0d 0h 0m 4s)

---------------  T H R E A D  ---------------

Current thread (0x000002b785980590):  JavaThread "C2 CompilerThread3" daemon [_thread_in_native, id=11088, stack(0x000000cd3c800000,0x000000cd3c900000)]


Current CompileTask:
C2:   4245 7463       4       com.google.common.collect.ImmutableSet$RegularSetBuilderImpl::add (68 bytes)

Stack: [0x000000cd3c800000,0x000000cd3c900000]
Native frames: (J=compiled Java code, j=interpreted, Vv=VM code, C=native code)
V  [jvm.dll+0x6886e9]
V  [jvm.dll+0x841e4a]
V  [jvm.dll+0x843a8e]
V  [jvm.dll+0x8440f3]
V  [jvm.dll+0x24c14f]
V  [jvm.dll+0xac44c]
V  [jvm.dll+0xaca9c]
V  [jvm.dll+0x2b376f]
V  [jvm.dll+0x590767]
V  [jvm.dll+0x226762]
V  [jvm.dll+0x21fa02]
V  [jvm.dll+0x21d0c1]
V  [jvm.dll+0x1a674d]
V  [jvm.dll+0x22d088]
V  [jvm.dll+0x22b1c0]
V  [jvm.dll+0x7f62f7]
V  [jvm.dll+0x7f06aa]
V  [jvm.dll+0x687565]
C  [ucrtbase.dll+0x29333]
C  [KERNEL32.DLL+0x1257d]
C  [ntdll.dll+0x5aa48]


---------------  P R O C E S S  ---------------

Threads class SMR info:
_java_thread_list=0x000002b78613e910, length=74, elements={
0x000002b7e24eac50, 0x000002b7fce09ee0, 0x000002b7fce0ad60, 0x000002b7fcf6f6a0,
0x000002b7fcf71080, 0x000002b7fcf71c40, 0x000002b7fcf74610, 0x000002b7fcf753b0,
0x000002b7fcf76ba0, 0x000002b7fcf8a310, 0x000002b7fd082f10, 0x000002b7fd0c4e50,
0x000002b7fd28ac70, 0x000002b7fd2bfd80, 0x000002b7fd2bde10, 0x000002b7fd5e3f80,
0x000002b7fd5e2e30, 0x000002b7ff3bff60, 0x000002b7fe62c0a0, 0x000002b7feab68e0,
0x000002b7ffa9d4f0, 0x000002b7843a53a0, 0x000002b7ff0837a0, 0x000002b7ff083c80,
0x000002b7fdda0f40, 0x000002b7fdda37c0, 0x000002b7fdda1450, 0x000002b7fdda2380,
0x000002b7fdda1e70, 0x000002b7fdda2890, 0x000002b785980590, 0x000002b7fdda0010,
0x000002b7fdda0a30, 0x000002b7fdda2da0, 0x000002b7fdda32b0, 0x000002b7fdda0520,
0x000002b7866d6ea0, 0x000002b7866d4110, 0x000002b7866d5f70, 0x000002b7866d5040,
0x000002b7866d6480, 0x000002b7866d9210, 0x000002b7866d9c30, 0x000002b7866d9720,
0x000002b7866d5550, 0x000002b7866d5a60, 0x000002b7866da650, 0x000002b7866da140,
0x000002b7866d4620, 0x000002b785821180, 0x000002b7866d7dd0, 0x000002b7866d31e0,
0x000002b7866d8d00, 0x000002b7866dab60, 0x000002b7866d82e0, 0x000002b7866d36f0,
0x000002b7866d87f0, 0x000002b7866d4b30, 0x000002b7874f52d0, 0x000002b7874f7640,
0x000002b7874f3e90, 0x000002b7874f6200, 0x000002b7874f57e0, 0x000002b7874f43a0,
0x000002b7874f5cf0, 0x000002b7874f6710, 0x000002b7874f48b0, 0x000002b7874f4dc0,
0x000002b7874f6c20, 0x000002b7874f3470, 0x000002b7874f1b20, 0x000002b7874f7130,
0x000002b7874f7b50, 0x000002b7874f06e0
}

Java Threads: ( => current thread )
  0x000002b7e24eac50 JavaThread "main" [_thread_blocked, id=7232, stack(0x000000cd39500000,0x000000cd39600000)]
  0x000002b7fce09ee0 JavaThread "Reference Handler" daemon [_thread_blocked, id=26388, stack(0x000000cd39c00000,0x000000cd39d00000)]
  0x000002b7fce0ad60 JavaThread "Finalizer" daemon [_thread_blocked, id=6076, stack(0x000000cd39d00000,0x000000cd39e00000)]
  0x000002b7fcf6f6a0 JavaThread "Signal Dispatcher" daemon [_thread_blocked, id=4528, stack(0x000000cd39e00000,0x000000cd39f00000)]
  0x000002b7fcf71080 JavaThread "Attach Listener" daemon [_thread_blocked, id=3404, stack(0x000000cd39f00000,0x000000cd3a000000)]
  0x000002b7fcf71c40 JavaThread "Service Thread" daemon [_thread_blocked, id=14052, stack(0x000000cd3a000000,0x000000cd3a100000)]
  0x000002b7fcf74610 JavaThread "Monitor Deflation Thread" daemon [_thread_blocked, id=17828, stack(0x000000cd3a100000,0x000000cd3a200000)]
  0x000002b7fcf753b0 JavaThread "C2 CompilerThread0" daemon [_thread_blocked, id=4596, stack(0x000000cd3a200000,0x000000cd3a300000)]
  0x000002b7fcf76ba0 JavaThread "C1 CompilerThread0" daemon [_thread_in_vm, id=21964, stack(0x000000cd3a300000,0x000000cd3a400000)]
  0x000002b7fcf8a310 JavaThread "Sweeper thread" daemon [_thread_blocked, id=1780, stack(0x000000cd3a400000,0x000000cd3a500000)]
  0x000002b7fd082f10 JavaThread "Common-Cleaner" daemon [_thread_blocked, id=19180, stack(0x000000cd3a500000,0x000000cd3a600000)]
  0x000002b7fd0c4e50 JavaThread "C1 CompilerThread1" daemon [_thread_blocked, id=7272, stack(0x000000cd3a600000,0x000000cd3a700000)]
  0x000002b7fd28ac70 JavaThread "Notification Thread" daemon [_thread_blocked, id=15016, stack(0x000000cd3a700000,0x000000cd3a800000)]
  0x000002b7fd2bfd80 JavaThread "C2 CompilerThread1" daemon [_thread_blocked, id=25208, stack(0x000000cd3a900000,0x000000cd3aa00000)]
  0x000002b7fd2bde10 JavaThread "C2 CompilerThread2" daemon [_thread_in_native, id=18456, stack(0x000000cd3aa00000,0x000000cd3ab00000)]
  0x000002b7fd5e3f80 JavaThread "C1 CompilerThread2" daemon [_thread_blocked, id=17060, stack(0x000000cd3ab00000,0x000000cd3ac00000)]
  0x000002b7fd5e2e30 JavaThread "C1 CompilerThread3" daemon [_thread_blocked, id=8136, stack(0x000000cd3ac00000,0x000000cd3ad00000)]
  0x000002b7ff3bff60 JavaThread "Daemon health stats" [_thread_blocked, id=14680, stack(0x000000cd3b100000,0x000000cd3b200000)]
  0x000002b7fe62c0a0 JavaThread "Incoming local TCP Connector on port 60480" [_thread_in_native, id=6668, stack(0x000000cd3b200000,0x000000cd3b300000)]
  0x000002b7feab68e0 JavaThread "Daemon periodic checks" [_thread_blocked, id=20632, stack(0x000000cd3b300000,0x000000cd3b400000)]
  0x000002b7ffa9d4f0 JavaThread "Daemon" [_thread_blocked, id=22264, stack(0x000000cd3b400000,0x000000cd3b500000)]
  0x000002b7843a53a0 JavaThread "Handler for socket connection from /127.0.0.1:60480 to /127.0.0.1:60481" [_thread_in_native, id=4580, stack(0x000000cd3b500000,0x000000cd3b600000)]
  0x000002b7ff0837a0 JavaThread "Cancel handler" [_thread_blocked, id=17168, stack(0x000000cd3b600000,0x000000cd3b700000)]
  0x000002b7ff083c80 JavaThread "Daemon worker" [_thread_in_Java, id=23080, stack(0x000000cd3b700000,0x000000cd3b800000)]
  0x000002b7fdda0f40 JavaThread "Asynchronous log dispatcher for DefaultDaemonConnection: socket connection from /127.0.0.1:60480 to /127.0.0.1:60481" [_thread_blocked, id=20324, stack(0x000000cd3b800000,0x000000cd3b900000)]
  0x000002b7fdda37c0 JavaThread "Stdin handler" [_thread_blocked, id=26204, stack(0x000000cd3b900000,0x000000cd3ba00000)]
  0x000002b7fdda1450 JavaThread "Daemon client event forwarder" [_thread_blocked, id=9700, stack(0x000000cd3ba00000,0x000000cd3bb00000)]
  0x000002b7fdda2380 JavaThread "Cache worker for journal cache (C:\Users\JEMAR\.gradle\caches\journal-1)" [_thread_blocked, id=3484, stack(0x000000cd3c500000,0x000000cd3c600000)]
  0x000002b7fdda1e70 JavaThread "File lock request listener" [_thread_in_native, id=6476, stack(0x000000cd3c600000,0x000000cd3c700000)]
  0x000002b7fdda2890 JavaThread "Cache worker for file hash cache (C:\Users\JEMAR\.gradle\caches\8.4\fileHashes)" [_thread_blocked, id=11208, stack(0x000000cd3c700000,0x000000cd3c800000)]
=>0x000002b785980590 JavaThread "C2 CompilerThread3" daemon [_thread_in_native, id=11088, stack(0x000000cd3c800000,0x000000cd3c900000)]
  0x000002b7fdda0010 JavaThread "File watcher server" daemon [_thread_in_native, id=17668, stack(0x000000cd3c900000,0x000000cd3ca00000)]
  0x000002b7fdda0a30 JavaThread "File watcher consumer" daemon [_thread_blocked, id=17328, stack(0x000000cd3ca00000,0x000000cd3cb00000)]
  0x000002b7fdda2da0 JavaThread "jar transforms" [_thread_blocked, id=17508, stack(0x000000cd3cb00000,0x000000cd3cc00000)]
  0x000002b7fdda32b0 JavaThread "jar transforms Thread 2" [_thread_blocked, id=7108, stack(0x000000cd3cc00000,0x000000cd3cd00000)]
  0x000002b7fdda0520 JavaThread "jar transforms Thread 3" [_thread_blocked, id=2420, stack(0x000000cd3cd00000,0x000000cd3ce00000)]
  0x000002b7866d6ea0 JavaThread "jar transforms Thread 4" [_thread_blocked, id=14000, stack(0x000000cd3ce00000,0x000000cd3cf00000)]
  0x000002b7866d4110 JavaThread "jar transforms Thread 5" [_thread_blocked, id=22128, stack(0x000000cd3cf00000,0x000000cd3d000000)]
  0x000002b7866d5f70 JavaThread "jar transforms Thread 6" [_thread_blocked, id=10084, stack(0x000000cd3d000000,0x000000cd3d100000)]
  0x000002b7866d5040 JavaThread "jar transforms Thread 7" [_thread_blocked, id=5028, stack(0x000000cd3d100000,0x000000cd3d200000)]
  0x000002b7866d6480 JavaThread "jar transforms Thread 8" [_thread_blocked, id=17396, stack(0x000000cd3d200000,0x000000cd3d300000)]
  0x000002b7866d9210 JavaThread "jar transforms Thread 9" [_thread_blocked, id=14244, stack(0x000000cd3d300000,0x000000cd3d400000)]
  0x000002b7866d9c30 JavaThread "jar transforms Thread 10" [_thread_blocked, id=22752, stack(0x000000cd3d400000,0x000000cd3d500000)]
  0x000002b7866d9720 JavaThread "jar transforms Thread 11" [_thread_blocked, id=9612, stack(0x000000cd3d500000,0x000000cd3d600000)]
  0x000002b7866d5550 JavaThread "jar transforms Thread 12" [_thread_blocked, id=24040, stack(0x000000cd3d600000,0x000000cd3d700000)]
  0x000002b7866d5a60 JavaThread "jar transforms Thread 13" [_thread_blocked, id=14384, stack(0x000000cd3d700000,0x000000cd3d800000)]
  0x000002b7866da650 JavaThread "jar transforms Thread 14" [_thread_blocked, id=22388, stack(0x000000cd3d800000,0x000000cd3d900000)]
  0x000002b7866da140 JavaThread "jar transforms Thread 15" [_thread_blocked, id=11960, stack(0x000000cd3d900000,0x000000cd3da00000)]
  0x000002b7866d4620 JavaThread "jar transforms Thread 16" [_thread_blocked, id=5696, stack(0x000000cd3da00000,0x000000cd3db00000)]
  0x000002b785821180 JavaThread "C2 CompilerThread4" daemon [_thread_in_native, id=26256, stack(0x000000cd3db00000,0x000000cd3dc00000)]
  0x000002b7866d7dd0 JavaThread "Cache worker for checksums cache (D:\INTPROG PROJECT\BV2\INTPROG PROJECT\.gradle\8.4\checksums)" [_thread_blocked, id=20156, stack(0x000000cd3dc00000,0x000000cd3dd00000)]
  0x000002b7866d31e0 JavaThread "Cache worker for file hash cache (D:\INTPROG PROJECT\BV2\INTPROG PROJECT\.gradle\8.4\fileHashes)" [_thread_blocked, id=16888, stack(0x000000cd3dd00000,0x000000cd3de00000)]
  0x000002b7866d8d00 JavaThread "Cache worker for cache directory md-supplier (C:\Users\JEMAR\.gradle\caches\8.4\md-supplier)" [_thread_blocked, id=24432, stack(0x000000cd3de00000,0x000000cd3df00000)]
  0x000002b7866dab60 JavaThread "Cache worker for file content cache (C:\Users\JEMAR\.gradle\caches\8.4\fileContent)" [_thread_blocked, id=21332, stack(0x000000cd3df00000,0x000000cd3e000000)]
  0x000002b7866d82e0 JavaThread "Cache worker for cache directory md-rule (C:\Users\JEMAR\.gradle\caches\8.4\md-rule)" [_thread_blocked, id=12164, stack(0x000000cd3e000000,0x000000cd3e100000)]
  0x000002b7866d36f0 JavaThread "Cache worker for execution history cache (C:\Users\JEMAR\.gradle\caches\8.4\executionHistory)" [_thread_blocked, id=14276, stack(0x000000cd3e100000,0x000000cd3e200000)]
  0x000002b7866d87f0 JavaThread "Cache worker for kotlin-dsl (C:\Users\JEMAR\.gradle\caches\8.4\kotlin-dsl)" [_thread_blocked, id=4412, stack(0x000000cd3e200000,0x000000cd3e300000)]
  0x000002b7866d4b30 JavaThread "Cache worker for dependencies-accessors (D:\INTPROG PROJECT\BV2\INTPROG PROJECT\.gradle\8.4\dependencies-accessors)" [_thread_blocked, id=5072, stack(0x000000cd3e300000,0x000000cd3e400000)]
  0x000002b7874f52d0 JavaThread "Cache worker for Build Output Cleanup Cache (D:\INTPROG PROJECT\BV2\INTPROG PROJECT\.gradle\buildOutputCleanup)" [_thread_blocked, id=17152, stack(0x000000cd3e400000,0x000000cd3e500000)]
  0x000002b7874f7640 JavaThread "Unconstrained build operations" [_thread_blocked, id=20020, stack(0x000000cd3e500000,0x000000cd3e600000)]
  0x000002b7874f3e90 JavaThread "Unconstrained build operations Thread 2" [_thread_blocked, id=19536, stack(0x000000cd3e600000,0x000000cd3e700000)]
  0x000002b7874f6200 JavaThread "Unconstrained build operations Thread 3" [_thread_blocked, id=5252, stack(0x000000cd3e700000,0x000000cd3e800000)]
  0x000002b7874f57e0 JavaThread "Unconstrained build operations Thread 4" [_thread_blocked, id=7256, stack(0x000000cd3e800000,0x000000cd3e900000)]
  0x000002b7874f43a0 JavaThread "Unconstrained build operations Thread 5" [_thread_blocked, id=17920, stack(0x000000cd3e900000,0x000000cd3ea00000)]
  0x000002b7874f5cf0 JavaThread "Unconstrained build operations Thread 6" [_thread_blocked, id=15656, stack(0x000000cd3ea00000,0x000000cd3eb00000)]
  0x000002b7874f6710 JavaThread "Unconstrained build operations Thread 7" [_thread_blocked, id=3800, stack(0x000000cd3eb00000,0x000000cd3ec00000)]
  0x000002b7874f48b0 JavaThread "Unconstrained build operations Thread 8" [_thread_blocked, id=1720, stack(0x000000cd3ec00000,0x000000cd3ed00000)]
  0x000002b7874f4dc0 JavaThread "Unconstrained build operations Thread 9" [_thread_blocked, id=8628, stack(0x000000cd3ed00000,0x000000cd3ee00000)]
  0x000002b7874f6c20 JavaThread "Unconstrained build operations Thread 10" [_thread_blocked, id=21248, stack(0x000000cd3ee00000,0x000000cd3ef00000)]
  0x000002b7874f3470 JavaThread "Unconstrained build operations Thread 11" [_thread_blocked, id=26068, stack(0x000000cd3ef00000,0x000000cd3f000000)]
  0x000002b7874f1b20 JavaThread "Unconstrained build operations Thread 12" [_thread_blocked, id=11908, stack(0x000000cd3f000000,0x000000cd3f100000)]
  0x000002b7874f7130 JavaThread "Unconstrained build operations Thread 13" [_thread_blocked, id=11632, stack(0x000000cd3f100000,0x000000cd3f200000)]
  0x000002b7874f7b50 JavaThread "Unconstrained build operations Thread 14" [_thread_blocked, id=25440, stack(0x000000cd3f200000,0x000000cd3f300000)]
  0x000002b7874f06e0 JavaThread "Unconstrained build operations Thread 15" [_thread_blocked, id=3348, stack(0x000000cd3f300000,0x000000cd3f400000)]

Other Threads:
  0x000002b7fce03820 VMThread "VM Thread" [stack: 0x000000cd39b00000,0x000000cd39c00000] [id=15588]
  0x000002b7e24eb8e0 WatcherThread [stack: 0x000000cd3a800000,0x000000cd3a900000] [id=16980]
  0x000002b7e2549a20 GCTaskThread "GC Thread#0" [stack: 0x000000cd39600000,0x000000cd39700000] [id=2544]
  0x000002b7fdeb2660 GCTaskThread "GC Thread#1" [stack: 0x000000cd3ad00000,0x000000cd3ae00000] [id=14700]
  0x000002b7fd6d1140 GCTaskThread "GC Thread#2" [stack: 0x000000cd3ae00000,0x000000cd3af00000] [id=13812]
  0x000002b7fdef9a50 GCTaskThread "GC Thread#3" [stack: 0x000000cd3af00000,0x000000cd3b000000] [id=11824]
  0x000002b7fe89c360 GCTaskThread "GC Thread#4" [stack: 0x000000cd3b000000,0x000000cd3b100000] [id=23280]
  0x000002b7ff2d6810 GCTaskThread "GC Thread#5" [stack: 0x000000cd3bb00000,0x000000cd3bc00000] [id=21712]
  0x000002b7fe1cbb10 GCTaskThread "GC Thread#6" [stack: 0x000000cd3bc00000,0x000000cd3bd00000] [id=6064]
  0x000002b7fed87990 GCTaskThread "GC Thread#7" [stack: 0x000000cd3bd00000,0x000000cd3be00000] [id=26240]
  0x000002b7fe6ac030 GCTaskThread "GC Thread#8" [stack: 0x000000cd3be00000,0x000000cd3bf00000] [id=20304]
  0x000002b7fe6ac2f0 GCTaskThread "GC Thread#9" [stack: 0x000000cd3bf00000,0x000000cd3c000000] [id=18088]
  0x000002b7fe6ab270 GCTaskThread "GC Thread#10" [stack: 0x000000cd3c000000,0x000000cd3c100000] [id=4460]
  0x000002b7fe6ac5b0 GCTaskThread "GC Thread#11" [stack: 0x000000cd3c100000,0x000000cd3c200000] [id=1344]
  0x000002b7fe6acb30 GCTaskThread "GC Thread#12" [stack: 0x000000cd3c200000,0x000000cd3c300000] [id=8812]
  0x000002b7e255a970 ConcurrentGCThread "G1 Main Marker" [stack: 0x000000cd39700000,0x000000cd39800000] [id=9976]
  0x000002b7e255bb30 ConcurrentGCThread "G1 Conc#0" [stack: 0x000000cd39800000,0x000000cd39900000] [id=24272]
  0x000002b7fe6aafb0 ConcurrentGCThread "G1 Conc#1" [stack: 0x000000cd3c300000,0x000000cd3c400000] [id=15908]
  0x000002b7fe6ab530 ConcurrentGCThread "G1 Conc#2" [stack: 0x000000cd3c400000,0x000000cd3c500000] [id=25144]
  0x000002b7fcc58140 ConcurrentGCThread "G1 Refine#0" [stack: 0x000000cd39900000,0x000000cd39a00000] [id=19956]
  0x000002b786120360 ConcurrentGCThread "G1 Refine#1" [stack: 0x000000cd3f400000,0x000000cd3f500000] [id=7248]
  0x000002b7fcc5aa90 ConcurrentGCThread "G1 Service" [stack: 0x000000cd39a00000,0x000000cd39b00000] [id=21740]

Threads with active compile tasks:
C2 CompilerThread2     4258 7534   !   4       java.io.ObjectInputStream$BlockDataInputStream::readUTFSpan (502 bytes)
C2 CompilerThread3     4258 7463       4       com.google.common.collect.ImmutableSet$RegularSetBuilderImpl::add (68 bytes)
C2 CompilerThread4     4258 7375       4       org.gradle.internal.snapshot.ChildMap$Entry::handleAncestorDescendantOrExactMatch (110 bytes)

VM state: not at safepoint (normal execution)

VM Mutex/Monitor currently owned by a thread: None

Heap address: 0x0000000080000000, size: 2048 MB, Compressed Oops mode: 32-bit

CDS archive(s) not mapped
Compressed class space mapped at: 0x0000000100000000-0x0000000140000000, reserved size: 1073741824
Narrow klass base: 0x0000000000000000, Narrow klass shift: 3, Narrow klass range: 0x140000000

GC Precious Log:
 CPUs: 16 total, 16 available
 Memory: 7581M
 Large Page Support: Disabled
 NUMA Support: Disabled
 Compressed Oops: Enabled (32-bit)
 Heap Region Size: 1M
 Heap Min Capacity: 8M
 Heap Initial Capacity: 120M
 Heap Max Capacity: 2G
 Pre-touch: Disabled
 Parallel Workers: 13
 Concurrent Workers: 3
 Concurrent Refinement Workers: 13
 Periodic GC: Disabled

Heap:
 garbage-first heap   total 129024K, used 67393K [0x0000000080000000, 0x0000000100000000)
  region size 1024K, 6 young (6144K), 5 survivors (5120K)
 Metaspace       used 61657K, committed 62400K, reserved 1114112K
  class space    used 8358K, committed 8704K, reserved 1048576K

Heap Regions: E=young(eden), S=young(survivor), O=old, HS=humongous(starts), HC=humongous(continues), CS=collection set, F=free, OA=open archive, CA=closed archive, TAMS=top-at-mark-start (previous, next)
|   0|0x0000000080000000, 0x0000000080100000, 0x0000000080100000|100%|HS|  |TAMS 0x0000000080100000, 0x0000000080100000| Complete 
|   1|0x0000000080100000, 0x0000000080200000, 0x0000000080200000|100%|HC|  |TAMS 0x0000000080200000, 0x0000000080200000| Complete 
|   2|0x0000000080200000, 0x0000000080300000, 0x0000000080300000|100%|HC|  |TAMS 0x0000000080300000, 0x0000000080300000| Complete 
|   3|0x0000000080300000, 0x0000000080400000, 0x0000000080400000|100%|HC|  |TAMS 0x0000000080400000, 0x0000000080400000| Complete 
|   4|0x0000000080400000, 0x0000000080500000, 0x0000000080500000|100%| O|  |TAMS 0x0000000080500000, 0x0000000080500000| Untracked 
|   5|0x0000000080500000, 0x0000000080600000, 0x0000000080600000|100%| O|  |TAMS 0x0000000080600000, 0x0000000080600000| Untracked 
|   6|0x0000000080600000, 0x0000000080700000, 0x0000000080700000|100%| O|  |TAMS 0x0000000080700000, 0x0000000080700000| Untracked 
|   7|0x0000000080700000, 0x0000000080800000, 0x0000000080800000|100%| O|  |TAMS 0x0000000080800000, 0x0000000080800000| Untracked 
|   8|0x0000000080800000, 0x0000000080900000, 0x0000000080900000|100%| O|  |TAMS 0x0000000080900000, 0x0000000080900000| Untracked 
|   9|0x0000000080900000, 0x0000000080a00000, 0x0000000080a00000|100%| O|  |TAMS 0x0000000080a00000, 0x0000000080a00000| Untracked 
|  10|0x0000000080a00000, 0x0000000080a81c00, 0x0000000080b00000| 50%| O|  |TAMS 0x0000000080a81c00, 0x0000000080a81c00| Untracked 
|  11|0x0000000080b00000, 0x0000000080c00000, 0x0000000080c00000|100%| O|  |TAMS 0x0000000080c00000, 0x0000000080c00000| Untracked 
|  12|0x0000000080c00000, 0x0000000080d00000, 0x0000000080d00000|100%| O|  |TAMS 0x0000000080d00000, 0x0000000080d00000| Untracked 
|  13|0x0000000080d00000, 0x0000000080e00000, 0x0000000080e00000|100%| O|  |TAMS 0x0000000080e00000, 0x0000000080e00000| Untracked 
|  14|0x0000000080e00000, 0x0000000080f00000, 0x0000000080f00000|100%| O|  |TAMS 0x0000000080f00000, 0x0000000080f00000| Untracked 
|  15|0x0000000080f00000, 0x0000000081000000, 0x0000000081000000|100%| O|  |TAMS 0x0000000081000000, 0x0000000081000000| Untracked 
|  16|0x0000000081000000, 0x0000000081100000, 0x0000000081100000|100%| O|  |TAMS 0x0000000081100000, 0x0000000081100000| Untracked 
|  17|0x0000000081100000, 0x0000000081200000, 0x0000000081200000|100%| O|  |TAMS 0x0000000081200000, 0x0000000081200000| Untracked 
|  18|0x0000000081200000, 0x0000000081300000, 0x0000000081300000|100%| O|  |TAMS 0x0000000081300000, 0x0000000081300000| Untracked 
|  19|0x0000000081300000, 0x0000000081400000, 0x0000000081400000|100%|HS|  |TAMS 0x0000000081400000, 0x0000000081400000| Complete 
|  20|0x0000000081400000, 0x0000000081500000, 0x0000000081500000|100%|HC|  |TAMS 0x0000000081500000, 0x0000000081500000| Complete 
|  21|0x0000000081500000, 0x0000000081600000, 0x0000000081600000|100%|HS|  |TAMS 0x0000000081600000, 0x0000000081600000| Complete 
|  22|0x0000000081600000, 0x0000000081700000, 0x0000000081700000|100%|HC|  |TAMS 0x0000000081700000, 0x0000000081700000| Complete 
|  23|0x0000000081700000, 0x0000000081800000, 0x0000000081800000|100%|HC|  |TAMS 0x0000000081800000, 0x0000000081800000| Complete 
|  24|0x0000000081800000, 0x0000000081900000, 0x0000000081900000|100%|HS|  |TAMS 0x0000000081900000, 0x0000000081900000| Complete 
|  25|0x0000000081900000, 0x0000000081a00000, 0x0000000081a00000|100%|HC|  |TAMS 0x0000000081a00000, 0x0000000081a00000| Complete 
|  26|0x0000000081a00000, 0x0000000081b00000, 0x0000000081b00000|100%|HC|  |TAMS 0x0000000081b00000, 0x0000000081b00000| Complete 
|  27|0x0000000081b00000, 0x0000000081c00000, 0x0000000081c00000|100%|HS|  |TAMS 0x0000000081c00000, 0x0000000081c00000| Complete 
|  28|0x0000000081c00000, 0x0000000081d00000, 0x0000000081d00000|100%|HC|  |TAMS 0x0000000081d00000, 0x0000000081d00000| Complete 
|  29|0x0000000081d00000, 0x0000000081e00000, 0x0000000081e00000|100%|HC|  |TAMS 0x0000000081e00000, 0x0000000081e00000| Complete 
|  30|0x0000000081e00000, 0x0000000081f00000, 0x0000000081f00000|100%| O|  |TAMS 0x0000000081f00000, 0x0000000081f00000| Untracked 
|  31|0x0000000081f00000, 0x0000000082000000, 0x0000000082000000|100%| O|  |TAMS 0x0000000082000000, 0x0000000082000000| Untracked 
|  32|0x0000000082000000, 0x0000000082100000, 0x0000000082100000|100%| O|  |TAMS 0x0000000082100000, 0x0000000082100000| Untracked 
|  33|0x0000000082100000, 0x0000000082200000, 0x0000000082200000|100%| O|  |TAMS 0x0000000082200000, 0x0000000082200000| Untracked 
|  34|0x0000000082200000, 0x0000000082300000, 0x0000000082300000|100%| O|  |TAMS 0x0000000082300000, 0x0000000082300000| Untracked 
|  35|0x0000000082300000, 0x0000000082400000, 0x0000000082400000|100%| O|  |TAMS 0x0000000082400000, 0x0000000082400000| Untracked 
|  36|0x0000000082400000, 0x0000000082500000, 0x0000000082500000|100%| O|  |TAMS 0x0000000082500000, 0x0000000082500000| Untracked 
|  37|0x0000000082500000, 0x0000000082600000, 0x0000000082600000|100%| O|  |TAMS 0x0000000082600000, 0x0000000082600000| Untracked 
|  38|0x0000000082600000, 0x0000000082700000, 0x0000000082700000|100%| O|  |TAMS 0x0000000082700000, 0x0000000082700000| Untracked 
|  39|0x0000000082700000, 0x0000000082800000, 0x0000000082800000|100%| O|  |TAMS 0x0000000082800000, 0x0000000082800000| Untracked 
|  40|0x0000000082800000, 0x0000000082900000, 0x0000000082900000|100%| O|  |TAMS 0x0000000082900000, 0x0000000082900000| Untracked 
|  41|0x0000000082900000, 0x0000000082a00000, 0x0000000082a00000|100%| O|  |TAMS 0x0000000082a00000, 0x0000000082a00000| Untracked 
|  42|0x0000000082a00000, 0x0000000082b00000, 0x0000000082b00000|100%| O|  |TAMS 0x0000000082b00000, 0x0000000082b00000| Untracked 
|  43|0x0000000082b00000, 0x0000000082c00000, 0x0000000082c00000|100%| O|  |TAMS 0x0000000082c00000, 0x0000000082c00000| Untracked 
|  44|0x0000000082c00000, 0x0000000082d00000, 0x0000000082d00000|100%| O|  |TAMS 0x0000000082d00000, 0x0000000082d00000| Untracked 
|  45|0x0000000082d00000, 0x0000000082e00000, 0x0000000082e00000|100%|HS|  |TAMS 0x0000000082e00000, 0x0000000082e00000| Complete 
|  46|0x0000000082e00000, 0x0000000082f00000, 0x0000000082f00000|100%|HC|  |TAMS 0x0000000082f00000, 0x0000000082f00000| Complete 
|  47|0x0000000082f00000, 0x0000000083000000, 0x0000000083000000|100%|HC|  |TAMS 0x0000000083000000, 0x0000000083000000| Complete 
|  48|0x0000000083000000, 0x0000000083100000, 0x0000000083100000|100%| O|  |TAMS 0x0000000083100000, 0x0000000083100000| Untracked 
|  49|0x0000000083100000, 0x0000000083200000, 0x0000000083200000|100%| O|  |TAMS 0x0000000083200000, 0x0000000083200000| Untracked 
|  50|0x0000000083200000, 0x0000000083300000, 0x0000000083300000|100%| O|  |TAMS 0x00000000832fe800, 0x0000000083300000| Untracked 
|  51|0x0000000083300000, 0x0000000083400000, 0x0000000083400000|100%| O|  |TAMS 0x0000000083300000, 0x0000000083400000| Untracked 
|  52|0x0000000083400000, 0x0000000083500000, 0x0000000083500000|100%| O|  |TAMS 0x0000000083500000, 0x0000000083500000| Untracked 
|  53|0x0000000083500000, 0x0000000083600000, 0x0000000083600000|100%| O|  |TAMS 0x0000000083600000, 0x0000000083600000| Untracked 
|  54|0x0000000083600000, 0x0000000083700000, 0x0000000083700000|100%| O|  |TAMS 0x0000000083700000, 0x0000000083700000| Untracked 
|  55|0x0000000083700000, 0x0000000083800000, 0x0000000083800000|100%| O|  |TAMS 0x0000000083800000, 0x0000000083800000| Untracked 
|  56|0x0000000083800000, 0x0000000083900000, 0x0000000083900000|100%| O|  |TAMS 0x0000000083800000, 0x0000000083900000| Untracked 
|  57|0x0000000083900000, 0x0000000083a00000, 0x0000000083a00000|100%| O|  |TAMS 0x0000000083900000, 0x00000000839b3200| Untracked 
|  58|0x0000000083a00000, 0x0000000083b00000, 0x0000000083b00000|100%| O|  |TAMS 0x0000000083a00000, 0x0000000083a00000| Untracked 
|  59|0x0000000083b00000, 0x0000000083bae800, 0x0000000083c00000| 68%| O|  |TAMS 0x0000000083b00000, 0x0000000083b00000| Untracked 
|  60|0x0000000083c00000, 0x0000000083d00000, 0x0000000083d00000|100%|HS|  |TAMS 0x0000000083c00000, 0x0000000083c00000| Complete 
|  61|0x0000000083d00000, 0x0000000083e00000, 0x0000000083e00000|100%|HS|  |TAMS 0x0000000083d00000, 0x0000000083d00000| Complete 
|  62|0x0000000083e00000, 0x0000000083e00000, 0x0000000083f00000|  0%| F|  |TAMS 0x0000000083e00000, 0x0000000083e00000| Untracked 
|  63|0x0000000083f00000, 0x0000000083f00000, 0x0000000084000000|  0%| F|  |TAMS 0x0000000083f00000, 0x0000000083f00000| Untracked 
|  64|0x0000000084000000, 0x0000000084000000, 0x0000000084100000|  0%| F|  |TAMS 0x0000000084000000, 0x0000000084000000| Untracked 
|  65|0x0000000084100000, 0x0000000084100000, 0x0000000084200000|  0%| F|  |TAMS 0x0000000084100000, 0x0000000084100000| Untracked 
|  66|0x0000000084200000, 0x0000000084200000, 0x0000000084300000|  0%| F|  |TAMS 0x0000000084200000, 0x0000000084200000| Untracked 
|  67|0x0000000084300000, 0x0000000084300000, 0x0000000084400000|  0%| F|  |TAMS 0x0000000084300000, 0x0000000084300000| Untracked 
|  68|0x0000000084400000, 0x0000000084400000, 0x0000000084500000|  0%| F|  |TAMS 0x0000000084400000, 0x0000000084400000| Untracked 
|  69|0x0000000084500000, 0x0000000084500000, 0x0000000084600000|  0%| F|  |TAMS 0x0000000084500000, 0x0000000084500000| Untracked 
|  70|0x0000000084600000, 0x0000000084600000, 0x0000000084700000|  0%| F|  |TAMS 0x0000000084600000, 0x0000000084600000| Untracked 
|  71|0x0000000084700000, 0x0000000084700000, 0x0000000084800000|  0%| F|  |TAMS 0x0000000084700000, 0x0000000084700000| Untracked 
|  72|0x0000000084800000, 0x0000000084800000, 0x0000000084900000|  0%| F|  |TAMS 0x0000000084800000, 0x0000000084800000| Untracked 
|  73|0x0000000084900000, 0x0000000084900000, 0x0000000084a00000|  0%| F|  |TAMS 0x0000000084900000, 0x0000000084900000| Untracked 
|  74|0x0000000084a00000, 0x0000000084a00000, 0x0000000084b00000|  0%| F|  |TAMS 0x0000000084a00000, 0x0000000084a00000| Untracked 
|  75|0x0000000084b00000, 0x0000000084b00000, 0x0000000084c00000|  0%| F|  |TAMS 0x0000000084b00000, 0x0000000084b00000| Untracked 
|  76|0x0000000084c00000, 0x0000000084c00000, 0x0000000084d00000|  0%| F|  |TAMS 0x0000000084c00000, 0x0000000084c00000| Untracked 
|  77|0x0000000084d00000, 0x0000000084d00000, 0x0000000084e00000|  0%| F|  |TAMS 0x0000000084d00000, 0x0000000084d00000| Untracked 
|  78|0x0000000084e00000, 0x0000000084e00000, 0x0000000084f00000|  0%| F|  |TAMS 0x0000000084e00000, 0x0000000084e00000| Untracked 
|  79|0x0000000084f00000, 0x0000000084f00000, 0x0000000085000000|  0%| F|  |TAMS 0x0000000084f00000, 0x0000000084f00000| Untracked 
|  80|0x0000000085000000, 0x0000000085000000, 0x0000000085100000|  0%| F|  |TAMS 0x0000000085000000, 0x0000000085000000| Untracked 
|  81|0x0000000085100000, 0x0000000085100000, 0x0000000085200000|  0%| F|  |TAMS 0x0000000085100000, 0x0000000085100000| Untracked 
|  82|0x0000000085200000, 0x0000000085200000, 0x0000000085300000|  0%| F|  |TAMS 0x0000000085200000, 0x0000000085200000| Untracked 
|  83|0x0000000085300000, 0x0000000085300000, 0x0000000085400000|  0%| F|  |TAMS 0x0000000085300000, 0x0000000085300000| Untracked 
|  84|0x0000000085400000, 0x0000000085400000, 0x0000000085500000|  0%| F|  |TAMS 0x0000000085400000, 0x0000000085400000| Untracked 
|  85|0x0000000085500000, 0x0000000085500000, 0x0000000085600000|  0%| F|  |TAMS 0x0000000085500000, 0x0000000085500000| Untracked 
|  86|0x0000000085600000, 0x0000000085600000, 0x0000000085700000|  0%| F|  |TAMS 0x0000000085600000, 0x0000000085600000| Untracked 
|  87|0x0000000085700000, 0x0000000085700000, 0x0000000085800000|  0%| F|  |TAMS 0x0000000085700000, 0x0000000085700000| Untracked 
|  88|0x0000000085800000, 0x0000000085800000, 0x0000000085900000|  0%| F|  |TAMS 0x0000000085800000, 0x0000000085800000| Untracked 
|  89|0x0000000085900000, 0x0000000085900000, 0x0000000085a00000|  0%| F|  |TAMS 0x0000000085900000, 0x0000000085900000| Untracked 
|  90|0x0000000085a00000, 0x0000000085a00000, 0x0000000085b00000|  0%| F|  |TAMS 0x0000000085a00000, 0x0000000085a00000| Untracked 
|  91|0x0000000085b00000, 0x0000000085b00000, 0x0000000085c00000|  0%| F|  |TAMS 0x0000000085b00000, 0x0000000085b00000| Untracked 
|  92|0x0000000085c00000, 0x0000000085c00000, 0x0000000085d00000|  0%| F|  |TAMS 0x0000000085c00000, 0x0000000085c00000| Untracked 
|  93|0x0000000085d00000, 0x0000000085d00000, 0x0000000085e00000|  0%| F|  |TAMS 0x0000000085d00000, 0x0000000085d00000| Untracked 
|  94|0x0000000085e00000, 0x0000000085e00000, 0x0000000085f00000|  0%| F|  |TAMS 0x0000000085e00000, 0x0000000085e00000| Untracked 
|  95|0x0000000085f00000, 0x0000000085f00000, 0x0000000086000000|  0%| F|  |TAMS 0x0000000085f00000, 0x0000000085f00000| Untracked 
|  96|0x0000000086000000, 0x0000000086000000, 0x0000000086100000|  0%| F|  |TAMS 0x0000000086000000, 0x0000000086000000| Untracked 
|  97|0x0000000086100000, 0x0000000086100000, 0x0000000086200000|  0%| F|  |TAMS 0x0000000086100000, 0x0000000086100000| Untracked 
|  98|0x0000000086200000, 0x0000000086200000, 0x0000000086300000|  0%| F|  |TAMS 0x0000000086200000, 0x0000000086200000| Untracked 
|  99|0x0000000086300000, 0x0000000086300000, 0x0000000086400000|  0%| F|  |TAMS 0x0000000086300000, 0x0000000086300000| Untracked 
| 100|0x0000000086400000, 0x0000000086400000, 0x0000000086500000|  0%| F|  |TAMS 0x0000000086400000, 0x0000000086400000| Untracked 
| 101|0x0000000086500000, 0x0000000086500000, 0x0000000086600000|  0%| F|  |TAMS 0x0000000086500000, 0x0000000086500000| Untracked 
| 102|0x0000000086600000, 0x0000000086600000, 0x0000000086700000|  0%| F|  |TAMS 0x0000000086600000, 0x0000000086600000| Untracked 
| 103|0x0000000086700000, 0x0000000086700000, 0x0000000086800000|  0%| F|  |TAMS 0x0000000086700000, 0x0000000086700000| Untracked 
| 104|0x0000000086800000, 0x0000000086800000, 0x0000000086900000|  0%| F|  |TAMS 0x0000000086800000, 0x0000000086800000| Untracked 
| 105|0x0000000086900000, 0x00000000869a0358, 0x0000000086a00000| 62%| S|CS|TAMS 0x0000000086900000, 0x0000000086900000| Complete 
| 106|0x0000000086a00000, 0x0000000086b00000, 0x0000000086b00000|100%| S|CS|TAMS 0x0000000086a00000, 0x0000000086a00000| Complete 
| 107|0x0000000086b00000, 0x0000000086c00000, 0x0000000086c00000|100%| S|CS|TAMS 0x0000000086b00000, 0x0000000086b00000| Complete 
| 108|0x0000000086c00000, 0x0000000086d00000, 0x0000000086d00000|100%| S|CS|TAMS 0x0000000086c00000, 0x0000000086c00000| Complete 
| 109|0x0000000086d00000, 0x0000000086e00000, 0x0000000086e00000|100%| S|CS|TAMS 0x0000000086d00000, 0x0000000086d00000| Complete 
| 110|0x0000000086e00000, 0x0000000086e00000, 0x0000000086f00000|  0%| F|  |TAMS 0x0000000086e00000, 0x0000000086e00000| Untracked 
| 111|0x0000000086f00000, 0x0000000086f00000, 0x0000000087000000|  0%| F|  |TAMS 0x0000000086f00000, 0x0000000086f00000| Untracked 
| 112|0x0000000087000000, 0x0000000087000000, 0x0000000087100000|  0%| F|  |TAMS 0x0000000087000000, 0x0000000087000000| Untracked 
| 113|0x0000000087100000, 0x0000000087100000, 0x0000000087200000|  0%| F|  |TAMS 0x0000000087100000, 0x0000000087100000| Untracked 
| 114|0x0000000087200000, 0x0000000087200000, 0x0000000087300000|  0%| F|  |TAMS 0x0000000087200000, 0x0000000087200000| Untracked 
| 115|0x0000000087300000, 0x0000000087300000, 0x0000000087400000|  0%| F|  |TAMS 0x0000000087300000, 0x0000000087300000| Untracked 
| 116|0x0000000087400000, 0x0000000087400000, 0x0000000087500000|  0%| F|  |TAMS 0x0000000087400000, 0x0000000087400000| Untracked 
| 117|0x0000000087500000, 0x0000000087500000, 0x0000000087600000|  0%| F|  |TAMS 0x0000000087500000, 0x0000000087500000| Untracked 
| 118|0x0000000087600000, 0x0000000087600000, 0x0000000087700000|  0%| F|  |TAMS 0x0000000087600000, 0x0000000087600000| Untracked 
| 119|0x0000000087700000, 0x0000000087700000, 0x0000000087800000|  0%| F|  |TAMS 0x0000000087700000, 0x0000000087700000| Untracked 
| 120|0x0000000087800000, 0x0000000087800000, 0x0000000087900000|  0%| F|  |TAMS 0x0000000087800000, 0x0000000087800000| Untracked 
| 121|0x0000000087900000, 0x0000000087900000, 0x0000000087a00000|  0%| F|  |TAMS 0x0000000087900000, 0x0000000087900000| Untracked 
| 122|0x0000000087a00000, 0x0000000087a00000, 0x0000000087b00000|  0%| F|  |TAMS 0x0000000087a00000, 0x0000000087a00000| Untracked 
| 123|0x0000000087b00000, 0x0000000087b00000, 0x0000000087c00000|  0%| F|  |TAMS 0x0000000087b00000, 0x0000000087b00000| Untracked 
| 124|0x0000000087c00000, 0x0000000087c55b40, 0x0000000087d00000| 33%| E|  |TAMS 0x0000000087c00000, 0x0000000087c00000| Complete 
| 125|0x0000000087d00000, 0x0000000087e00000, 0x0000000087e00000|100%| E|CS|TAMS 0x0000000087d00000, 0x0000000087d00000| Complete 

Card table byte_map: [0x000002b7f5640000,0x000002b7f5a40000] _byte_map_base: 0x000002b7f5240000

Marking Bits (Prev, Next): (CMBitMap*) 0x000002b7e254a080, (CMBitMap*) 0x000002b7e254a040
 Prev Bits: [0x000002b7f7e40000, 0x000002b7f9e40000)
 Next Bits: [0x000002b7f5e40000, 0x000002b7f7e40000)

Polling page: 0x000002b7e0450000

Metaspace:

Usage:
  Non-class:     52.05 MB used.
      Class:      8.16 MB used.
       Both:     60.21 MB used.

Virtual space:
  Non-class space:       64.00 MB reserved,      52.44 MB ( 82%) committed,  1 nodes.
      Class space:        1.00 GB reserved,       8.50 MB ( <1%) committed,  1 nodes.
             Both:        1.06 GB reserved,      60.94 MB (  6%) committed. 

Chunk freelists:
   Non-Class:  11.29 MB
       Class:  7.55 MB
        Both:  18.85 MB

MaxMetaspaceSize: unlimited
CompressedClassSpaceSize: 1.00 GB
Initial GC threshold: 21.00 MB
Current GC threshold: 100.94 MB
CDS: off
MetaspaceReclaimPolicy: balanced
 - commit_granule_bytes: 65536.
 - commit_granule_words: 8192.
 - virtual_space_node_default_size: 8388608.
 - enlarge_chunks_in_place: 1.
 - new_chunks_are_fully_committed: 0.
 - uncommit_free_chunks: 1.
 - use_allocation_guard: 0.
 - handle_deallocations: 1.


Internal statistics:

num_allocs_failed_limit: 6.
num_arena_births: 754.
num_arena_deaths: 0.
num_vsnodes_births: 2.
num_vsnodes_deaths: 0.
num_space_committed: 975.
num_space_uncommitted: 0.
num_chunks_returned_to_freelist: 6.
num_chunks_taken_from_freelist: 2928.
num_chunk_merges: 6.
num_chunk_splits: 1896.
num_chunks_enlarged: 1238.
num_inconsistent_stats: 0.

CodeHeap 'non-profiled nmethods': size=119168Kb used=3631Kb max_used=3631Kb free=115537Kb
 bounds [0x000002b7ed560000, 0x000002b7ed8f0000, 0x000002b7f49c0000]
CodeHeap 'profiled nmethods': size=119104Kb used=13212Kb max_used=13212Kb free=105891Kb
 bounds [0x000002b7e59c0000, 0x000002b7e66b0000, 0x000002b7ece10000]
CodeHeap 'non-nmethods': size=7488Kb used=4017Kb max_used=4092Kb free=3470Kb
 bounds [0x000002b7ece10000, 0x000002b7ed220000, 0x000002b7ed560000]
 total_blobs=7657 nmethods=6806 adapters=759
 compilation: enabled
              stopped_count=0, restarted_count=0
 full_count=0

Compilation events (20 events):
Event: 4.238 Thread 0x000002b7fd0c4e50 nmethod 7504 0x000002b7e668cc90 code [0x000002b7e668cea0, 0x000002b7e668d6e8]
Event: 4.239 Thread 0x000002b7fd2bfd80 nmethod 7489 0x000002b7ed8ea110 code [0x000002b7ed8ea2e0, 0x000002b7ed8eafa8]
Event: 4.240 Thread 0x000002b7fcf76ba0 7509       3       java.util.stream.Stream::of (13 bytes)
Event: 4.240 Thread 0x000002b7fd5e3f80 7510       3       java.util.stream.Streams$StreamBuilderImpl::<init> (16 bytes)
Event: 4.240 Thread 0x000002b7fd0c4e50 7511       3       java.util.stream.Streams$AbstractStreamBuilderImpl::<init> (5 bytes)
Event: 4.240 Thread 0x000002b7fd0c4e50 nmethod 7511 0x000002b7e668da90 code [0x000002b7e668dc20, 0x000002b7e668dd78]
Event: 4.240 Thread 0x000002b7fd5e3f80 nmethod 7510 0x000002b7e668de10 code [0x000002b7e668dfc0, 0x000002b7e668e1f8]
Event: 4.240 Thread 0x000002b7fd5e2e30 7512       3       com.google.common.collect.ImmutableAsList::<init> (5 bytes)
Event: 4.240 Thread 0x000002b7fcf76ba0 nmethod 7509 0x000002b7e668e310 code [0x000002b7e668e4c0, 0x000002b7e668e7c8]
Event: 4.240 Thread 0x000002b7fd5e2e30 nmethod 7512 0x000002b7e668e910 code [0x000002b7e668eac0, 0x000002b7e668ed38]
Event: 4.240 Thread 0x000002b7fd5e3f80 7513       1       java.util.AbstractMap$SimpleImmutableEntry::getKey (5 bytes)
Event: 4.240 Thread 0x000002b7fd5e3f80 nmethod 7513 0x000002b7ed8eb310 code [0x000002b7ed8eb4a0, 0x000002b7ed8eb578]
Event: 4.240 Thread 0x000002b7fd0c4e50 7514       3       com.google.common.collect.ImmutableMap::isEmpty (13 bytes)
Event: 4.240 Thread 0x000002b7fd0c4e50 nmethod 7514 0x000002b7e668ee90 code [0x000002b7e668f040, 0x000002b7e668f268]
Event: 4.241 Thread 0x000002b7fd5e2e30 7515       3       java.util.stream.Streams$StreamBuilderImpl::forEachRemaining (30 bytes)
Event: 4.241 Thread 0x000002b7fd5e2e30 nmethod 7515 0x000002b7e668f310 code [0x000002b7e668f4e0, 0x000002b7e668f858]
Event: 4.244 Thread 0x000002b7fd0c4e50 7516       3       jdk.internal.reflect.ClassFileAssembler::opc_athrow (12 bytes)
Event: 4.244 Thread 0x000002b7fd0c4e50 nmethod 7516 0x000002b7e668f990 code [0x000002b7e668fb40, 0x000002b7e668fe08]
Event: 4.244 Thread 0x000002b7fd5e3f80 7517       1       org.gradle.api.internal.collections.AbstractIterationOrderRetainingElementSource::getInserted (5 bytes)
Event: 4.244 Thread 0x000002b7fd5e3f80 nmethod 7517 0x000002b7ed8eb610 code [0x000002b7ed8eb7a0, 0x000002b7ed8eb878]

GC Heap History (20 events):
Event: 2.387 GC heap before
{Heap before GC invocations=9 (full 0):
 garbage-first heap   total 86016K, used 67194K [0x0000000080000000, 0x0000000100000000)
  region size 1024K, 27 young (27648K), 1 survivors (1024K)
 Metaspace       used 40905K, committed 41280K, reserved 1114112K
  class space    used 5535K, committed 5696K, reserved 1048576K
}
Event: 2.389 GC heap after
{Heap after GC invocations=10 (full 0):
 garbage-first heap   total 86016K, used 42257K [0x0000000080000000, 0x0000000100000000)
  region size 1024K, 3 young (3072K), 3 survivors (3072K)
 Metaspace       used 40905K, committed 41280K, reserved 1114112K
  class space    used 5535K, committed 5696K, reserved 1048576K
}
Event: 2.528 GC heap before
{Heap before GC invocations=10 (full 0):
 garbage-first heap   total 86016K, used 66833K [0x0000000080000000, 0x0000000100000000)
  region size 1024K, 28 young (28672K), 3 survivors (3072K)
 Metaspace       used 43646K, committed 44032K, reserved 1114112K
  class space    used 5832K, committed 6016K, reserved 1048576K
}
Event: 2.530 GC heap after
{Heap after GC invocations=11 (full 0):
 garbage-first heap   total 86016K, used 45751K [0x0000000080000000, 0x0000000100000000)
  region size 1024K, 4 young (4096K), 4 survivors (4096K)
 Metaspace       used 43646K, committed 44032K, reserved 1114112K
  class space    used 5832K, committed 6016K, reserved 1048576K
}
Event: 2.599 GC heap before
{Heap before GC invocations=12 (full 0):
 garbage-first heap   total 86016K, used 53943K [0x0000000080000000, 0x0000000100000000)
  region size 1024K, 14 young (14336K), 4 survivors (4096K)
 Metaspace       used 44087K, committed 44480K, reserved 1114112K
  class space    used 5880K, committed 6080K, reserved 1048576K
}
Event: 2.601 GC heap after
{Heap after GC invocations=13 (full 0):
 garbage-first heap   total 86016K, used 45975K [0x0000000080000000, 0x0000000100000000)
  region size 1024K, 2 young (2048K), 2 survivors (2048K)
 Metaspace       used 44087K, committed 44480K, reserved 1114112K
  class space    used 5880K, committed 6080K, reserved 1048576K
}
Event: 2.848 GC heap before
{Heap before GC invocations=14 (full 0):
 garbage-first heap   total 89088K, used 72599K [0x0000000080000000, 0x0000000100000000)
  region size 1024K, 24 young (24576K), 2 survivors (2048K)
 Metaspace       used 47552K, committed 48064K, reserved 1114112K
  class space    used 6298K, committed 6528K, reserved 1048576K
}
Event: 2.851 GC heap after
{Heap after GC invocations=15 (full 0):
 garbage-first heap   total 89088K, used 47293K [0x0000000080000000, 0x0000000100000000)
  region size 1024K, 2 young (2048K), 2 survivors (2048K)
 Metaspace       used 47552K, committed 48064K, reserved 1114112K
  class space    used 6298K, committed 6528K, reserved 1048576K
}
Event: 3.048 GC heap before
{Heap before GC invocations=15 (full 0):
 garbage-first heap   total 89088K, used 69821K [0x0000000080000000, 0x0000000100000000)
  region size 1024K, 25 young (25600K), 2 survivors (2048K)
 Metaspace       used 49344K, committed 49856K, reserved 1114112K
  class space    used 6566K, committed 6784K, reserved 1048576K
}
Event: 3.051 GC heap after
{Heap after GC invocations=16 (full 0):
 garbage-first heap   total 107520K, used 49785K [0x0000000080000000, 0x0000000100000000)
  region size 1024K, 4 young (4096K), 4 survivors (4096K)
 Metaspace       used 49344K, committed 49856K, reserved 1114112K
  class space    used 6566K, committed 6784K, reserved 1048576K
}
Event: 3.166 GC heap before
{Heap before GC invocations=16 (full 0):
 garbage-first heap   total 107520K, used 66169K [0x0000000080000000, 0x0000000100000000)
  region size 1024K, 19 young (19456K), 4 survivors (4096K)
 Metaspace       used 50418K, committed 50880K, reserved 1114112K
  class space    used 6683K, committed 6912K, reserved 1048576K
}
Event: 3.170 GC heap after
{Heap after GC invocations=17 (full 0):
 garbage-first heap   total 107520K, used 55264K [0x0000000080000000, 0x0000000100000000)
  region size 1024K, 5 young (5120K), 5 survivors (5120K)
 Metaspace       used 50418K, committed 50880K, reserved 1114112K
  class space    used 6683K, committed 6912K, reserved 1048576K
}
Event: 3.400 GC heap before
{Heap before GC invocations=18 (full 0):
 garbage-first heap   total 107520K, used 84960K [0x0000000080000000, 0x0000000100000000)
  region size 1024K, 32 young (32768K), 5 survivors (5120K)
 Metaspace       used 53075K, committed 53632K, reserved 1114112K
  class space    used 7029K, committed 7296K, reserved 1048576K
}
Event: 3.403 GC heap after
{Heap after GC invocations=19 (full 0):
 garbage-first heap   total 107520K, used 56067K [0x0000000080000000, 0x0000000100000000)
  region size 1024K, 2 young (2048K), 2 survivors (2048K)
 Metaspace       used 53075K, committed 53632K, reserved 1114112K
  class space    used 7029K, committed 7296K, reserved 1048576K
}
Event: 3.679 GC heap before
{Heap before GC invocations=19 (full 0):
 garbage-first heap   total 107520K, used 84739K [0x0000000080000000, 0x0000000100000000)
  region size 1024K, 30 young (30720K), 2 survivors (2048K)
 Metaspace       used 56728K, committed 57344K, reserved 1114112K
  class space    used 7620K, committed 7936K, reserved 1048576K
}
Event: 3.681 GC heap after
{Heap after GC invocations=20 (full 0):
 garbage-first heap   total 107520K, used 57554K [0x0000000080000000, 0x0000000100000000)
  region size 1024K, 3 young (3072K), 3 survivors (3072K)
 Metaspace       used 56728K, committed 57344K, reserved 1114112K
  class space    used 7620K, committed 7936K, reserved 1048576K
}
Event: 3.910 GC heap before
{Heap before GC invocations=21 (full 0):
 garbage-first heap   total 107520K, used 86226K [0x0000000080000000, 0x0000000100000000)
  region size 1024K, 31 young (31744K), 3 survivors (3072K)
 Metaspace       used 59400K, committed 60032K, reserved 1114112K
  class space    used 8083K, committed 8384K, reserved 1048576K
}
Event: 3.912 GC heap after
{Heap after GC invocations=22 (full 0):
 garbage-first heap   total 107520K, used 59530K [0x0000000080000000, 0x0000000100000000)
  region size 1024K, 4 young (4096K), 4 survivors (4096K)
 Metaspace       used 59400K, committed 60032K, reserved 1114112K
  class space    used 8083K, committed 8384K, reserved 1048576K
}
Event: 4.155 GC heap before
{Heap before GC invocations=22 (full 0):
 garbage-first heap   total 107520K, used 86154K [0x0000000080000000, 0x0000000100000000)
  region size 1024K, 31 young (31744K), 4 survivors (4096K)
 Metaspace       used 61362K, committed 62016K, reserved 1114112K
  class space    used 8335K, committed 8640K, reserved 1048576K
}
Event: 4.158 GC heap after
{Heap after GC invocations=23 (full 0):
 garbage-first heap   total 129024K, used 62675K [0x0000000080000000, 0x0000000100000000)
  region size 1024K, 4 young (4096K), 4 survivors (4096K)
 Metaspace       used 61362K, committed 62016K, reserved 1114112K
  class space    used 8335K, committed 8640K, reserved 1048576K
}

Dll operation events (3 events):
Event: 0.005 Loaded shared library D:\Android\jbr\bin\java.dll
Event: 0.083 Loaded shared library D:\Android\jbr\bin\zip.dll
Event: 0.241 Loaded shared library D:\Android\jbr\bin\verify.dll

Deoptimization events (20 events):
Event: 4.201 Thread 0x000002b7ff083c80 DEOPT PACKING pc=0x000002b7ed5cb58c sp=0x000000cd3b7f8a70
Event: 4.201 Thread 0x000002b7ff083c80 DEOPT UNPACKING pc=0x000002b7ece669a3 sp=0x000000cd3b7f8948 mode 2
Event: 4.209 Thread 0x000002b7ff083c80 Uncommon trap: trap_request=0xffffff3d fr.pc=0x000002b7ed6c7c48 relative=0x0000000000000208
Event: 4.209 Thread 0x000002b7ff083c80 Uncommon trap: reason=unstable_fused_if action=reinterpret pc=0x000002b7ed6c7c48 method=org.objectweb.asm.ByteVector.putUTF8(Ljava/lang/String;)Lorg/objectweb/asm/ByteVector; @ 93 c2
Event: 4.209 Thread 0x000002b7ff083c80 DEOPT PACKING pc=0x000002b7ed6c7c48 sp=0x000000cd3b7f7f90
Event: 4.209 Thread 0x000002b7ff083c80 DEOPT UNPACKING pc=0x000002b7ece669a3 sp=0x000000cd3b7f7f10 mode 2
Event: 4.222 Thread 0x000002b7ff083c80 DEOPT PACKING pc=0x000002b7e59fc3e3 sp=0x000000cd3b7f8530
Event: 4.222 Thread 0x000002b7ff083c80 DEOPT UNPACKING pc=0x000002b7ece67143 sp=0x000000cd3b7f7a68 mode 0
Event: 4.224 Thread 0x000002b7ff083c80 DEOPT PACKING pc=0x000002b7e59fc3e3 sp=0x000000cd3b7f8530
Event: 4.224 Thread 0x000002b7ff083c80 DEOPT UNPACKING pc=0x000002b7ece67143 sp=0x000000cd3b7f7a68 mode 0
Event: 4.225 Thread 0x000002b7ff083c80 DEOPT PACKING pc=0x000002b7e59fc3e3 sp=0x000000cd3b7f8530
Event: 4.225 Thread 0x000002b7ff083c80 DEOPT UNPACKING pc=0x000002b7ece67143 sp=0x000000cd3b7f7a68 mode 0
Event: 4.243 Thread 0x000002b7ff083c80 Uncommon trap: trap_request=0xfffffff4 fr.pc=0x000002b7ed88aa08 relative=0x00000000000006a8
Event: 4.243 Thread 0x000002b7ff083c80 Uncommon trap: reason=null_check action=make_not_entrant pc=0x000002b7ed88aa08 method=org.gradle.util.internal.SimpleMapInterner.intern(Ljava/lang/Object;)Ljava/lang/Object; @ 2 c2
Event: 4.243 Thread 0x000002b7ff083c80 DEOPT PACKING pc=0x000002b7ed88aa08 sp=0x000000cd3b7f8d80
Event: 4.243 Thread 0x000002b7ff083c80 DEOPT UNPACKING pc=0x000002b7ece669a3 sp=0x000000cd3b7f8d48 mode 2
Event: 4.243 Thread 0x000002b7ff083c80 Uncommon trap: trap_request=0xffffff45 fr.pc=0x000002b7ed889788 relative=0x0000000000000728
Event: 4.243 Thread 0x000002b7ff083c80 Uncommon trap: reason=unstable_if action=reinterpret pc=0x000002b7ed889788 method=org.gradle.util.internal.SimpleMapInterner.intern(Ljava/lang/String;)Ljava/lang/String; @ 1 c2
Event: 4.243 Thread 0x000002b7ff083c80 DEOPT PACKING pc=0x000002b7ed889788 sp=0x000000cd3b7f8d10
Event: 4.243 Thread 0x000002b7ff083c80 DEOPT UNPACKING pc=0x000002b7ece669a3 sp=0x000000cd3b7f8cd8 mode 2

Classes unloaded (0 events):
No events

Classes redefined (0 events):
No events

Internal exceptions (20 events):
Event: 3.725 Thread 0x000002b7ff083c80 Exception <a 'java/lang/ClassNotFoundException'{0x00000000863d4218}: org/gradle/api/internal/project/DefaultProjectCustomizer> (0x00000000863d4218) 
thrown [s\src\hotspot\share\classfile\systemDictionary.cpp, line 256]
Event: 3.727 Thread 0x000002b7ff083c80 Exception <a 'java/lang/ClassNotFoundException'{0x000000008627de00}: org/gradle/api/internal/project/DefaultProject_DecoratedCustomizer> (0x000000008627de00) 
thrown [s\src\hotspot\share\classfile\systemDictionary.cpp, line 256]
Event: 3.798 Thread 0x000002b7ff083c80 Exception <a 'java/lang/NoSuchMethodError'{0x00000000858a5d28}: 'long java.lang.invoke.DirectMethodHandle$Holder.invokeStatic(java.lang.Object, long)'> (0x00000000858a5d28) 
thrown [s\src\hotspot\share\interpreter\linkResolver.cpp, line 771]
Event: 3.884 Thread 0x000002b7ff083c80 Exception <a 'java/lang/NoSuchMethodError'{0x00000000850e65c0}: 'java.lang.Object java.lang.invoke.DirectMethodHandle$Holder.newInvokeSpecial(java.lang.Object, java.lang.Object, java.lang.Object, java.lang.Object, int)'> (0x00000000850e65c0) 
thrown [s\src\hotspot\share\interpreter\linkResolver.cpp, line 771]
Event: 3.885 Thread 0x000002b7ff083c80 Exception <a 'java/lang/NoSuchMethodError'{0x00000000850eb8a0}: 'java.lang.Object java.lang.invoke.DirectMethodHandle$Holder.invokeSpecial(java.lang.Object, java.lang.Object, java.lang.Object, java.lang.Object, java.lang.Object, int)'> (0x00000000850eb8a0) 
thrown [s\src\hotspot\share\interpreter\linkResolver.cpp, line 771]
Event: 3.885 Thread 0x000002b7ff083c80 Exception <a 'java/lang/NoSuchMethodError'{0x00000000850f0530}: 'java.lang.Object java.lang.invoke.Invokers$Holder.linkToTargetMethod(java.lang.Object, java.lang.Object, java.lang.Object, int, java.lang.Object)'> (0x00000000850f0530) 
thrown [s\src\hotspot\share\interpreter\linkResolver.cpp, line 771]
Event: 3.905 Thread 0x000002b7ff083c80 Exception <a 'java/lang/NoSuchMethodError'{0x0000000084d74ac8}: static Lorg/gradle/api/internal/catalog/DefaultVersionCatalog;.<clinit>()V> (0x0000000084d74ac8) 
thrown [s\src\hotspot\share\prims\jni.cpp, line 1108]
Event: 3.908 Thread 0x000002b7ff083c80 Exception <a 'java/lang/NoSuchMethodError'{0x0000000084dc6b30}: static [Ljava/lang/Object;.<clinit>()V> (0x0000000084dc6b30) 
thrown [s\src\hotspot\share\prims\jni.cpp, line 1108]
Event: 3.909 Thread 0x000002b7ff083c80 Exception <a 'java/lang/NoSuchMethodError'{0x0000000084dfad10}: static Lorg/gradle/api/internal/catalog/DependencyModel;.<clinit>()V> (0x0000000084dfad10) 
thrown [s\src\hotspot\share\prims\jni.cpp, line 1108]
Event: 3.910 Thread 0x000002b7ff083c80 Exception <a 'java/lang/NoSuchMethodError'{0x0000000084dfe7e8}: static Lorg/gradle/api/internal/catalog/AbstractContextAwareModel;.<clinit>()V> (0x0000000084dfe7e8) 
thrown [s\src\hotspot\share\prims\jni.cpp, line 1108]
Event: 3.913 Thread 0x000002b7ff083c80 Exception <a 'java/lang/NoSuchMethodError'{0x0000000087718788}: static Lorg/gradle/api/internal/artifacts/dependencies/AbstractVersionConstraint;.<clinit>()V> (0x0000000087718788) 
thrown [s\src\hotspot\share\prims\jni.cpp, line 1108]
Event: 3.916 Thread 0x000002b7ff083c80 Exception <a 'java/lang/NoSuchMethodError'{0x0000000087777970}: static Lorg/gradle/api/internal/catalog/PluginModel;.<clinit>()V> (0x0000000087777970) 
thrown [s\src\hotspot\share\prims\jni.cpp, line 1108]
Event: 3.917 Thread 0x000002b7ff083c80 Exception <a 'java/lang/NoSuchMethodError'{0x0000000087790248}: static Lorg/gradle/api/internal/catalog/VersionModel;.<clinit>()V> (0x0000000087790248) 
thrown [s\src\hotspot\share\prims\jni.cpp, line 1108]
Event: 3.951 Thread 0x000002b7ff083c80 Exception <a 'java/lang/NoSuchMethodError'{0x0000000086428d88}: 'int java.lang.invoke.DirectMethodHandle$Holder.invokeSpecialIFC(java.lang.Object, java.lang.Object, java.lang.Object)'> (0x0000000086428d88) 
thrown [s\src\hotspot\share\interpreter\linkResolver.cpp, line 771]
Event: 3.982 Thread 0x000002b7ff083c80 Exception <a 'java/lang/NoSuchMethodError'{0x00000000861de820}: 'java.lang.Object java.lang.invoke.DirectMethodHandle$Holder.newInvokeSpecial(java.lang.Object, java.lang.Object, java.lang.Object, java.lang.Object, java.lang.Object, int)'> (0x00000000861de820) 
thrown [s\src\hotspot\share\interpreter\linkResolver.cpp, line 771]
Event: 3.982 Thread 0x000002b7ff083c80 Exception <a 'java/lang/NoSuchMethodError'{0x00000000861e3ed8}: 'java.lang.Object java.lang.invoke.DirectMethodHandle$Holder.invokeSpecial(java.lang.Object, java.lang.Object, java.lang.Object, java.lang.Object, java.lang.Object, java.lang.Object, int)'> (0x00000000861e3ed8) 
thrown [s\src\hotspot\share\interpreter\linkResolver.cpp, line 771]
Event: 3.984 Thread 0x000002b7ff083c80 Exception <a 'java/lang/NoSuchMethodError'{0x0000000086019ba8}: 'java.lang.Object java.lang.invoke.DirectMethodHandle$Holder.invokeSpecial(java.lang.Object, java.lang.Object, java.lang.Object, java.lang.Object, java.lang.Object, long)'> (0x0000000086019ba8) 
thrown [s\src\hotspot\share\interpreter\linkResolver.cpp, line 771]
Event: 3.985 Thread 0x000002b7ff083c80 Exception <a 'java/lang/NoSuchMethodError'{0x000000008603b818}: 'void java.lang.invoke.DirectMethodHandle$Holder.invokeStatic(java.lang.Object, java.lang.Object, java.lang.Object, int, java.lang.Object)'> (0x000000008603b818) 
thrown [s\src\hotspot\share\interpreter\linkResolver.cpp, line 771]
Event: 4.243 Thread 0x000002b7ff083c80 Implicit null exception at 0x000002b7ed88a392 to 0x000002b7ed88a9f8
Event: 4.243 Thread 0x000002b7ff083c80 Implicit null exception at 0x000002b7ed889094 to 0x000002b7ed889770

VM Operations (20 events):
Event: 3.891 Executing VM operation: ICBufferFull
Event: 3.891 Executing VM operation: ICBufferFull done
Event: 3.906 Executing VM operation: HandshakeAllThreads
Event: 3.906 Executing VM operation: HandshakeAllThreads done
Event: 3.910 Executing VM operation: G1CollectForAllocation
Event: 3.912 Executing VM operation: G1CollectForAllocation done
Event: 3.922 Executing VM operation: HandshakeAllThreads
Event: 3.922 Executing VM operation: HandshakeAllThreads done
Event: 4.060 Executing VM operation: ICBufferFull
Event: 4.060 Executing VM operation: ICBufferFull done
Event: 4.110 Executing VM operation: HandshakeAllThreads
Event: 4.110 Executing VM operation: HandshakeAllThreads done
Event: 4.138 Executing VM operation: ICBufferFull
Event: 4.139 Executing VM operation: ICBufferFull done
Event: 4.155 Executing VM operation: G1CollectForAllocation
Event: 4.158 Executing VM operation: G1CollectForAllocation done
Event: 4.173 Executing VM operation: G1PauseRemark
Event: 4.174 Executing VM operation: G1PauseRemark done
Event: 4.181 Executing VM operation: G1PauseCleanup
Event: 4.181 Executing VM operation: G1PauseCleanup done

Events (20 events):
Event: 3.998 loading class java/util/LinkedList$LLSpliterator done
Event: 4.098 loading class java/util/Collections$ReverseComparator
Event: 4.098 loading class java/util/Collections$ReverseComparator done
Event: 4.098 loading class java/util/Collections$ReverseComparator2
Event: 4.099 loading class java/util/Collections$ReverseComparator2 done
Event: 4.145 Thread 0x000002b7874f7640 Thread added: 0x000002b7874f7640
Event: 4.145 Thread 0x000002b7874f3e90 Thread added: 0x000002b7874f3e90
Event: 4.145 Thread 0x000002b7874f6200 Thread added: 0x000002b7874f6200
Event: 4.145 Thread 0x000002b7874f57e0 Thread added: 0x000002b7874f57e0
Event: 4.145 Thread 0x000002b7874f43a0 Thread added: 0x000002b7874f43a0
Event: 4.145 Thread 0x000002b7874f5cf0 Thread added: 0x000002b7874f5cf0
Event: 4.145 Thread 0x000002b7874f6710 Thread added: 0x000002b7874f6710
Event: 4.145 Thread 0x000002b7874f48b0 Thread added: 0x000002b7874f48b0
Event: 4.145 Thread 0x000002b7874f4dc0 Thread added: 0x000002b7874f4dc0
Event: 4.146 Thread 0x000002b7874f6c20 Thread added: 0x000002b7874f6c20
Event: 4.146 Thread 0x000002b7874f3470 Thread added: 0x000002b7874f3470
Event: 4.146 Thread 0x000002b7874f1b20 Thread added: 0x000002b7874f1b20
Event: 4.146 Thread 0x000002b7874f7130 Thread added: 0x000002b7874f7130
Event: 4.146 Thread 0x000002b7874f7b50 Thread added: 0x000002b7874f7b50
Event: 4.146 Thread 0x000002b7874f06e0 Thread added: 0x000002b7874f06e0


Dynamic libraries:
0x00007ff6c7d80000 - 0x00007ff6c7d8a000 	D:\Android\jbr\bin\java.exe
0x00007ffa1c730000 - 0x00007ffa1c947000 	C:\WINDOWS\SYSTEM32\ntdll.dll
0x00007ffa1bfc0000 - 0x00007ffa1c084000 	C:\WINDOWS\System32\KERNEL32.DLL
0x00007ffa19db0000 - 0x00007ffa1a157000 	C:\WINDOWS\System32\KERNELBASE.dll
0x00007ffa19c90000 - 0x00007ffa19da1000 	C:\WINDOWS\System32\ucrtbase.dll
0x00007ffa03900000 - 0x00007ffa03917000 	D:\Android\jbr\bin\jli.dll
0x00007ffa0d700000 - 0x00007ffa0d71b000 	D:\Android\jbr\bin\VCRUNTIME140.dll
0x00007ffa1c190000 - 0x00007ffa1c33e000 	C:\WINDOWS\System32\USER32.dll
0x00007ffa02340000 - 0x00007ffa025d3000 	C:\WINDOWS\WinSxS\amd64_microsoft.windows.common-controls_6595b64144ccf1df_6.0.22621.3527_none_270e469b73872a76\COMCTL32.dll
0x00007ffa1a340000 - 0x00007ffa1a366000 	C:\WINDOWS\System32\win32u.dll
0x00007ffa1a9e0000 - 0x00007ffa1aa87000 	C:\WINDOWS\System32\msvcrt.dll
0x00007ffa1bab0000 - 0x00007ffa1bad9000 	C:\WINDOWS\System32\GDI32.dll
0x00007ffa1a160000 - 0x00007ffa1a279000 	C:\WINDOWS\System32\gdi32full.dll
0x00007ffa19bc0000 - 0x00007ffa19c5a000 	C:\WINDOWS\System32\msvcp_win.dll
0x00007ffa1be70000 - 0x00007ffa1bea1000 	C:\WINDOWS\System32\IMM32.DLL
0x00007ffa16410000 - 0x00007ffa1641c000 	D:\Android\jbr\bin\vcruntime140_1.dll
0x00007ff9e8a60000 - 0x00007ff9e8aed000 	D:\Android\jbr\bin\msvcp140.dll
0x00007ff98ba30000 - 0x00007ff98c6b3000 	D:\Android\jbr\bin\server\jvm.dll
0x00007ffa1b710000 - 0x00007ffa1b7c2000 	C:\WINDOWS\System32\ADVAPI32.dll
0x00007ffa1bf10000 - 0x00007ffa1bfb8000 	C:\WINDOWS\System32\sechost.dll
0x00007ffa19c60000 - 0x00007ffa19c88000 	C:\WINDOWS\System32\bcrypt.dll
0x00007ffa1c5d0000 - 0x00007ffa1c6e5000 	C:\WINDOWS\System32\RPCRT4.dll
0x00007ff9fc420000 - 0x00007ff9fc429000 	C:\WINDOWS\SYSTEM32\WSOCK32.dll
0x00007ffa19910000 - 0x00007ffa1995d000 	C:\WINDOWS\SYSTEM32\POWRPROF.dll
0x00007ffa112b0000 - 0x00007ffa112e4000 	C:\WINDOWS\SYSTEM32\WINMM.dll
0x00007ffa1c0b0000 - 0x00007ffa1c121000 	C:\WINDOWS\System32\WS2_32.dll
0x00007ffa10bc0000 - 0x00007ffa10bca000 	C:\WINDOWS\SYSTEM32\VERSION.dll
0x00007ffa198f0000 - 0x00007ffa19903000 	C:\WINDOWS\SYSTEM32\UMPDC.dll
0x00007ffa18a70000 - 0x00007ffa18a88000 	C:\WINDOWS\SYSTEM32\kernel.appcore.dll
0x00007ffa11440000 - 0x00007ffa1144a000 	D:\Android\jbr\bin\jimage.dll
0x00007ffa0ef30000 - 0x00007ffa0f162000 	C:\WINDOWS\SYSTEM32\DBGHELP.DLL
0x00007ffa1bae0000 - 0x00007ffa1be68000 	C:\WINDOWS\System32\combase.dll
0x00007ffa1b9d0000 - 0x00007ffa1baa7000 	C:\WINDOWS\System32\OLEAUT32.dll
0x00007ffa0e1a0000 - 0x00007ffa0e1d2000 	C:\WINDOWS\SYSTEM32\dbgcore.DLL
0x00007ffa1a370000 - 0x00007ffa1a3e9000 	C:\WINDOWS\System32\bcryptPrimitives.dll
0x00007ffa03920000 - 0x00007ffa0392e000 	D:\Android\jbr\bin\instrument.dll
0x00007ffa0c320000 - 0x00007ffa0c345000 	D:\Android\jbr\bin\java.dll
0x00007ffa08df0000 - 0x00007ffa08e08000 	D:\Android\jbr\bin\zip.dll
0x00007ffa1aab0000 - 0x00007ffa1b30c000 	C:\WINDOWS\System32\SHELL32.dll
0x00007ffa17990000 - 0x00007ffa18286000 	C:\WINDOWS\SYSTEM32\windows.storage.dll
0x00007ffa17850000 - 0x00007ffa1798e000 	C:\WINDOWS\SYSTEM32\wintypes.dll
0x00007ffa1a460000 - 0x00007ffa1a555000 	C:\WINDOWS\System32\SHCORE.dll
0x00007ffa1c3f0000 - 0x00007ffa1c44e000 	C:\WINDOWS\System32\shlwapi.dll
0x00007ffa19980000 - 0x00007ffa199a1000 	C:\WINDOWS\SYSTEM32\profapi.dll
0x00007ffa08da0000 - 0x00007ffa08db9000 	D:\Android\jbr\bin\net.dll
0x00007ffa131e0000 - 0x00007ffa13316000 	C:\WINDOWS\SYSTEM32\WINHTTP.dll
0x00007ffa18ee0000 - 0x00007ffa18f49000 	C:\WINDOWS\system32\mswsock.dll
0x00007ffa08c00000 - 0x00007ffa08c16000 	D:\Android\jbr\bin\nio.dll
0x00007ffa07e00000 - 0x00007ffa07e10000 	D:\Android\jbr\bin\verify.dll
0x00007ffa0c3b0000 - 0x00007ffa0c3d7000 	C:\Users\JEMAR\.gradle\native\c067742578af261105cb4f569cf0c3c89f3d7b1fecec35dd04571415982c5e48\windows-amd64\native-platform.dll
0x00007ff9c9050000 - 0x00007ff9c9194000 	C:\Users\JEMAR\.gradle\native\38dada09dfb8b06ba9b0570ebf7e218e3eb74d4ef43ca46872605cf95ebc2f47\windows-amd64\native-platform-file-events.dll
0x00007ffa08d90000 - 0x00007ffa08d99000 	D:\Android\jbr\bin\management.dll
0x00007ffa08bf0000 - 0x00007ffa08bfb000 	D:\Android\jbr\bin\management_ext.dll
0x00007ffa1b7d0000 - 0x00007ffa1b7d8000 	C:\WINDOWS\System32\PSAPI.DLL
0x00007ffa19140000 - 0x00007ffa1915b000 	C:\WINDOWS\SYSTEM32\CRYPTSP.dll
0x00007ffa189d0000 - 0x00007ffa18a05000 	C:\WINDOWS\system32\rsaenh.dll
0x00007ffa18fe0000 - 0x00007ffa19008000 	C:\WINDOWS\SYSTEM32\USERENV.dll
0x00007ffa19160000 - 0x00007ffa1916c000 	C:\WINDOWS\SYSTEM32\CRYPTBASE.dll
0x00007ffa184f0000 - 0x00007ffa1851d000 	C:\WINDOWS\SYSTEM32\IPHLPAPI.DLL
0x00007ffa1b7e0000 - 0x00007ffa1b7e9000 	C:\WINDOWS\System32\NSI.dll
0x00007ffa136d0000 - 0x00007ffa136e9000 	C:\WINDOWS\SYSTEM32\dhcpcsvc6.DLL
0x00007ffa13690000 - 0x00007ffa136af000 	C:\WINDOWS\SYSTEM32\dhcpcsvc.DLL
0x00007ffa18520000 - 0x00007ffa18618000 	C:\WINDOWS\SYSTEM32\DNSAPI.dll
0x00007ffa0d4d0000 - 0x00007ffa0d4d8000 	C:\WINDOWS\system32\wshunix.dll

dbghelp: loaded successfully - version: 4.0.5 - missing functions: none
symbol engine: initialized successfully - sym options: 0x614 - pdb path: .;D:\Android\jbr\bin;C:\WINDOWS\SYSTEM32;C:\WINDOWS\WinSxS\amd64_microsoft.windows.common-controls_6595b64144ccf1df_6.0.22621.3527_none_270e469b73872a76;D:\Android\jbr\bin\server;C:\Users\JEMAR\.gradle\native\c067742578af261105cb4f569cf0c3c89f3d7b1fecec35dd04571415982c5e48\windows-amd64;C:\Users\JEMAR\.gradle\native\38dada09dfb8b06ba9b0570ebf7e218e3eb74d4ef43ca46872605cf95ebc2f47\windows-amd64

VM Arguments:
jvm_args: --add-opens=java.base/java.util=ALL-UNNAMED --add-opens=java.base/java.lang=ALL-UNNAMED --add-opens=java.base/java.lang.invoke=ALL-UNNAMED --add-opens=java.prefs/java.util.prefs=ALL-UNNAMED --add-opens=java.base/java.nio.charset=ALL-UNNAMED --add-opens=java.base/java.net=ALL-UNNAMED --add-opens=java.base/java.util.concurrent.atomic=ALL-UNNAMED -Xmx2048m -Dfile.encoding=UTF-8 -Duser.country=PH -Duser.language=en -Duser.variant -javaagent:C:\Users\JEMAR\.gradle\wrapper\dists\gradle-8.4-bin\1w5dpkrfk8irigvoxmyhowfim\gradle-8.4\lib\agents\gradle-instrumentation-agent-8.4.jar 
java_command: org.gradle.launcher.daemon.bootstrap.GradleDaemon 8.4
java_class_path (initial): C:\Users\JEMAR\.gradle\wrapper\dists\gradle-8.4-bin\1w5dpkrfk8irigvoxmyhowfim\gradle-8.4\lib\gradle-launcher-8.4.jar
Launcher Type: SUN_STANDARD

[Global flags]
     intx CICompilerCount                          = 12                                        {product} {ergonomic}
     uint ConcGCThreads                            = 3                                         {product} {ergonomic}
     uint G1ConcRefinementThreads                  = 13                                        {product} {ergonomic}
   size_t G1HeapRegionSize                         = 1048576                                   {product} {ergonomic}
    uintx GCDrainStackTargetSize                   = 64                                        {product} {ergonomic}
   size_t InitialHeapSize                          = 125829120                                 {product} {ergonomic}
   size_t MarkStackSize                            = 4194304                                   {product} {ergonomic}
   size_t MaxHeapSize                              = 2147483648                                {product} {command line}
   size_t MaxNewSize                               = 1287651328                                {product} {ergonomic}
   size_t MinHeapDeltaBytes                        = 1048576                                   {product} {ergonomic}
   size_t MinHeapSize                              = 8388608                                   {product} {ergonomic}
    uintx NonNMethodCodeHeapSize                   = 7602480                                {pd product} {ergonomic}
    uintx NonProfiledCodeHeapSize                  = 122027880                              {pd product} {ergonomic}
    uintx ProfiledCodeHeapSize                     = 122027880                              {pd product} {ergonomic}
    uintx ReservedCodeCacheSize                    = 251658240                              {pd product} {ergonomic}
     bool SegmentedCodeCache                       = true                                      {product} {ergonomic}
   size_t SoftMaxHeapSize                          = 2147483648                             {manageable} {ergonomic}
     bool UseCompressedClassPointers               = true                           {product lp64_product} {ergonomic}
     bool UseCompressedOops                        = true                           {product lp64_product} {ergonomic}
     bool UseG1GC                                  = true                                      {product} {ergonomic}
     bool UseLargePagesIndividualAllocation        = false                                  {pd product} {ergonomic}

Logging:
Log output configuration:
 #0: stdout all=warning uptime,level,tags
 #1: stderr all=off uptime,level,tags

Environment Variables:
PATH=C:\Program Files\Common Files\Oracle\Java\javapath;C:\Windows\system32;C:\Windows;C:\Windows\System32\Wbem;C:\Windows\System32\WindowsPowerShell\v1.0\;C:\Windows\System32\OpenSSH\;C:\Program Files (x86)\NVIDIA Corporation\PhysX\Common;C:\WINDOWS\system32;C:\WINDOWS;C:\WINDOWS\System32\Wbem;C:\WINDOWS\System32\WindowsPowerShell\v1.0\;C:\WINDOWS\System32\OpenSSH\;C:\Program Files (x86)\Microsoft SQL Server\160\DTS\Binn\;C:\Program Files\dotnet\;C:\Program Files\Git\cmd;C:\Users\JEMAR\AppData\Local\Microsoft\WindowsApps;C:\Program Files\Azure Data Studio\bin
USERNAME=JEMAR
OS=Windows_NT
PROCESSOR_IDENTIFIER=AMD64 Family 25 Model 80 Stepping 0, AuthenticAMD
TMP=C:\Users\JEMAR\AppData\Local\Temp
TEMP=C:\Users\JEMAR\AppData\Local\Temp



Periodic native trim disabled

JNI global refs:
JNI global refs: 36, weak refs: 0

JNI global refs memory usage: 843, weak refs: 841

OOME stack traces (most recent first):
Classloader memory used:
Loader org.gradle.internal.classloader.VisitableURLClassLoader                         : 3788K
Loader bootstrap                                                                       : 2508K
Loader org.gradle.initialization.MixInLegacyTypesClassLoader                           : 1074K
Loader org.gradle.internal.classloader.VisitableURLClassLoader$InstrumentingVisitableURLClassLoader: 100K
Loader org.gradle.internal.classloader.VisitableURLClassLoader                         : 92230B
Loader jdk.internal.loader.ClassLoaders$PlatformClassLoader                            : 68110B
Loader jdk.internal.reflect.DelegatingClassLoader                                      : 35642B
Loader jdk.internal.loader.ClassLoaders$AppClassLoader                                 : 28453B
Loader org.gradle.groovy.scripts.internal.DefaultScriptCompilationHandler$ScriptClassLoader: 11031B
Loader org.codehaus.groovy.runtime.callsite.CallSiteClassLoader                        : 6138B

Classes loaded by more than one classloader:
Class Program                                                                         : loaded 4 times (x 72B)
Class org.gradle.internal.Cast                                                        : loaded 3 times (x 69B)
Class org.gradle.api.GradleException                                                  : loaded 3 times (x 80B)
Class org.gradle.internal.classpath.ClassPath                                         : loaded 2 times (x 68B)
Class org.gradle.api.internal.classpath.DefaultModuleRegistry                         : loaded 2 times (x 84B)
Class org.gradle.internal.exceptions.NonGradleCauseExceptionsHolder                   : loaded 2 times (x 68B)
Class Settings_gradle$1$1                                                             : loaded 2 times (x 72B)
Class com.intellij.openapi.externalSystem.model.ExternalSystemException               : loaded 2 times (x 84B)
Class org.gradle.api.Action                                                           : loaded 2 times (x 68B)
Class org.jetbrains.kotlin.idea.gradleTooling.model.samWithReceiver.SamWithReceiverModel: loaded 2 times (x 68B)
Class org.jetbrains.plugins.gradle.model.ExternalProject                              : loaded 2 times (x 68B)
Class org.jetbrains.plugins.gradle.model.IntelliJSettings                             : loaded 2 times (x 68B)
Class org.jetbrains.kotlin.idea.gradleTooling.KotlinMPPGradleModel                    : loaded 2 times (x 68B)
Class org.gradle.api.internal.DefaultClassPathProvider                                : loaded 2 times (x 74B)
Class org.gradle.internal.installation.GradleInstallation$1                           : loaded 2 times (x 73B)
Class ijInit1_7ngzwu4n3mkg26qew5tygvecr                                               : loaded 2 times (x 177B)
Class org.gradle.internal.exceptions.DefaultMultiCauseException                       : loaded 2 times (x 89B)
Class sync_studio_tooling3522_73gxgefpndiro7s0j8rhn1ro0                               : loaded 2 times (x 177B)
Class org.gradle.tooling.model.UnsupportedMethodException                             : loaded 2 times (x 80B)
Class org.gradle.internal.time.MonotonicClock                                         : loaded 2 times (x 75B)
Class org.gradle.internal.classloader.FilteringClassLoader                            : loaded 2 times (x 103B)
Class org.gradle.tooling.model.Model                                                  : loaded 2 times (x 68B)
Class org.gradle.internal.classpath.DefaultClassPath$ImmutableUniqueList$Builder      : loaded 2 times (x 73B)
Class org.jetbrains.kotlin.idea.gradleTooling.KotlinSourceSetContainer                : loaded 2 times (x 68B)
Class org.gradle.internal.classloader.ClassLoaderVisitor                              : loaded 2 times (x 74B)
Class org.gradle.internal.time.DefaultCountdownTimer                                  : loaded 2 times (x 86B)
Class org.gradle.internal.service.DefaultServiceLocator                               : loaded 2 times (x 81B)
Class org.gradle.internal.service.UnknownServiceException                             : loaded 2 times (x 81B)
Class org.jetbrains.plugins.gradle.model.DependencyAccessorsModel                     : loaded 2 times (x 68B)
Class org.gradle.internal.classloader.DefaultClassLoaderFactory                       : loaded 2 times (x 80B)
Class org.jetbrains.plugins.gradle.model.GradleExtensions                             : loaded 2 times (x 68B)
Class org.jetbrains.plugins.gradle.model.VersionCatalogsModel                         : loaded 2 times (x 68B)
Class org.gradle.internal.classloader.VisitableURLClassLoader$Spec                    : loaded 2 times (x 72B)
Class org.gradle.tooling.model.ProjectModel                                           : loaded 2 times (x 68B)
Class org.jetbrains.plugins.gradle.model.MavenRepositoryModel                         : loaded 2 times (x 68B)
Class org.gradle.util.GradleVersion                                                   : loaded 2 times (x 81B)
Class org.gradle.api.internal.classpath.ModuleRegistry                                : loaded 2 times (x 68B)
Class org.jetbrains.plugins.gradle.model.RepositoriesModel                            : loaded 2 times (x 68B)
Class kotlin.jvm.internal.markers.KMappedMarker                                       : loaded 2 times (x 68B)
Class org.gradle.api.internal.ClassPathProvider                                       : loaded 2 times (x 68B)
Class org.gradle.internal.classloader.ClasspathUtil$1                                 : loaded 2 times (x 74B)
Class org.gradle.internal.classloader.ClassLoaderFactory                              : loaded 2 times (x 68B)
Class org.gradle.api.internal.classpath.ManifestUtil                                  : loaded 2 times (x 69B)
Class org.gradle.api.specs.Spec                                                       : loaded 2 times (x 68B)
Class org.gradle.tooling.internal.gradle.GradleBuildIdentity                          : loaded 2 times (x 68B)
Class org.gradle.internal.IoActions                                                   : loaded 2 times (x 69B)
Class org.gradle.api.internal.classpath.EffectiveClassPath                            : loaded 2 times (x 88B)
Class kotlin.jvm.internal.DefaultConstructorMarker                                    : loaded 2 times (x 69B)
Class org.jetbrains.kotlin.idea.gradleTooling.model.annotation.AnnotationBasedPluginModel: loaded 2 times (x 68B)
Class org.jetbrains.kotlin.idea.gradleTooling.model.assignment.AssignmentModel        : loaded 2 times (x 68B)
Class org.gradle.internal.installation.CurrentGradleInstallation                      : loaded 2 times (x 71B)
Class org.gradle.internal.agents.InstrumentingClassLoader                             : loaded 2 times (x 68B)
Class org.gradle.internal.installation.CurrentGradleInstallationLocator               : loaded 2 times (x 69B)
Class org.gradle.api.internal.classpath.Module                                        : loaded 2 times (x 68B)
Class org.gradle.internal.service.CachingServiceLocator                               : loaded 2 times (x 80B)
Class org.gradle.internal.time.Timer                                                  : loaded 2 times (x 68B)
Class org.jetbrains.kotlin.idea.gradleTooling.KotlinDslScriptAdditionalTask           : loaded 2 times (x 68B)
Class org.jetbrains.plugins.gradle.model.tests.ExternalTestsModel                     : loaded 2 times (x 68B)
Class org.gradle.internal.classpath.DefaultClassPath                                  : loaded 2 times (x 88B)
Class sync_studio_tooling3522_73gxgefpndiro7s0j8rhn1ro0$_run_closure1                 : loaded 2 times (x 137B)
Class com.intellij.openapi.externalSystem.model.project.dependencies.ProjectDependencies: loaded 2 times (x 68B)
Class Build_gradle$1                                                                  : loaded 2 times (x 76B)
Class org.jetbrains.kotlin.idea.gradleTooling.PrepareKotlinIdeImportTaskModel         : loaded 2 times (x 68B)
Class org.gradle.internal.impldep.com.google.common.base.Preconditions                : loaded 2 times (x 69B)
Class kotlin.jvm.functions.Function1                                                  : loaded 2 times (x 68B)
Class org.gradle.internal.time.Time                                                   : loaded 2 times (x 69B)
Class org.gradle.internal.time.TimeSource$1                                           : loaded 2 times (x 75B)
Class org.gradle.internal.classloader.SystemClassLoaderSpec                           : loaded 2 times (x 69B)
Class kotlin.Function                                                                 : loaded 2 times (x 68B)
Class org.gradle.api.UncheckedIOException                                             : loaded 2 times (x 80B)
Class org.gradle.tooling.internal.gradle.DefaultProjectIdentifier                     : loaded 2 times (x 84B)
Class org.gradle.tooling.internal.gradle.GradleProjectIdentity                        : loaded 2 times (x 68B)
Class org.gradle.internal.time.CountdownTimer                                         : loaded 2 times (x 68B)
Class org.gradle.internal.time.Clock                                                  : loaded 2 times (x 68B)
Class org.gradle.internal.classloader.ClasspathUtil                                   : loaded 2 times (x 69B)
Class org.gradle.tooling.model.BuildIdentifier                                        : loaded 2 times (x 68B)
Class org.gradle.api.internal.DefaultClassPathRegistry                                : loaded 2 times (x 74B)
Class org.gradle.api.internal.classpath.DefaultModuleRegistry$DefaultModule           : loaded 2 times (x 84B)
Class org.gradle.kotlin.dsl.VersionCatalogAccessorsKt                                 : loaded 2 times (x 69B)
Class org.gradle.internal.time.TimeSource                                             : loaded 2 times (x 68B)
Class org.jetbrains.kotlin.android.synthetic.idea.AndroidExtensionsGradleModel        : loaded 2 times (x 68B)
Class org.gradle.api.internal.classpath.UnknownModuleException                        : loaded 2 times (x 80B)
Class org.jetbrains.plugins.gradle.model.IntelliJProjectSettings                      : loaded 2 times (x 68B)
Class org.gradle.internal.service.ServiceLookupException                              : loaded 2 times (x 80B)
Class org.gradle.cache.GlobalCache                                                    : loaded 2 times (x 68B)
Class org.jetbrains.kotlin.idea.gradleTooling.model.lombok.LombokModel                : loaded 2 times (x 68B)
Class org.gradle.tooling.model.ProjectIdentifier                                      : loaded 2 times (x 68B)
Class [Lorg.gradle.api.internal.ClassPathProvider;                                    : loaded 2 times (x 67B)
Class org.gradle.internal.operations.MultipleBuildOperationFailures                   : loaded 2 times (x 89B)
Class org.gradle.util.internal.GUtil                                                  : loaded 2 times (x 69B)
Class org.jetbrains.plugins.gradle.model.AnnotationProcessingModel                    : loaded 2 times (x 68B)
Class org.gradle.internal.classloader.ClassLoaderSpec                                 : loaded 2 times (x 69B)
Class org.jetbrains.plugins.gradle.model.BuildScriptClasspathModel                    : loaded 2 times (x 68B)
Class org.gradle.internal.classloader.VisitableURLClassLoader                         : loaded 2 times (x 115B)
Class org.gradle.internal.installation.GradleInstallation                             : loaded 2 times (x 73B)
Class Build_gradle                                                                    : loaded 2 times (x 70B)
Class org.gradle.api.internal.ClassPathRegistry                                       : loaded 2 times (x 68B)
Class org.gradle.internal.classloader.VisitableURLClassLoader$InstrumentingVisitableURLClassLoader: loaded 2 times (x 121B)
Class org.gradle.internal.classloader.ClassLoaderHierarchy                            : loaded 2 times (x 68B)
Class org.gradle.internal.exceptions.MultiCauseException                              : loaded 2 times (x 68B)
Class org.jetbrains.kotlin.idea.gradleTooling.model.parcelize.ParcelizeGradleModel    : loaded 2 times (x 68B)
Class org.gradle.internal.InternalTransformer                                         : loaded 2 times (x 68B)
Class org.jetbrains.kotlin.idea.gradleTooling.model.noarg.NoArgModel                  : loaded 2 times (x 68B)
Class org.jetbrains.kotlin.idea.gradleTooling.KotlinGradleModel                       : loaded 2 times (x 68B)
Class org.gradle.tooling.internal.gradle.DefaultBuildIdentifier                       : loaded 2 times (x 77B)
Class org.gradle.internal.service.ServiceLocator                                      : loaded 2 times (x 68B)
Class Settings_gradle$1                                                               : loaded 2 times (x 72B)
Class org.jetbrains.kotlin.idea.gradleTooling.model.allopen.AllOpenModel              : loaded 2 times (x 68B)
Class org.gradle.internal.classpath.DefaultClassPath$ImmutableUniqueList              : loaded 2 times (x 159B)
Class org.gradle.internal.time.DefaultTimer                                           : loaded 2 times (x 78B)
Class org.gradle.internal.classpath.TransformedClassPath                              : loaded 2 times (x 94B)
Class Settings_gradle                                                                 : loaded 2 times (x 126B)


---------------  S Y S T E M  ---------------

OS:
 Windows 11 , 64 bit Build 22621 (10.0.22621.3527)
OS uptime: 1 days 0:38 hours

CPU: total 16 (initial active 16) (16 cores per cpu, 2 threads per core) family 25 model 80 stepping 0 microcode 0x0, cx8, cmov, fxsr, ht, mmx, 3dnowpref, sse, sse2, sse3, ssse3, sse4a, sse4.1, sse4.2, popcnt, lzcnt, tsc, tscinvbit, avx, avx2, aes, erms, clmul, bmi1, bmi2, adx, sha, fma, vzeroupper, clflush, clflushopt
Processor Information for all 16 processors :
  Max Mhz: 3201, Current Mhz: 3201, Mhz Limit: 3201

Memory: 4k page, system-wide physical 7581M (932M free)
TotalPageFile size 24833M (AvailPageFile size 6M)
current process WorkingSet (physical memory assigned to process): 336M, peak: 336M
current process commit charge ("private bytes"): 385M, peak: 387M

vm_info: OpenJDK 64-Bit Server VM (17.0.9+0--11185874) for windows-amd64 JRE (17.0.9+0--11185874), built on Dec  6 2023 18:57:44 by "androidbuild" with MS VC++ 16.10 / 16.11 (VS2019)

END.
