#
# There is insufficient memory for the Java Runtime Environment to continue.
# Native memory allocation (malloc) failed to allocate 1643216 bytes for Chunk::new
# Possible reasons:
#   The system is out of physical RAM or swap space
#   The process is running with CompressedOops enabled, and the Java Heap may be blocking the growth of the native heap
# Possible solutions:
#   Reduce memory load on the system
#   Increase physical memory or swap space
#   Check if swap backing store is full
#   Decrease Java heap size (-Xmx/-Xms)
#   Decrease number of Java threads
#   Decrease Java thread stack sizes (-Xss)
#   Set larger code cache with -XX:ReservedCodeCacheSize=
#   JVM is running with Unscaled Compressed Oops mode in which the Java heap is
#     placed in the first 4GB address space. The Java Heap base address is the
#     maximum limit for the native heap growth. Please use -XX:HeapBaseMinAddress
#     to set the Java Heap base and to place the Java Heap above 4GB virtual address.
# This output file may be truncated or incomplete.
#
#  Out of Memory Error (arena.cpp:191), pid=4300, tid=15212
#
# JRE version: OpenJDK Runtime Environment (17.0.9) (build 17.0.9+0--11185874)
# Java VM: OpenJDK 64-Bit Server VM (17.0.9+0--11185874, mixed mode, tiered, compressed oops, compressed class ptrs, g1 gc, windows-amd64)
# No core dump will be written. Minidumps are not enabled by default on client versions of Windows
#

---------------  S U M M A R Y ------------

Command Line: --add-opens=java.base/java.util=ALL-UNNAMED --add-opens=java.base/java.lang=ALL-UNNAMED --add-opens=java.base/java.lang.invoke=ALL-UNNAMED --add-opens=java.prefs/java.util.prefs=ALL-UNNAMED --add-opens=java.base/java.nio.charset=ALL-UNNAMED --add-opens=java.base/java.net=ALL-UNNAMED --add-opens=java.base/java.util.concurrent.atomic=ALL-UNNAMED -Xmx2048m -Dfile.encoding=UTF-8 -Duser.country=PH -Duser.language=en -Duser.variant -javaagent:C:\Users\JEMAR\.gradle\wrapper\dists\gradle-8.4-bin\1w5dpkrfk8irigvoxmyhowfim\gradle-8.4\lib\agents\gradle-instrumentation-agent-8.4.jar org.gradle.launcher.daemon.bootstrap.GradleDaemon 8.4

Host: AMD Ryzen 7 5800H with Radeon Graphics         , 16 cores, 7G,  Windows 11 , 64 bit Build 22621 (10.0.22621.3527)
Time: Fri May 31 20:09:40 2024 Malay Peninsula Standard Time elapsed time: 3.983538 seconds (0d 0h 0m 3s)

---------------  T H R E A D  ---------------

Current thread (0x000001efa792ec50):  JavaThread "C2 CompilerThread2" daemon [_thread_in_native, id=15212, stack(0x0000009a53a00000,0x0000009a53b00000)]


Current CompileTask:
C2:   3983 5691   !   4       java.net.URLClassLoader::findClass (47 bytes)

Stack: [0x0000009a53a00000,0x0000009a53b00000]
Native frames: (J=compiled Java code, j=interpreted, Vv=VM code, C=native code)
V  [jvm.dll+0x6886e9]
V  [jvm.dll+0x841e4a]
V  [jvm.dll+0x843a8e]
V  [jvm.dll+0x8440f3]
V  [jvm.dll+0x24c14f]
V  [jvm.dll+0xac44c]
V  [jvm.dll+0xaca9c]
V  [jvm.dll+0x36c1a2]
V  [jvm.dll+0x1be4b6]
V  [jvm.dll+0x21df09]
V  [jvm.dll+0x21d1d1]
V  [jvm.dll+0x1a674d]
V  [jvm.dll+0x22d088]
V  [jvm.dll+0x22b1c0]
V  [jvm.dll+0x7f62f7]
V  [jvm.dll+0x7f06aa]
V  [jvm.dll+0x687565]
C  [ucrtbase.dll+0x29333]
C  [KERNEL32.DLL+0x1257d]
C  [ntdll.dll+0x5aa48]


---------------  P R O C E S S  ---------------

Threads class SMR info:
_java_thread_list=0x000001efb1ba2790, length=58, elements={
0x000001ef8a77a830, 0x000001efa6745f60, 0x000001efa6746de0, 0x000001efa674cb90,
0x000001efa726b620, 0x000001efa726c1e0, 0x000001efa726ecb0, 0x000001efa726fa50,
0x000001efa7270500, 0x000001efa7280430, 0x000001efa73c5c90, 0x000001efa7416e40,
0x000001efa742d9c0, 0x000001efa755c300, 0x000001efa7584c00, 0x000001efa792ec50,
0x000001efa7904d20, 0x000001efa7ae40a0, 0x000001efacb26e70, 0x000001efad154cc0,
0x000001efadae36c0, 0x000001efaca82760, 0x000001efade4ab10, 0x000001efad8d5030,
0x000001efad8d5510, 0x000001efac4ebd40, 0x000001efac4ea900, 0x000001efac4ec760,
0x000001efac4ed690, 0x000001efac4ecc70, 0x000001efac4eb320, 0x000001efac4ed180,
0x000001efac4eb830, 0x000001efae701d90, 0x000001efae6feaf0, 0x000001efae6fcc90,
0x000001efae700440, 0x000001efae6ff510, 0x000001efae6ffa20, 0x000001efae700e60,
0x000001efae6fc780, 0x000001efae6fe0d0, 0x000001efae7022a0, 0x000001efae7027b0,
0x000001efae702cc0, 0x000001efae6fff30, 0x000001efae700950, 0x000001efae701370,
0x000001efae6ff000, 0x000001efae6fd6b0, 0x000001efae7031d0, 0x000001efae701880,
0x000001efae6fe5e0, 0x000001efae7036e0, 0x000001efae703bf0, 0x000001efb0591070,
0x000001efb0594820, 0x000001efb05938f0
}

Java Threads: ( => current thread )
  0x000001ef8a77a830 JavaThread "main" [_thread_blocked, id=1104, stack(0x0000009a52400000,0x0000009a52500000)]
  0x000001efa6745f60 JavaThread "Reference Handler" daemon [_thread_blocked, id=22656, stack(0x0000009a52b00000,0x0000009a52c00000)]
  0x000001efa6746de0 JavaThread "Finalizer" daemon [_thread_blocked, id=25772, stack(0x0000009a52c00000,0x0000009a52d00000)]
  0x000001efa674cb90 JavaThread "Signal Dispatcher" daemon [_thread_blocked, id=20504, stack(0x0000009a52d00000,0x0000009a52e00000)]
  0x000001efa726b620 JavaThread "Attach Listener" daemon [_thread_blocked, id=25188, stack(0x0000009a52e00000,0x0000009a52f00000)]
  0x000001efa726c1e0 JavaThread "Service Thread" daemon [_thread_blocked, id=23540, stack(0x0000009a52f00000,0x0000009a53000000)]
  0x000001efa726ecb0 JavaThread "Monitor Deflation Thread" daemon [_thread_blocked, id=2016, stack(0x0000009a53000000,0x0000009a53100000)]
  0x000001efa726fa50 JavaThread "C2 CompilerThread0" daemon [_thread_in_native, id=20204, stack(0x0000009a53100000,0x0000009a53200000)]
  0x000001efa7270500 JavaThread "C1 CompilerThread0" daemon [_thread_blocked, id=16092, stack(0x0000009a53200000,0x0000009a53300000)]
  0x000001efa7280430 JavaThread "Sweeper thread" daemon [_thread_blocked, id=1836, stack(0x0000009a53300000,0x0000009a53400000)]
  0x000001efa73c5c90 JavaThread "Common-Cleaner" daemon [_thread_blocked, id=17248, stack(0x0000009a53400000,0x0000009a53500000)]
  0x000001efa7416e40 JavaThread "C1 CompilerThread1" daemon [_thread_blocked, id=11432, stack(0x0000009a53500000,0x0000009a53600000)]
  0x000001efa742d9c0 JavaThread "C1 CompilerThread2" daemon [_thread_blocked, id=23728, stack(0x0000009a53600000,0x0000009a53700000)]
  0x000001efa755c300 JavaThread "Notification Thread" daemon [_thread_blocked, id=13932, stack(0x0000009a53700000,0x0000009a53800000)]
  0x000001efa7584c00 JavaThread "C2 CompilerThread1" daemon [_thread_blocked, id=24996, stack(0x0000009a53900000,0x0000009a53a00000)]
=>0x000001efa792ec50 JavaThread "C2 CompilerThread2" daemon [_thread_in_native, id=15212, stack(0x0000009a53a00000,0x0000009a53b00000)]
  0x000001efa7904d20 JavaThread "C2 CompilerThread3" daemon [_thread_in_native, id=26120, stack(0x0000009a53b00000,0x0000009a53c00000)]
  0x000001efa7ae40a0 JavaThread "C1 CompilerThread3" daemon [_thread_blocked, id=17324, stack(0x0000009a53c00000,0x0000009a53d00000)]
  0x000001efacb26e70 JavaThread "Daemon health stats" [_thread_blocked, id=25608, stack(0x0000009a54100000,0x0000009a54200000)]
  0x000001efad154cc0 JavaThread "Incoming local TCP Connector on port 60474" [_thread_in_native, id=14008, stack(0x0000009a54200000,0x0000009a54300000)]
  0x000001efadae36c0 JavaThread "Daemon periodic checks" [_thread_blocked, id=8680, stack(0x0000009a54300000,0x0000009a54400000)]
  0x000001efaca82760 JavaThread "Daemon" [_thread_blocked, id=3892, stack(0x0000009a54400000,0x0000009a54500000)]
  0x000001efade4ab10 JavaThread "Handler for socket connection from /127.0.0.1:60474 to /127.0.0.1:60475" [_thread_in_native, id=2780, stack(0x0000009a54500000,0x0000009a54600000)]
  0x000001efad8d5030 JavaThread "Cancel handler" [_thread_blocked, id=17736, stack(0x0000009a54600000,0x0000009a54700000)]
  0x000001efad8d5510 JavaThread "Daemon worker" [_thread_in_vm, id=2064, stack(0x0000009a54700000,0x0000009a54800000)]
  0x000001efac4ebd40 JavaThread "Asynchronous log dispatcher for DefaultDaemonConnection: socket connection from /127.0.0.1:60474 to /127.0.0.1:60475" [_thread_blocked, id=15304, stack(0x0000009a54800000,0x0000009a54900000)]
  0x000001efac4ea900 JavaThread "Stdin handler" [_thread_blocked, id=11912, stack(0x0000009a54900000,0x0000009a54a00000)]
  0x000001efac4ec760 JavaThread "Daemon client event forwarder" [_thread_blocked, id=15044, stack(0x0000009a54a00000,0x0000009a54b00000)]
  0x000001efac4ed690 JavaThread "Cache worker for journal cache (C:\Users\JEMAR\.gradle\caches\journal-1)" [_thread_blocked, id=13820, stack(0x0000009a55500000,0x0000009a55600000)]
  0x000001efac4ecc70 JavaThread "File lock request listener" [_thread_in_native, id=1724, stack(0x0000009a55600000,0x0000009a55700000)]
  0x000001efac4eb320 JavaThread "Cache worker for file hash cache (C:\Users\JEMAR\.gradle\caches\8.4\fileHashes)" [_thread_blocked, id=7048, stack(0x0000009a55700000,0x0000009a55800000)]
  0x000001efac4ed180 JavaThread "File watcher server" daemon [_thread_in_native, id=25968, stack(0x0000009a55800000,0x0000009a55900000)]
  0x000001efac4eb830 JavaThread "File watcher consumer" daemon [_thread_blocked, id=24840, stack(0x0000009a55900000,0x0000009a55a00000)]
  0x000001efae701d90 JavaThread "jar transforms" [_thread_blocked, id=10504, stack(0x0000009a55a00000,0x0000009a55b00000)]
  0x000001efae6feaf0 JavaThread "jar transforms Thread 2" [_thread_blocked, id=25372, stack(0x0000009a55b00000,0x0000009a55c00000)]
  0x000001efae6fcc90 JavaThread "jar transforms Thread 3" [_thread_blocked, id=1632, stack(0x0000009a55c00000,0x0000009a55d00000)]
  0x000001efae700440 JavaThread "jar transforms Thread 4" [_thread_blocked, id=9588, stack(0x0000009a55d00000,0x0000009a55e00000)]
  0x000001efae6ff510 JavaThread "jar transforms Thread 5" [_thread_blocked, id=9016, stack(0x0000009a55e00000,0x0000009a55f00000)]
  0x000001efae6ffa20 JavaThread "jar transforms Thread 6" [_thread_blocked, id=10660, stack(0x0000009a55f00000,0x0000009a56000000)]
  0x000001efae700e60 JavaThread "jar transforms Thread 7" [_thread_blocked, id=10068, stack(0x0000009a56000000,0x0000009a56100000)]
  0x000001efae6fc780 JavaThread "jar transforms Thread 8" [_thread_blocked, id=11420, stack(0x0000009a56100000,0x0000009a56200000)]
  0x000001efae6fe0d0 JavaThread "jar transforms Thread 9" [_thread_blocked, id=23448, stack(0x0000009a56200000,0x0000009a56300000)]
  0x000001efae7022a0 JavaThread "jar transforms Thread 10" [_thread_blocked, id=6756, stack(0x0000009a56300000,0x0000009a56400000)]
  0x000001efae7027b0 JavaThread "jar transforms Thread 11" [_thread_blocked, id=13584, stack(0x0000009a56400000,0x0000009a56500000)]
  0x000001efae702cc0 JavaThread "jar transforms Thread 12" [_thread_blocked, id=14124, stack(0x0000009a56500000,0x0000009a56600000)]
  0x000001efae6fff30 JavaThread "jar transforms Thread 13" [_thread_blocked, id=17336, stack(0x0000009a56600000,0x0000009a56700000)]
  0x000001efae700950 JavaThread "jar transforms Thread 14" [_thread_blocked, id=19440, stack(0x0000009a56700000,0x0000009a56800000)]
  0x000001efae701370 JavaThread "jar transforms Thread 15" [_thread_blocked, id=2892, stack(0x0000009a56800000,0x0000009a56900000)]
  0x000001efae6ff000 JavaThread "jar transforms Thread 16" [_thread_blocked, id=12316, stack(0x0000009a56900000,0x0000009a56a00000)]
  0x000001efae6fd6b0 JavaThread "Cache worker for checksums cache (D:\INTPROG PROJECT\BV2\INTPROG PROJECT\.gradle\8.4\checksums)" [_thread_blocked, id=8580, stack(0x0000009a56a00000,0x0000009a56b00000)]
  0x000001efae7031d0 JavaThread "Cache worker for file hash cache (D:\INTPROG PROJECT\BV2\INTPROG PROJECT\.gradle\8.4\fileHashes)" [_thread_blocked, id=15800, stack(0x0000009a56b00000,0x0000009a56c00000)]
  0x000001efae701880 JavaThread "Cache worker for cache directory md-supplier (C:\Users\JEMAR\.gradle\caches\8.4\md-supplier)" [_thread_blocked, id=21600, stack(0x0000009a56c00000,0x0000009a56d00000)]
  0x000001efae6fe5e0 JavaThread "Cache worker for file content cache (C:\Users\JEMAR\.gradle\caches\8.4\fileContent)" [_thread_blocked, id=14924, stack(0x0000009a56d00000,0x0000009a56e00000)]
  0x000001efae7036e0 JavaThread "Cache worker for cache directory md-rule (C:\Users\JEMAR\.gradle\caches\8.4\md-rule)" [_thread_blocked, id=10548, stack(0x0000009a56e00000,0x0000009a56f00000)]
  0x000001efae703bf0 JavaThread "Cache worker for execution history cache (C:\Users\JEMAR\.gradle\caches\8.4\executionHistory)" [_thread_blocked, id=24520, stack(0x0000009a56f00000,0x0000009a57000000)]
  0x000001efb0591070 JavaThread "Cache worker for kotlin-dsl (C:\Users\JEMAR\.gradle\caches\8.4\kotlin-dsl)" [_thread_blocked, id=19820, stack(0x0000009a57000000,0x0000009a57100000)]
  0x000001efb0594820 JavaThread "Cache worker for dependencies-accessors (D:\INTPROG PROJECT\BV2\INTPROG PROJECT\.gradle\8.4\dependencies-accessors)" [_thread_blocked, id=5568, stack(0x0000009a57100000,0x0000009a57200000)]
  0x000001efb05938f0 JavaThread "Cache worker for Build Output Cleanup Cache (D:\INTPROG PROJECT\BV2\INTPROG PROJECT\.gradle\buildOutputCleanup)" [_thread_blocked, id=13136, stack(0x0000009a57200000,0x0000009a57300000)]

Other Threads:
  0x000001efa7229640 VMThread "VM Thread" [stack: 0x0000009a52a00000,0x0000009a52b00000] [id=396]
  0x000001ef8a77b8c0 WatcherThread [stack: 0x0000009a53800000,0x0000009a53900000] [id=7280]
  0x000001ef8a7da7a0 GCTaskThread "GC Thread#0" [stack: 0x0000009a52500000,0x0000009a52600000] [id=21672]
  0x000001efa7755440 GCTaskThread "GC Thread#1" [stack: 0x0000009a53d00000,0x0000009a53e00000] [id=2900]
  0x000001efac221890 GCTaskThread "GC Thread#2" [stack: 0x0000009a53e00000,0x0000009a53f00000] [id=14328]
  0x000001efac2f5720 GCTaskThread "GC Thread#3" [stack: 0x0000009a53f00000,0x0000009a54000000] [id=18388]
  0x000001efa7b4ecb0 GCTaskThread "GC Thread#4" [stack: 0x0000009a54000000,0x0000009a54100000] [id=14028]
  0x000001eface0ef00 GCTaskThread "GC Thread#5" [stack: 0x0000009a54b00000,0x0000009a54c00000] [id=10780]
  0x000001eface0d900 GCTaskThread "GC Thread#6" [stack: 0x0000009a54c00000,0x0000009a54d00000] [id=23524]
  0x000001eface0d640 GCTaskThread "GC Thread#7" [stack: 0x0000009a54d00000,0x0000009a54e00000] [id=4532]
  0x000001eface0de80 GCTaskThread "GC Thread#8" [stack: 0x0000009a54e00000,0x0000009a54f00000] [id=19496]
  0x000001eface0dbc0 GCTaskThread "GC Thread#9" [stack: 0x0000009a54f00000,0x0000009a55000000] [id=7788]
  0x000001eface0e980 GCTaskThread "GC Thread#10" [stack: 0x0000009a55000000,0x0000009a55100000] [id=7836]
  0x000001eface0e140 GCTaskThread "GC Thread#11" [stack: 0x0000009a55100000,0x0000009a55200000] [id=1832]
  0x000001eface0e6c0 GCTaskThread "GC Thread#12" [stack: 0x0000009a55200000,0x0000009a55300000] [id=19992]
  0x000001ef8a7eb6f0 ConcurrentGCThread "G1 Main Marker" [stack: 0x0000009a52600000,0x0000009a52700000] [id=18556]
  0x000001ef8a7ec8b0 ConcurrentGCThread "G1 Conc#0" [stack: 0x0000009a52700000,0x0000009a52800000] [id=4496]
  0x000001eface0ec40 ConcurrentGCThread "G1 Conc#1" [stack: 0x0000009a55300000,0x0000009a55400000] [id=16160]
  0x000001eface0f1c0 ConcurrentGCThread "G1 Conc#2" [stack: 0x0000009a55400000,0x0000009a55500000] [id=22112]
  0x000001ef8a82bc10 ConcurrentGCThread "G1 Refine#0" [stack: 0x0000009a52800000,0x0000009a52900000] [id=17036]
  0x000001ef8a82e650 ConcurrentGCThread "G1 Service" [stack: 0x0000009a52900000,0x0000009a52a00000] [id=24300]

Threads with active compile tasks:
C2 CompilerThread0     3993 5690   !   4       java.net.URLClassLoader$1::run (81 bytes)
C2 CompilerThread1     3993 5969       4       java.lang.invoke.MemberName::getMethodOrFieldType (72 bytes)
C2 CompilerThread2     3993 5691   !   4       java.net.URLClassLoader::findClass (47 bytes)
C2 CompilerThread3     3993 5689       4       java.net.URLClassLoader$1::run (5 bytes)

VM state: not at safepoint (normal execution)

VM Mutex/Monitor currently owned by a thread: None

Heap address: 0x0000000080000000, size: 2048 MB, Compressed Oops mode: 32-bit

CDS archive(s) not mapped
Compressed class space mapped at: 0x0000000100000000-0x0000000140000000, reserved size: 1073741824
Narrow klass base: 0x0000000000000000, Narrow klass shift: 3, Narrow klass range: 0x140000000

GC Precious Log:
 CPUs: 16 total, 16 available
 Memory: 7581M
 Large Page Support: Disabled
 NUMA Support: Disabled
 Compressed Oops: Enabled (32-bit)
 Heap Region Size: 1M
 Heap Min Capacity: 8M
 Heap Initial Capacity: 120M
 Heap Max Capacity: 2G
 Pre-touch: Disabled
 Parallel Workers: 13
 Concurrent Workers: 3
 Concurrent Refinement Workers: 13
 Periodic GC: Disabled

Heap:
 garbage-first heap   total 119808K, used 70735K [0x0000000080000000, 0x0000000100000000)
  region size 1024K, 18 young (18432K), 5 survivors (5120K)
 Metaspace       used 60230K, committed 60864K, reserved 1114112K
  class space    used 8197K, committed 8448K, reserved 1048576K

Heap Regions: E=young(eden), S=young(survivor), O=old, HS=humongous(starts), HC=humongous(continues), CS=collection set, F=free, OA=open archive, CA=closed archive, TAMS=top-at-mark-start (previous, next)
|   0|0x0000000080000000, 0x0000000080100000, 0x0000000080100000|100%|HS|  |TAMS 0x0000000080100000, 0x0000000080000000| Complete 
|   1|0x0000000080100000, 0x0000000080200000, 0x0000000080200000|100%|HC|  |TAMS 0x0000000080200000, 0x0000000080100000| Complete 
|   2|0x0000000080200000, 0x0000000080300000, 0x0000000080300000|100%|HC|  |TAMS 0x0000000080300000, 0x0000000080200000| Complete 
|   3|0x0000000080300000, 0x0000000080400000, 0x0000000080400000|100%|HC|  |TAMS 0x0000000080400000, 0x0000000080300000| Complete 
|   4|0x0000000080400000, 0x0000000080500000, 0x0000000080500000|100%| O|  |TAMS 0x0000000080500000, 0x0000000080400000| Untracked 
|   5|0x0000000080500000, 0x0000000080600000, 0x0000000080600000|100%| O|  |TAMS 0x0000000080600000, 0x0000000080500000| Untracked 
|   6|0x0000000080600000, 0x0000000080700000, 0x0000000080700000|100%| O|  |TAMS 0x0000000080700000, 0x0000000080600000| Untracked 
|   7|0x0000000080700000, 0x0000000080800000, 0x0000000080800000|100%| O|  |TAMS 0x0000000080800000, 0x0000000080700000| Untracked 
|   8|0x0000000080800000, 0x0000000080900000, 0x0000000080900000|100%| O|  |TAMS 0x0000000080900000, 0x0000000080800000| Untracked 
|   9|0x0000000080900000, 0x0000000080a00000, 0x0000000080a00000|100%| O|  |TAMS 0x0000000080a00000, 0x0000000080900000| Untracked 
|  10|0x0000000080a00000, 0x0000000080a69400, 0x0000000080b00000| 41%| O|  |TAMS 0x0000000080a69400, 0x0000000080a00000| Untracked 
|  11|0x0000000080b00000, 0x0000000080c00000, 0x0000000080c00000|100%| O|  |TAMS 0x0000000080c00000, 0x0000000080b00000| Untracked 
|  12|0x0000000080c00000, 0x0000000080d00000, 0x0000000080d00000|100%| O|  |TAMS 0x0000000080d00000, 0x0000000080c00000| Untracked 
|  13|0x0000000080d00000, 0x0000000080e00000, 0x0000000080e00000|100%| O|  |TAMS 0x0000000080e00000, 0x0000000080d00000| Untracked 
|  14|0x0000000080e00000, 0x0000000080f00000, 0x0000000080f00000|100%| O|  |TAMS 0x0000000080f00000, 0x0000000080e00000| Untracked 
|  15|0x0000000080f00000, 0x0000000081000000, 0x0000000081000000|100%| O|  |TAMS 0x0000000081000000, 0x0000000080f00000| Untracked 
|  16|0x0000000081000000, 0x0000000081100000, 0x0000000081100000|100%| O|  |TAMS 0x0000000081100000, 0x0000000081000000| Untracked 
|  17|0x0000000081100000, 0x0000000081200000, 0x0000000081200000|100%| O|  |TAMS 0x0000000081200000, 0x0000000081100000| Untracked 
|  18|0x0000000081200000, 0x0000000081300000, 0x0000000081300000|100%| O|  |TAMS 0x0000000081300000, 0x0000000081200000| Untracked 
|  19|0x0000000081300000, 0x0000000081400000, 0x0000000081400000|100%| O|  |TAMS 0x0000000081400000, 0x0000000081300000| Untracked 
|  20|0x0000000081400000, 0x0000000081500000, 0x0000000081500000|100%|HS|  |TAMS 0x0000000081500000, 0x0000000081400000| Complete 
|  21|0x0000000081500000, 0x0000000081600000, 0x0000000081600000|100%|HC|  |TAMS 0x0000000081600000, 0x0000000081500000| Complete 
|  22|0x0000000081600000, 0x0000000081700000, 0x0000000081700000|100%|HS|  |TAMS 0x0000000081700000, 0x0000000081600000| Complete 
|  23|0x0000000081700000, 0x0000000081800000, 0x0000000081800000|100%|HC|  |TAMS 0x0000000081800000, 0x0000000081700000| Complete 
|  24|0x0000000081800000, 0x0000000081900000, 0x0000000081900000|100%|HC|  |TAMS 0x0000000081900000, 0x0000000081800000| Complete 
|  25|0x0000000081900000, 0x0000000081a00000, 0x0000000081a00000|100%|HS|  |TAMS 0x0000000081a00000, 0x0000000081900000| Complete 
|  26|0x0000000081a00000, 0x0000000081b00000, 0x0000000081b00000|100%|HC|  |TAMS 0x0000000081b00000, 0x0000000081a00000| Complete 
|  27|0x0000000081b00000, 0x0000000081c00000, 0x0000000081c00000|100%|HC|  |TAMS 0x0000000081c00000, 0x0000000081b00000| Complete 
|  28|0x0000000081c00000, 0x0000000081d00000, 0x0000000081d00000|100%|HS|  |TAMS 0x0000000081d00000, 0x0000000081c00000| Complete 
|  29|0x0000000081d00000, 0x0000000081e00000, 0x0000000081e00000|100%|HC|  |TAMS 0x0000000081e00000, 0x0000000081d00000| Complete 
|  30|0x0000000081e00000, 0x0000000081f00000, 0x0000000081f00000|100%|HC|  |TAMS 0x0000000081f00000, 0x0000000081e00000| Complete 
|  31|0x0000000081f00000, 0x0000000082000000, 0x0000000082000000|100%| O|  |TAMS 0x0000000082000000, 0x0000000081f00000| Untracked 
|  32|0x0000000082000000, 0x0000000082100000, 0x0000000082100000|100%| O|  |TAMS 0x0000000082100000, 0x0000000082000000| Untracked 
|  33|0x0000000082100000, 0x0000000082200000, 0x0000000082200000|100%| O|  |TAMS 0x0000000082200000, 0x0000000082100000| Untracked 
|  34|0x0000000082200000, 0x0000000082300000, 0x0000000082300000|100%| O|  |TAMS 0x0000000082300000, 0x0000000082200000| Untracked 
|  35|0x0000000082300000, 0x0000000082400000, 0x0000000082400000|100%| O|  |TAMS 0x0000000082400000, 0x0000000082300000| Untracked 
|  36|0x0000000082400000, 0x0000000082500000, 0x0000000082500000|100%| O|  |TAMS 0x0000000082500000, 0x0000000082400000| Untracked 
|  37|0x0000000082500000, 0x0000000082600000, 0x0000000082600000|100%| O|  |TAMS 0x0000000082600000, 0x0000000082500000| Untracked 
|  38|0x0000000082600000, 0x0000000082700000, 0x0000000082700000|100%| O|  |TAMS 0x0000000082700000, 0x0000000082600000| Untracked 
|  39|0x0000000082700000, 0x0000000082800000, 0x0000000082800000|100%| O|  |TAMS 0x0000000082800000, 0x0000000082700000| Untracked 
|  40|0x0000000082800000, 0x0000000082900000, 0x0000000082900000|100%| O|  |TAMS 0x0000000082900000, 0x0000000082800000| Untracked 
|  41|0x0000000082900000, 0x0000000082a00000, 0x0000000082a00000|100%| O|  |TAMS 0x0000000082a00000, 0x0000000082900000| Untracked 
|  42|0x0000000082a00000, 0x0000000082b00000, 0x0000000082b00000|100%| O|  |TAMS 0x0000000082b00000, 0x0000000082a00000| Untracked 
|  43|0x0000000082b00000, 0x0000000082c00000, 0x0000000082c00000|100%| O|  |TAMS 0x0000000082c00000, 0x0000000082b00000| Untracked 
|  44|0x0000000082c00000, 0x0000000082d00000, 0x0000000082d00000|100%| O|  |TAMS 0x0000000082d00000, 0x0000000082c00000| Untracked 
|  45|0x0000000082d00000, 0x0000000082e00000, 0x0000000082e00000|100%|HS|  |TAMS 0x0000000082e00000, 0x0000000082d00000| Complete 
|  46|0x0000000082e00000, 0x0000000082f00000, 0x0000000082f00000|100%|HC|  |TAMS 0x0000000082f00000, 0x0000000082e00000| Complete 
|  47|0x0000000082f00000, 0x0000000083000000, 0x0000000083000000|100%|HC|  |TAMS 0x0000000083000000, 0x0000000082f00000| Complete 
|  48|0x0000000083000000, 0x0000000083100000, 0x0000000083100000|100%| O|  |TAMS 0x0000000083100000, 0x0000000083000000| Untracked 
|  49|0x0000000083100000, 0x0000000083200000, 0x0000000083200000|100%| O|  |TAMS 0x0000000083200000, 0x0000000083100000| Untracked 
|  50|0x0000000083200000, 0x0000000083300000, 0x0000000083300000|100%| O|  |TAMS 0x0000000083300000, 0x0000000083200000| Untracked 
|  51|0x0000000083300000, 0x0000000083400000, 0x0000000083400000|100%| O|  |TAMS 0x0000000083400000, 0x0000000083300000| Untracked 
|  52|0x0000000083400000, 0x0000000083400000, 0x0000000083500000|  0%| F|  |TAMS 0x0000000083400000, 0x0000000083400000| Untracked 
|  53|0x0000000083500000, 0x0000000083500000, 0x0000000083600000|  0%| F|  |TAMS 0x0000000083500000, 0x0000000083500000| Untracked 
|  54|0x0000000083600000, 0x0000000083700000, 0x0000000083700000|100%| O|  |TAMS 0x0000000083700000, 0x0000000083600000| Untracked 
|  55|0x0000000083700000, 0x0000000083775000, 0x0000000083800000| 45%| O|  |TAMS 0x0000000083775000, 0x0000000083700000| Untracked 
|  56|0x0000000083800000, 0x0000000083800000, 0x0000000083900000|  0%| F|  |TAMS 0x0000000083800000, 0x0000000083800000| Untracked 
|  57|0x0000000083900000, 0x0000000083900000, 0x0000000083a00000|  0%| F|  |TAMS 0x0000000083900000, 0x0000000083900000| Untracked 
|  58|0x0000000083a00000, 0x0000000083a00000, 0x0000000083b00000|  0%| F|  |TAMS 0x0000000083a00000, 0x0000000083a00000| Untracked 
|  59|0x0000000083b00000, 0x0000000083b00000, 0x0000000083c00000|  0%| F|  |TAMS 0x0000000083b00000, 0x0000000083b00000| Untracked 
|  60|0x0000000083c00000, 0x0000000083c00000, 0x0000000083d00000|  0%| F|  |TAMS 0x0000000083c00000, 0x0000000083c00000| Untracked 
|  61|0x0000000083d00000, 0x0000000083d00000, 0x0000000083e00000|  0%| F|  |TAMS 0x0000000083d00000, 0x0000000083d00000| Untracked 
|  62|0x0000000083e00000, 0x0000000083e00000, 0x0000000083f00000|  0%| F|  |TAMS 0x0000000083e00000, 0x0000000083e00000| Untracked 
|  63|0x0000000083f00000, 0x0000000083f00000, 0x0000000084000000|  0%| F|  |TAMS 0x0000000083f00000, 0x0000000083f00000| Untracked 
|  64|0x0000000084000000, 0x0000000084000000, 0x0000000084100000|  0%| F|  |TAMS 0x0000000084000000, 0x0000000084000000| Untracked 
|  65|0x0000000084100000, 0x0000000084100000, 0x0000000084200000|  0%| F|  |TAMS 0x0000000084100000, 0x0000000084100000| Untracked 
|  66|0x0000000084200000, 0x0000000084200000, 0x0000000084300000|  0%| F|  |TAMS 0x0000000084200000, 0x0000000084200000| Untracked 
|  67|0x0000000084300000, 0x0000000084300000, 0x0000000084400000|  0%| F|  |TAMS 0x0000000084300000, 0x0000000084300000| Untracked 
|  68|0x0000000084400000, 0x0000000084400000, 0x0000000084500000|  0%| F|  |TAMS 0x0000000084400000, 0x0000000084400000| Untracked 
|  69|0x0000000084500000, 0x0000000084500000, 0x0000000084600000|  0%| F|  |TAMS 0x0000000084500000, 0x0000000084500000| Untracked 
|  70|0x0000000084600000, 0x0000000084600000, 0x0000000084700000|  0%| F|  |TAMS 0x0000000084600000, 0x0000000084600000| Untracked 
|  71|0x0000000084700000, 0x0000000084700000, 0x0000000084800000|  0%| F|  |TAMS 0x0000000084700000, 0x0000000084700000| Untracked 
|  72|0x0000000084800000, 0x0000000084800000, 0x0000000084900000|  0%| F|  |TAMS 0x0000000084800000, 0x0000000084800000| Untracked 
|  73|0x0000000084900000, 0x0000000084900000, 0x0000000084a00000|  0%| F|  |TAMS 0x0000000084900000, 0x0000000084900000| Untracked 
|  74|0x0000000084a00000, 0x0000000084a00000, 0x0000000084b00000|  0%| F|  |TAMS 0x0000000084a00000, 0x0000000084a00000| Untracked 
|  75|0x0000000084b00000, 0x0000000084b35af0, 0x0000000084c00000| 20%| S|CS|TAMS 0x0000000084b00000, 0x0000000084b00000| Complete 
|  76|0x0000000084c00000, 0x0000000084d00000, 0x0000000084d00000|100%| S|CS|TAMS 0x0000000084c00000, 0x0000000084c00000| Complete 
|  77|0x0000000084d00000, 0x0000000084e00000, 0x0000000084e00000|100%| S|CS|TAMS 0x0000000084d00000, 0x0000000084d00000| Complete 
|  78|0x0000000084e00000, 0x0000000084f00000, 0x0000000084f00000|100%| S|CS|TAMS 0x0000000084e00000, 0x0000000084e00000| Complete 
|  79|0x0000000084f00000, 0x0000000085000000, 0x0000000085000000|100%| S|CS|TAMS 0x0000000084f00000, 0x0000000084f00000| Complete 
|  80|0x0000000085000000, 0x0000000085000000, 0x0000000085100000|  0%| F|  |TAMS 0x0000000085000000, 0x0000000085000000| Untracked 
|  81|0x0000000085100000, 0x0000000085100000, 0x0000000085200000|  0%| F|  |TAMS 0x0000000085100000, 0x0000000085100000| Untracked 
|  82|0x0000000085200000, 0x0000000085200000, 0x0000000085300000|  0%| F|  |TAMS 0x0000000085200000, 0x0000000085200000| Untracked 
|  83|0x0000000085300000, 0x0000000085300000, 0x0000000085400000|  0%| F|  |TAMS 0x0000000085300000, 0x0000000085300000| Untracked 
|  84|0x0000000085400000, 0x0000000085400000, 0x0000000085500000|  0%| F|  |TAMS 0x0000000085400000, 0x0000000085400000| Untracked 
|  85|0x0000000085500000, 0x0000000085500000, 0x0000000085600000|  0%| F|  |TAMS 0x0000000085500000, 0x0000000085500000| Untracked 
|  86|0x0000000085600000, 0x0000000085600000, 0x0000000085700000|  0%| F|  |TAMS 0x0000000085600000, 0x0000000085600000| Untracked 
|  87|0x0000000085700000, 0x0000000085700000, 0x0000000085800000|  0%| F|  |TAMS 0x0000000085700000, 0x0000000085700000| Untracked 
|  88|0x0000000085800000, 0x0000000085800000, 0x0000000085900000|  0%| F|  |TAMS 0x0000000085800000, 0x0000000085800000| Untracked 
|  89|0x0000000085900000, 0x0000000085900000, 0x0000000085a00000|  0%| F|  |TAMS 0x0000000085900000, 0x0000000085900000| Untracked 
|  90|0x0000000085a00000, 0x0000000085a00000, 0x0000000085b00000|  0%| F|  |TAMS 0x0000000085a00000, 0x0000000085a00000| Untracked 
|  91|0x0000000085b00000, 0x0000000085b00000, 0x0000000085c00000|  0%| F|  |TAMS 0x0000000085b00000, 0x0000000085b00000| Untracked 
|  92|0x0000000085c00000, 0x0000000085c00000, 0x0000000085d00000|  0%| F|  |TAMS 0x0000000085c00000, 0x0000000085c00000| Untracked 
|  93|0x0000000085d00000, 0x0000000085d00000, 0x0000000085e00000|  0%| F|  |TAMS 0x0000000085d00000, 0x0000000085d00000| Untracked 
|  94|0x0000000085e00000, 0x0000000085e00000, 0x0000000085f00000|  0%| F|  |TAMS 0x0000000085e00000, 0x0000000085e00000| Untracked 
|  95|0x0000000085f00000, 0x0000000085f00000, 0x0000000086000000|  0%| F|  |TAMS 0x0000000085f00000, 0x0000000085f00000| Untracked 
|  96|0x0000000086000000, 0x0000000086000000, 0x0000000086100000|  0%| F|  |TAMS 0x0000000086000000, 0x0000000086000000| Untracked 
|  97|0x0000000086100000, 0x0000000086100000, 0x0000000086200000|  0%| F|  |TAMS 0x0000000086100000, 0x0000000086100000| Untracked 
|  98|0x0000000086200000, 0x0000000086200000, 0x0000000086300000|  0%| F|  |TAMS 0x0000000086200000, 0x0000000086200000| Untracked 
|  99|0x0000000086300000, 0x0000000086300000, 0x0000000086400000|  0%| F|  |TAMS 0x0000000086300000, 0x0000000086300000| Untracked 
| 100|0x0000000086400000, 0x0000000086400000, 0x0000000086500000|  0%| F|  |TAMS 0x0000000086400000, 0x0000000086400000| Untracked 
| 101|0x0000000086500000, 0x0000000086500000, 0x0000000086600000|  0%| F|  |TAMS 0x0000000086500000, 0x0000000086500000| Untracked 
| 102|0x0000000086600000, 0x0000000086600000, 0x0000000086700000|  0%| F|  |TAMS 0x0000000086600000, 0x0000000086600000| Untracked 
| 103|0x0000000086700000, 0x0000000086700000, 0x0000000086800000|  0%| F|  |TAMS 0x0000000086700000, 0x0000000086700000| Untracked 
| 104|0x0000000086800000, 0x0000000086880800, 0x0000000086900000| 50%| E|  |TAMS 0x0000000086800000, 0x0000000086800000| Complete 
| 105|0x0000000086900000, 0x0000000086a00000, 0x0000000086a00000|100%| E|CS|TAMS 0x0000000086900000, 0x0000000086900000| Complete 
| 106|0x0000000086a00000, 0x0000000086b00000, 0x0000000086b00000|100%| E|CS|TAMS 0x0000000086a00000, 0x0000000086a00000| Complete 
| 107|0x0000000086b00000, 0x0000000086c00000, 0x0000000086c00000|100%| E|CS|TAMS 0x0000000086b00000, 0x0000000086b00000| Complete 
| 108|0x0000000086c00000, 0x0000000086d00000, 0x0000000086d00000|100%| E|CS|TAMS 0x0000000086c00000, 0x0000000086c00000| Complete 
| 109|0x0000000086d00000, 0x0000000086e00000, 0x0000000086e00000|100%| E|CS|TAMS 0x0000000086d00000, 0x0000000086d00000| Complete 
| 110|0x0000000086e00000, 0x0000000086f00000, 0x0000000086f00000|100%| E|CS|TAMS 0x0000000086e00000, 0x0000000086e00000| Complete 
| 111|0x0000000086f00000, 0x0000000087000000, 0x0000000087000000|100%| E|CS|TAMS 0x0000000086f00000, 0x0000000086f00000| Complete 
| 112|0x0000000087000000, 0x0000000087100000, 0x0000000087100000|100%| E|CS|TAMS 0x0000000087000000, 0x0000000087000000| Complete 
| 113|0x0000000087100000, 0x0000000087200000, 0x0000000087200000|100%| E|CS|TAMS 0x0000000087100000, 0x0000000087100000| Complete 
| 114|0x0000000087200000, 0x0000000087300000, 0x0000000087300000|100%| E|CS|TAMS 0x0000000087200000, 0x0000000087200000| Complete 
| 115|0x0000000087300000, 0x0000000087400000, 0x0000000087400000|100%| E|CS|TAMS 0x0000000087300000, 0x0000000087300000| Complete 
| 119|0x0000000087700000, 0x0000000087800000, 0x0000000087800000|100%| E|CS|TAMS 0x0000000087700000, 0x0000000087700000| Complete 

Card table byte_map: [0x000001ef9f840000,0x000001ef9fc40000] _byte_map_base: 0x000001ef9f440000

Marking Bits (Prev, Next): (CMBitMap*) 0x000001ef8a7dae00, (CMBitMap*) 0x000001ef8a7dadc0
 Prev Bits: [0x000001efa2040000, 0x000001efa4040000)
 Next Bits: [0x000001efa0040000, 0x000001efa2040000)

Polling page: 0x000001ef8a5b0000

Metaspace:

Usage:
  Non-class:     50.82 MB used.
      Class:      8.01 MB used.
       Both:     58.83 MB used.

Virtual space:
  Non-class space:       64.00 MB reserved,      51.19 MB ( 80%) committed,  1 nodes.
      Class space:        1.00 GB reserved,       8.31 MB ( <1%) committed,  1 nodes.
             Both:        1.06 GB reserved,      59.50 MB (  5%) committed. 

Chunk freelists:
   Non-Class:  11.89 MB
       Class:  7.73 MB
        Both:  19.62 MB

MaxMetaspaceSize: unlimited
CompressedClassSpaceSize: 1.00 GB
Initial GC threshold: 21.00 MB
Current GC threshold: 90.31 MB
CDS: off
MetaspaceReclaimPolicy: balanced
 - commit_granule_bytes: 65536.
 - commit_granule_words: 8192.
 - virtual_space_node_default_size: 8388608.
 - enlarge_chunks_in_place: 1.
 - new_chunks_are_fully_committed: 0.
 - uncommit_free_chunks: 1.
 - use_allocation_guard: 0.
 - handle_deallocations: 1.


Internal statistics:

num_allocs_failed_limit: 6.
num_arena_births: 728.
num_arena_deaths: 0.
num_vsnodes_births: 2.
num_vsnodes_deaths: 0.
num_space_committed: 952.
num_space_uncommitted: 0.
num_chunks_returned_to_freelist: 6.
num_chunks_taken_from_freelist: 2833.
num_chunk_merges: 3.
num_chunk_splits: 1826.
num_chunks_enlarged: 1202.
num_inconsistent_stats: 0.

CodeHeap 'non-profiled nmethods': size=119168Kb used=2853Kb max_used=3018Kb free=116314Kb
 bounds [0x000001ef97020000, 0x000001ef97340000, 0x000001ef9e480000]
CodeHeap 'profiled nmethods': size=119104Kb used=10623Kb max_used=10623Kb free=108480Kb
 bounds [0x000001ef8f480000, 0x000001ef8fef0000, 0x000001ef968d0000]
CodeHeap 'non-nmethods': size=7488Kb used=4012Kb max_used=4114Kb free=3475Kb
 bounds [0x000001ef968d0000, 0x000001ef96ce0000, 0x000001ef97020000]
 total_blobs=6073 nmethods=5230 adapters=752
 compilation: enabled
              stopped_count=0, restarted_count=0
 full_count=0

Compilation events (20 events):
Event: 3.953 Thread 0x000001efa7416e40 5958       3       org.gradle.tooling.internal.provider.runner.ClientBuildEventGenerator$Disabled::accept (20 bytes)
Event: 3.953 Thread 0x000001efa742d9c0 5959       3       org.gradle.internal.dispatch.ProxyDispatchAdapter$DispatchingInvocationHandler::invoke (184 bytes)
Event: 3.953 Thread 0x000001efa7270500 nmethod 5956 0x000001ef8f532310 code [0x000001ef8f532520, 0x000001ef8f532b08]
Event: 3.953 Thread 0x000001efa7416e40 nmethod 5958 0x000001ef8f5cbe90 code [0x000001ef8f5cc040, 0x000001ef8f5cc278]
Event: 3.953 Thread 0x000001efa7416e40 5960       3       org.gradle.internal.instantiation.generator.DependencyInjectingInstantiator::verifyParameters (175 bytes)
Event: 3.953 Thread 0x000001efa7ae40a0 nmethod 5957 0x000001ef8f5ca490 code [0x000001ef8f5ca780, 0x000001ef8f5cb7a8]
Event: 3.954 Thread 0x000001efa7416e40 nmethod 5960 0x000001ef8f5c8890 code [0x000001ef8f5c8bc0, 0x000001ef8f5c9e08]
Event: 3.954 Thread 0x000001efa742d9c0 nmethod 5959 0x000001ef8f8f6610 code [0x000001ef8f8f6ae0, 0x000001ef8f8f8fe8]
Event: 3.955 Thread 0x000001efa7416e40 5961       1       org.gradle.api.internal.collections.AbstractIterationOrderRetainingElementSource$Element::isRealized (5 bytes)
Event: 3.956 Thread 0x000001efa7416e40 nmethod 5961 0x000001ef97115290 code [0x000001ef97115420, 0x000001ef971154f8]
Event: 3.961 Thread 0x000001efa7ae40a0 5962       3       java.util.regex.Pattern::range (294 bytes)
Event: 3.962 Thread 0x000001efa7ae40a0 nmethod 5962 0x000001ef8f8f4110 code [0x000001ef8f8f4540, 0x000001ef8f8f5d98]
Event: 3.965 Thread 0x000001efa7584c00 5963       4       java.lang.invoke.MethodType::checkPtypes (76 bytes)
Event: 3.967 Thread 0x000001efa7584c00 nmethod 5963 0x000001ef97114e10 code [0x000001ef97114fa0, 0x000001ef97115118]
Event: 3.973 Thread 0x000001efa7584c00 5964       4       sun.instrument.InstrumentationImpl::transform (73 bytes)
Event: 3.974 Thread 0x000001efa742d9c0 5965       1       org.gradle.cache.internal.btree.BTreePersistentIndexedCache$IndexBlock::getType (3 bytes)
Event: 3.974 Thread 0x000001efa742d9c0 nmethod 5965 0x000001ef97114b10 code [0x000001ef97114ca0, 0x000001ef97114d78]
Event: 3.980 Thread 0x000001efa7584c00 nmethod 5964 0x000001ef9716a610 code [0x000001ef9716a7e0, 0x000001ef9716acf8]
Event: 3.981 Thread 0x000001efa7ae40a0 5966       3       org.gradle.api.attributes.Attribute::equals (57 bytes)
Event: 3.982 Thread 0x000001efa7ae40a0 nmethod 5966 0x000001ef8f5c7f90 code [0x000001ef8f5c8180, 0x000001ef8f5c86c8]

GC Heap History (20 events):
Event: 2.159 GC heap before
{Heap before GC invocations=7 (full 0):
 garbage-first heap   total 86016K, used 45061K [0x0000000080000000, 0x0000000100000000)
  region size 1024K, 13 young (13312K), 6 survivors (6144K)
 Metaspace       used 35809K, committed 36096K, reserved 1114112K
  class space    used 4911K, committed 5056K, reserved 1048576K
}
Event: 2.161 GC heap after
{Heap after GC invocations=8 (full 0):
 garbage-first heap   total 86016K, used 39882K [0x0000000080000000, 0x0000000100000000)
  region size 1024K, 1 young (1024K), 1 survivors (1024K)
 Metaspace       used 35809K, committed 36096K, reserved 1114112K
  class space    used 4911K, committed 5056K, reserved 1048576K
}
Event: 2.404 GC heap before
{Heap before GC invocations=9 (full 0):
 garbage-first heap   total 86016K, used 65482K [0x0000000080000000, 0x0000000100000000)
  region size 1024K, 27 young (27648K), 1 survivors (1024K)
 Metaspace       used 41646K, committed 41984K, reserved 1114112K
  class space    used 5618K, committed 5760K, reserved 1048576K
}
Event: 2.405 GC heap after
{Heap after GC invocations=10 (full 0):
 garbage-first heap   total 86016K, used 42159K [0x0000000080000000, 0x0000000100000000)
  region size 1024K, 3 young (3072K), 3 survivors (3072K)
 Metaspace       used 41646K, committed 41984K, reserved 1114112K
  class space    used 5618K, committed 5760K, reserved 1048576K
}
Event: 2.530 GC heap before
{Heap before GC invocations=10 (full 0):
 garbage-first heap   total 86016K, used 66735K [0x0000000080000000, 0x0000000100000000)
  region size 1024K, 28 young (28672K), 3 survivors (3072K)
 Metaspace       used 43650K, committed 44032K, reserved 1114112K
  class space    used 5831K, committed 6016K, reserved 1048576K
}
Event: 2.533 GC heap after
{Heap after GC invocations=11 (full 0):
 garbage-first heap   total 86016K, used 45628K [0x0000000080000000, 0x0000000100000000)
  region size 1024K, 4 young (4096K), 4 survivors (4096K)
 Metaspace       used 43650K, committed 44032K, reserved 1114112K
  class space    used 5831K, committed 6016K, reserved 1048576K
}
Event: 2.598 GC heap before
{Heap before GC invocations=12 (full 0):
 garbage-first heap   total 86016K, used 52796K [0x0000000080000000, 0x0000000100000000)
  region size 1024K, 13 young (13312K), 4 survivors (4096K)
 Metaspace       used 44084K, committed 44480K, reserved 1114112K
  class space    used 5879K, committed 6080K, reserved 1048576K
}
Event: 2.599 GC heap after
{Heap after GC invocations=13 (full 0):
 garbage-first heap   total 86016K, used 45565K [0x0000000080000000, 0x0000000100000000)
  region size 1024K, 2 young (2048K), 2 survivors (2048K)
 Metaspace       used 44084K, committed 44480K, reserved 1114112K
  class space    used 5879K, committed 6080K, reserved 1048576K
}
Event: 2.818 GC heap before
{Heap before GC invocations=14 (full 0):
 garbage-first heap   total 89088K, used 71165K [0x0000000080000000, 0x0000000100000000)
  region size 1024K, 23 young (23552K), 2 survivors (2048K)
 Metaspace       used 47449K, committed 47872K, reserved 1114112K
  class space    used 6280K, committed 6464K, reserved 1048576K
}
Event: 2.819 GC heap after
{Heap after GC invocations=15 (full 0):
 garbage-first heap   total 89088K, used 46696K [0x0000000080000000, 0x0000000100000000)
  region size 1024K, 3 young (3072K), 3 survivors (3072K)
 Metaspace       used 47449K, committed 47872K, reserved 1114112K
  class space    used 6280K, committed 6464K, reserved 1048576K
}
Event: 2.999 GC heap before
{Heap before GC invocations=15 (full 0):
 garbage-first heap   total 89088K, used 70248K [0x0000000080000000, 0x0000000100000000)
  region size 1024K, 26 young (26624K), 3 survivors (3072K)
 Metaspace       used 49334K, committed 49856K, reserved 1114112K
  class space    used 6564K, committed 6784K, reserved 1048576K
}
Event: 3.001 GC heap after
{Heap after GC invocations=16 (full 0):
 garbage-first heap   total 89088K, used 49114K [0x0000000080000000, 0x0000000100000000)
  region size 1024K, 4 young (4096K), 4 survivors (4096K)
 Metaspace       used 49334K, committed 49856K, reserved 1114112K
  class space    used 6564K, committed 6784K, reserved 1048576K
}
Event: 3.105 GC heap before
{Heap before GC invocations=17 (full 0):
 garbage-first heap   total 92160K, used 65498K [0x0000000080000000, 0x0000000100000000)
  region size 1024K, 19 young (19456K), 4 survivors (4096K)
 Metaspace       used 50381K, committed 50816K, reserved 1114112K
  class space    used 6683K, committed 6912K, reserved 1048576K
}
Event: 3.108 GC heap after
{Heap after GC invocations=18 (full 0):
 garbage-first heap   total 92160K, used 54769K [0x0000000080000000, 0x0000000100000000)
  region size 1024K, 3 young (3072K), 3 survivors (3072K)
 Metaspace       used 50381K, committed 50816K, reserved 1114112K
  class space    used 6683K, committed 6912K, reserved 1048576K
}
Event: 3.243 GC heap before
{Heap before GC invocations=19 (full 0):
 garbage-first heap   total 99328K, used 75249K [0x0000000080000000, 0x0000000100000000)
  region size 1024K, 21 young (21504K), 3 survivors (3072K)
 Metaspace       used 52098K, committed 52608K, reserved 1114112K
  class space    used 6846K, committed 7040K, reserved 1048576K
}
Event: 3.244 GC heap after
{Heap after GC invocations=20 (full 0):
 garbage-first heap   total 99328K, used 54769K [0x0000000080000000, 0x0000000100000000)
  region size 1024K, 1 young (1024K), 1 survivors (1024K)
 Metaspace       used 52098K, committed 52608K, reserved 1114112K
  class space    used 6846K, committed 7040K, reserved 1048576K
}
Event: 3.470 GC heap before
{Heap before GC invocations=20 (full 0):
 garbage-first heap   total 99328K, used 77297K [0x0000000080000000, 0x0000000100000000)
  region size 1024K, 24 young (24576K), 1 survivors (1024K)
 Metaspace       used 54717K, committed 55360K, reserved 1114112K
  class space    used 7314K, committed 7616K, reserved 1048576K
}
Event: 3.473 GC heap after
{Heap after GC invocations=21 (full 0):
 garbage-first heap   total 119808K, used 56110K [0x0000000080000000, 0x0000000100000000)
  region size 1024K, 2 young (2048K), 2 survivors (2048K)
 Metaspace       used 54717K, committed 55360K, reserved 1114112K
  class space    used 7314K, committed 7616K, reserved 1048576K
}
Event: 3.857 GC heap before
{Heap before GC invocations=22 (full 0):
 garbage-first heap   total 119808K, used 93998K [0x0000000080000000, 0x0000000100000000)
  region size 1024K, 39 young (39936K), 2 survivors (2048K)
 Metaspace       used 58908K, committed 59584K, reserved 1114112K
  class space    used 8009K, committed 8320K, reserved 1048576K
}
Event: 3.859 GC heap after
{Heap after GC invocations=23 (full 0):
 garbage-first heap   total 119808K, used 58447K [0x0000000080000000, 0x0000000100000000)
  region size 1024K, 5 young (5120K), 5 survivors (5120K)
 Metaspace       used 58908K, committed 59584K, reserved 1114112K
  class space    used 8009K, committed 8320K, reserved 1048576K
}

Dll operation events (3 events):
Event: 0.005 Loaded shared library D:\Android\jbr\bin\java.dll
Event: 0.086 Loaded shared library D:\Android\jbr\bin\zip.dll
Event: 0.243 Loaded shared library D:\Android\jbr\bin\verify.dll

Deoptimization events (20 events):
Event: 3.902 Thread 0x000001efad8d5510 Uncommon trap: trap_request=0xffffff3d fr.pc=0x000001ef971ef8cc relative=0x0000000000000cac
Event: 3.902 Thread 0x000001efad8d5510 Uncommon trap: reason=unstable_fused_if action=reinterpret pc=0x000001ef971ef8cc method=org.objectweb.asm.ByteVector.putUTF8(Ljava/lang/String;)Lorg/objectweb/asm/ByteVector; @ 93 c2
Event: 3.902 Thread 0x000001efad8d5510 DEOPT PACKING pc=0x000001ef971ef8cc sp=0x0000009a547f81b0
Event: 3.902 Thread 0x000001efad8d5510 DEOPT UNPACKING pc=0x000001ef969269a3 sp=0x0000009a547f8108 mode 2
Event: 3.937 Thread 0x000001efad8d5510 Uncommon trap: trap_request=0xffffffc6 fr.pc=0x000001ef97199e58 relative=0x0000000000000218
Event: 3.937 Thread 0x000001efad8d5510 Uncommon trap: reason=bimorphic_or_optimized_type_check action=maybe_recompile pc=0x000001ef97199e58 method=com.google.common.base.CharMatcher.indexIn(Ljava/lang/CharSequence;I)I @ 31 c2
Event: 3.937 Thread 0x000001efad8d5510 DEOPT PACKING pc=0x000001ef97199e58 sp=0x0000009a547f8ba0
Event: 3.937 Thread 0x000001efad8d5510 DEOPT UNPACKING pc=0x000001ef969269a3 sp=0x0000009a547f8b48 mode 2
Event: 3.940 Thread 0x000001efad8d5510 Uncommon trap: trap_request=0xffffffc6 fr.pc=0x000001ef97199e58 relative=0x0000000000000218
Event: 3.940 Thread 0x000001efad8d5510 Uncommon trap: reason=bimorphic_or_optimized_type_check action=maybe_recompile pc=0x000001ef97199e58 method=com.google.common.base.CharMatcher.indexIn(Ljava/lang/CharSequence;I)I @ 31 c2
Event: 3.940 Thread 0x000001efad8d5510 DEOPT PACKING pc=0x000001ef97199e58 sp=0x0000009a547f8ba0
Event: 3.940 Thread 0x000001efad8d5510 DEOPT UNPACKING pc=0x000001ef969269a3 sp=0x0000009a547f8b48 mode 2
Event: 3.940 Thread 0x000001efad8d5510 Uncommon trap: trap_request=0xffffffc6 fr.pc=0x000001ef97199e58 relative=0x0000000000000218
Event: 3.940 Thread 0x000001efad8d5510 Uncommon trap: reason=bimorphic_or_optimized_type_check action=maybe_recompile pc=0x000001ef97199e58 method=com.google.common.base.CharMatcher.indexIn(Ljava/lang/CharSequence;I)I @ 31 c2
Event: 3.940 Thread 0x000001efad8d5510 DEOPT PACKING pc=0x000001ef97199e58 sp=0x0000009a547f8c10
Event: 3.940 Thread 0x000001efad8d5510 DEOPT UNPACKING pc=0x000001ef969269a3 sp=0x0000009a547f8bb8 mode 2
Event: 3.945 Thread 0x000001efad8d5510 Uncommon trap: trap_request=0xffffffc6 fr.pc=0x000001ef97199e58 relative=0x0000000000000218
Event: 3.945 Thread 0x000001efad8d5510 Uncommon trap: reason=bimorphic_or_optimized_type_check action=maybe_recompile pc=0x000001ef97199e58 method=com.google.common.base.CharMatcher.indexIn(Ljava/lang/CharSequence;I)I @ 31 c2
Event: 3.945 Thread 0x000001efad8d5510 DEOPT PACKING pc=0x000001ef97199e58 sp=0x0000009a547f84b0
Event: 3.945 Thread 0x000001efad8d5510 DEOPT UNPACKING pc=0x000001ef969269a3 sp=0x0000009a547f8458 mode 2

Classes unloaded (0 events):
No events

Classes redefined (0 events):
No events

Internal exceptions (20 events):
Event: 3.489 Thread 0x000001efad8d5510 Exception <a 'sun/nio/fs/WindowsException'{0x000000008733ffb0}> (0x000000008733ffb0) 
thrown [s\src\hotspot\share\prims\jni.cpp, line 517]
Event: 3.590 Thread 0x000001efad8d5510 Exception <a 'java/lang/NoSuchMethodError'{0x0000000086bfad38}: 'void java.lang.invoke.DirectMethodHandle$Holder.invokeStatic(java.lang.Object, java.lang.Object, java.lang.Object, java.lang.Object, java.lang.Object, java.lang.Object, java.lang.Object)'> (0x0000000086bfad38) 
thrown [s\src\hotspot\share\interpreter\linkResolver.cpp, line 771]
Event: 3.594 Thread 0x000001efad8d5510 Exception <a 'java/lang/NoSuchMethodError'{0x0000000086a42648}: 'java.lang.Object java.lang.invoke.DirectMethodHandle$Holder.invokeVirtual(java.lang.Object, java.lang.Object, int)'> (0x0000000086a42648) 
thrown [s\src\hotspot\share\interpreter\linkResolver.cpp, line 771]
Event: 3.596 Thread 0x000001efad8d5510 Exception <a 'java/lang/NoSuchMethodError'{0x0000000086a5cbe8}: 'void java.lang.invoke.DirectMethodHandle$Holder.invokeStatic(java.lang.Object, java.lang.Object, java.lang.Object, int)'> (0x0000000086a5cbe8) 
thrown [s\src\hotspot\share\interpreter\linkResolver.cpp, line 771]
Event: 3.698 Thread 0x000001efad8d5510 Exception <a 'java/lang/ClassNotFoundException'{0x00000000861f0678}: org/gradle/api/internal/project/DefaultProject_DecoratedBeanInfo> (0x00000000861f0678) 
thrown [s\src\hotspot\share\classfile\systemDictionary.cpp, line 256]
Event: 3.699 Thread 0x000001efad8d5510 Exception <a 'java/lang/ClassNotFoundException'{0x00000000861fd8c0}: org/gradle/api/internal/project/DefaultProjectBeanInfo> (0x00000000861fd8c0) 
thrown [s\src\hotspot\share\classfile\systemDictionary.cpp, line 256]
Event: 3.699 Thread 0x000001efad8d5510 Exception <a 'java/lang/ClassNotFoundException'{0x000000008600ab70}: org/gradle/api/internal/project/DefaultProjectCustomizer> (0x000000008600ab70) 
thrown [s\src\hotspot\share\classfile\systemDictionary.cpp, line 256]
Event: 3.701 Thread 0x000001efad8d5510 Exception <a 'java/lang/ClassNotFoundException'{0x00000000860b43b0}: org/gradle/api/internal/project/DefaultProject_DecoratedCustomizer> (0x00000000860b43b0) 
thrown [s\src\hotspot\share\classfile\systemDictionary.cpp, line 256]
Event: 3.794 Thread 0x000001efad8d5510 Exception <a 'java/lang/NoSuchMethodError'{0x00000000856d9ee8}: 'long java.lang.invoke.DirectMethodHandle$Holder.invokeStatic(java.lang.Object, long)'> (0x00000000856d9ee8) 
thrown [s\src\hotspot\share\interpreter\linkResolver.cpp, line 771]
Event: 3.892 Thread 0x000001efad8d5510 Exception <a 'java/lang/NoSuchMethodError'{0x00000000872998f8}: 'java.lang.Object java.lang.invoke.DirectMethodHandle$Holder.newInvokeSpecial(java.lang.Object, java.lang.Object, java.lang.Object, java.lang.Object, int)'> (0x00000000872998f8) 
thrown [s\src\hotspot\share\interpreter\linkResolver.cpp, line 771]
Event: 3.892 Thread 0x000001efad8d5510 Exception <a 'java/lang/NoSuchMethodError'{0x000000008729ec20}: 'java.lang.Object java.lang.invoke.DirectMethodHandle$Holder.invokeSpecial(java.lang.Object, java.lang.Object, java.lang.Object, java.lang.Object, java.lang.Object, int)'> (0x000000008729ec20) 
thrown [s\src\hotspot\share\interpreter\linkResolver.cpp, line 771]
Event: 3.892 Thread 0x000001efad8d5510 Exception <a 'java/lang/NoSuchMethodError'{0x00000000872a38f8}: 'java.lang.Object java.lang.invoke.Invokers$Holder.linkToTargetMethod(java.lang.Object, java.lang.Object, java.lang.Object, int, java.lang.Object)'> (0x00000000872a38f8) 
thrown [s\src\hotspot\share\interpreter\linkResolver.cpp, line 771]
Event: 3.918 Thread 0x000001efad8d5510 Exception <a 'java/lang/NoSuchMethodError'{0x0000000086f29c40}: static Lorg/gradle/api/internal/catalog/DefaultVersionCatalog;.<clinit>()V> (0x0000000086f29c40) 
thrown [s\src\hotspot\share\prims\jni.cpp, line 1108]
Event: 3.922 Thread 0x000001efad8d5510 Exception <a 'java/lang/NoSuchMethodError'{0x0000000086f7af58}: static [Ljava/lang/Object;.<clinit>()V> (0x0000000086f7af58) 
thrown [s\src\hotspot\share\prims\jni.cpp, line 1108]
Event: 3.924 Thread 0x000001efad8d5510 Exception <a 'java/lang/NoSuchMethodError'{0x0000000086faf3b0}: static Lorg/gradle/api/internal/catalog/DependencyModel;.<clinit>()V> (0x0000000086faf3b0) 
thrown [s\src\hotspot\share\prims\jni.cpp, line 1108]
Event: 3.924 Thread 0x000001efad8d5510 Exception <a 'java/lang/NoSuchMethodError'{0x0000000086fb2e88}: static Lorg/gradle/api/internal/catalog/AbstractContextAwareModel;.<clinit>()V> (0x0000000086fb2e88) 
thrown [s\src\hotspot\share\prims\jni.cpp, line 1108]
Event: 3.924 Thread 0x000001efad8d5510 Exception <a 'java/lang/NoSuchMethodError'{0x0000000086fcc998}: static Lorg/gradle/api/internal/artifacts/dependencies/AbstractVersionConstraint;.<clinit>()V> (0x0000000086fcc998) 
thrown [s\src\hotspot\share\prims\jni.cpp, line 1108]
Event: 3.927 Thread 0x000001efad8d5510 Exception <a 'java/lang/NoSuchMethodError'{0x0000000086e2c0e0}: static Lorg/gradle/api/internal/catalog/PluginModel;.<clinit>()V> (0x0000000086e2c0e0) 
thrown [s\src\hotspot\share\prims\jni.cpp, line 1108]
Event: 3.928 Thread 0x000001efad8d5510 Exception <a 'java/lang/NoSuchMethodError'{0x0000000086e43a90}: static Lorg/gradle/api/internal/catalog/VersionModel;.<clinit>()V> (0x0000000086e43a90) 
thrown [s\src\hotspot\share\prims\jni.cpp, line 1108]
Event: 3.974 Thread 0x000001efad8d5510 Exception <a 'java/lang/NoSuchMethodError'{0x0000000086bdac10}: 'int java.lang.invoke.DirectMethodHandle$Holder.invokeSpecialIFC(java.lang.Object, java.lang.Object, java.lang.Object)'> (0x0000000086bdac10) 
thrown [s\src\hotspot\share\interpreter\linkResolver.cpp, line 771]

VM Operations (20 events):
Event: 3.487 Executing VM operation: G1PauseRemark
Event: 3.488 Executing VM operation: G1PauseRemark done
Event: 3.493 Executing VM operation: G1PauseCleanup
Event: 3.494 Executing VM operation: G1PauseCleanup done
Event: 3.516 Executing VM operation: HandshakeAllThreads
Event: 3.516 Executing VM operation: HandshakeAllThreads done
Event: 3.573 Executing VM operation: HandshakeAllThreads
Event: 3.573 Executing VM operation: HandshakeAllThreads done
Event: 3.604 Executing VM operation: HandshakeAllThreads
Event: 3.604 Executing VM operation: HandshakeAllThreads done
Event: 3.659 Executing VM operation: HandshakeAllThreads
Event: 3.659 Executing VM operation: HandshakeAllThreads done
Event: 3.695 Executing VM operation: ICBufferFull
Event: 3.695 Executing VM operation: ICBufferFull done
Event: 3.857 Executing VM operation: G1CollectForAllocation
Event: 3.859 Executing VM operation: G1CollectForAllocation done
Event: 3.920 Executing VM operation: HandshakeAllThreads
Event: 3.920 Executing VM operation: HandshakeAllThreads done
Event: 3.933 Executing VM operation: HandshakeAllThreads
Event: 3.933 Executing VM operation: HandshakeAllThreads done

Events (20 events):
Event: 3.704 loading class org/xml/sax/SAXParseException done
Event: 3.704 loading class org/xml/sax/Attributes
Event: 3.704 loading class org/xml/sax/Attributes done
Event: 3.741 loading class java/util/DualPivotQuicksort
Event: 3.742 loading class java/util/DualPivotQuicksort done
Event: 3.794 loading class java/util/function/LongUnaryOperator
Event: 3.794 loading class java/util/function/LongUnaryOperator done
Event: 3.842 loading class java/util/Collections$SingletonMap
Event: 3.842 loading class java/util/Collections$SingletonMap done
Event: 3.843 Thread 0x000001efb05938f0 Thread added: 0x000001efb05938f0
Event: 3.917 loading class java/io/ObjectOutputStream$BlockDataOutputStream
Event: 3.917 loading class java/io/ObjectOutputStream$BlockDataOutputStream done
Event: 3.917 loading class java/io/ObjectOutputStream$HandleTable
Event: 3.917 loading class java/io/ObjectOutputStream$HandleTable done
Event: 3.917 loading class java/io/ObjectOutputStream$ReplaceTable
Event: 3.917 loading class java/io/ObjectOutputStream$ReplaceTable done
Event: 3.932 loading class sun/reflect/ReflectionFactory
Event: 3.932 loading class sun/reflect/ReflectionFactory done
Event: 3.932 loading class sun/reflect/ReflectionFactory$1
Event: 3.932 loading class sun/reflect/ReflectionFactory$1 done


Dynamic libraries:
0x00007ff6c7d80000 - 0x00007ff6c7d8a000 	D:\Android\jbr\bin\java.exe
0x00007ffa1c730000 - 0x00007ffa1c947000 	C:\WINDOWS\SYSTEM32\ntdll.dll
0x00007ffa1bfc0000 - 0x00007ffa1c084000 	C:\WINDOWS\System32\KERNEL32.DLL
0x00007ffa19db0000 - 0x00007ffa1a157000 	C:\WINDOWS\System32\KERNELBASE.dll
0x00007ffa19c90000 - 0x00007ffa19da1000 	C:\WINDOWS\System32\ucrtbase.dll
0x00007ffa03900000 - 0x00007ffa03917000 	D:\Android\jbr\bin\jli.dll
0x00007ffa0d700000 - 0x00007ffa0d71b000 	D:\Android\jbr\bin\VCRUNTIME140.dll
0x00007ffa1c190000 - 0x00007ffa1c33e000 	C:\WINDOWS\System32\USER32.dll
0x00007ffa02340000 - 0x00007ffa025d3000 	C:\WINDOWS\WinSxS\amd64_microsoft.windows.common-controls_6595b64144ccf1df_6.0.22621.3527_none_270e469b73872a76\COMCTL32.dll
0x00007ffa1a340000 - 0x00007ffa1a366000 	C:\WINDOWS\System32\win32u.dll
0x00007ffa1a9e0000 - 0x00007ffa1aa87000 	C:\WINDOWS\System32\msvcrt.dll
0x00007ffa1bab0000 - 0x00007ffa1bad9000 	C:\WINDOWS\System32\GDI32.dll
0x00007ffa1a160000 - 0x00007ffa1a279000 	C:\WINDOWS\System32\gdi32full.dll
0x00007ffa19bc0000 - 0x00007ffa19c5a000 	C:\WINDOWS\System32\msvcp_win.dll
0x00007ffa1be70000 - 0x00007ffa1bea1000 	C:\WINDOWS\System32\IMM32.DLL
0x00007ffa16410000 - 0x00007ffa1641c000 	D:\Android\jbr\bin\vcruntime140_1.dll
0x00007ff9e8a60000 - 0x00007ff9e8aed000 	D:\Android\jbr\bin\msvcp140.dll
0x00007ff98ba30000 - 0x00007ff98c6b3000 	D:\Android\jbr\bin\server\jvm.dll
0x00007ffa1b710000 - 0x00007ffa1b7c2000 	C:\WINDOWS\System32\ADVAPI32.dll
0x00007ffa1bf10000 - 0x00007ffa1bfb8000 	C:\WINDOWS\System32\sechost.dll
0x00007ffa19c60000 - 0x00007ffa19c88000 	C:\WINDOWS\System32\bcrypt.dll
0x00007ffa1c5d0000 - 0x00007ffa1c6e5000 	C:\WINDOWS\System32\RPCRT4.dll
0x00007ffa19910000 - 0x00007ffa1995d000 	C:\WINDOWS\SYSTEM32\POWRPROF.dll
0x00007ff9fc420000 - 0x00007ff9fc429000 	C:\WINDOWS\SYSTEM32\WSOCK32.dll
0x00007ffa112b0000 - 0x00007ffa112e4000 	C:\WINDOWS\SYSTEM32\WINMM.dll
0x00007ffa1c0b0000 - 0x00007ffa1c121000 	C:\WINDOWS\System32\WS2_32.dll
0x00007ffa10bc0000 - 0x00007ffa10bca000 	C:\WINDOWS\SYSTEM32\VERSION.dll
0x00007ffa198f0000 - 0x00007ffa19903000 	C:\WINDOWS\SYSTEM32\UMPDC.dll
0x00007ffa18a70000 - 0x00007ffa18a88000 	C:\WINDOWS\SYSTEM32\kernel.appcore.dll
0x00007ffa11440000 - 0x00007ffa1144a000 	D:\Android\jbr\bin\jimage.dll
0x00007ffa0ef30000 - 0x00007ffa0f162000 	C:\WINDOWS\SYSTEM32\DBGHELP.DLL
0x00007ffa1bae0000 - 0x00007ffa1be68000 	C:\WINDOWS\System32\combase.dll
0x00007ffa1b9d0000 - 0x00007ffa1baa7000 	C:\WINDOWS\System32\OLEAUT32.dll
0x00007ffa0e1a0000 - 0x00007ffa0e1d2000 	C:\WINDOWS\SYSTEM32\dbgcore.DLL
0x00007ffa1a370000 - 0x00007ffa1a3e9000 	C:\WINDOWS\System32\bcryptPrimitives.dll
0x00007ffa03920000 - 0x00007ffa0392e000 	D:\Android\jbr\bin\instrument.dll
0x00007ffa0c320000 - 0x00007ffa0c345000 	D:\Android\jbr\bin\java.dll
0x00007ffa08df0000 - 0x00007ffa08e08000 	D:\Android\jbr\bin\zip.dll
0x00007ffa1aab0000 - 0x00007ffa1b30c000 	C:\WINDOWS\System32\SHELL32.dll
0x00007ffa17990000 - 0x00007ffa18286000 	C:\WINDOWS\SYSTEM32\windows.storage.dll
0x00007ffa17850000 - 0x00007ffa1798e000 	C:\WINDOWS\SYSTEM32\wintypes.dll
0x00007ffa1a460000 - 0x00007ffa1a555000 	C:\WINDOWS\System32\SHCORE.dll
0x00007ffa1c3f0000 - 0x00007ffa1c44e000 	C:\WINDOWS\System32\shlwapi.dll
0x00007ffa19980000 - 0x00007ffa199a1000 	C:\WINDOWS\SYSTEM32\profapi.dll
0x00007ffa08da0000 - 0x00007ffa08db9000 	D:\Android\jbr\bin\net.dll
0x00007ffa131e0000 - 0x00007ffa13316000 	C:\WINDOWS\SYSTEM32\WINHTTP.dll
0x00007ffa18ee0000 - 0x00007ffa18f49000 	C:\WINDOWS\system32\mswsock.dll
0x00007ffa08c00000 - 0x00007ffa08c16000 	D:\Android\jbr\bin\nio.dll
0x00007ffa07e00000 - 0x00007ffa07e10000 	D:\Android\jbr\bin\verify.dll
0x00007ffa0c3b0000 - 0x00007ffa0c3d7000 	C:\Users\JEMAR\.gradle\native\c067742578af261105cb4f569cf0c3c89f3d7b1fecec35dd04571415982c5e48\windows-amd64\native-platform.dll
0x00007ff9c9050000 - 0x00007ff9c9194000 	C:\Users\JEMAR\.gradle\native\38dada09dfb8b06ba9b0570ebf7e218e3eb74d4ef43ca46872605cf95ebc2f47\windows-amd64\native-platform-file-events.dll
0x00007ffa08d90000 - 0x00007ffa08d99000 	D:\Android\jbr\bin\management.dll
0x00007ffa08bf0000 - 0x00007ffa08bfb000 	D:\Android\jbr\bin\management_ext.dll
0x00007ffa1b7d0000 - 0x00007ffa1b7d8000 	C:\WINDOWS\System32\PSAPI.DLL
0x00007ffa19140000 - 0x00007ffa1915b000 	C:\WINDOWS\SYSTEM32\CRYPTSP.dll
0x00007ffa189d0000 - 0x00007ffa18a05000 	C:\WINDOWS\system32\rsaenh.dll
0x00007ffa18fe0000 - 0x00007ffa19008000 	C:\WINDOWS\SYSTEM32\USERENV.dll
0x00007ffa19160000 - 0x00007ffa1916c000 	C:\WINDOWS\SYSTEM32\CRYPTBASE.dll
0x00007ffa184f0000 - 0x00007ffa1851d000 	C:\WINDOWS\SYSTEM32\IPHLPAPI.DLL
0x00007ffa1b7e0000 - 0x00007ffa1b7e9000 	C:\WINDOWS\System32\NSI.dll
0x00007ffa136d0000 - 0x00007ffa136e9000 	C:\WINDOWS\SYSTEM32\dhcpcsvc6.DLL
0x00007ffa13690000 - 0x00007ffa136af000 	C:\WINDOWS\SYSTEM32\dhcpcsvc.DLL
0x00007ffa18520000 - 0x00007ffa18618000 	C:\WINDOWS\SYSTEM32\DNSAPI.dll
0x00007ffa0d4d0000 - 0x00007ffa0d4d8000 	C:\WINDOWS\system32\wshunix.dll

dbghelp: loaded successfully - version: 4.0.5 - missing functions: none
symbol engine: initialized successfully - sym options: 0x614 - pdb path: .;D:\Android\jbr\bin;C:\WINDOWS\SYSTEM32;C:\WINDOWS\WinSxS\amd64_microsoft.windows.common-controls_6595b64144ccf1df_6.0.22621.3527_none_270e469b73872a76;D:\Android\jbr\bin\server;C:\Users\JEMAR\.gradle\native\c067742578af261105cb4f569cf0c3c89f3d7b1fecec35dd04571415982c5e48\windows-amd64;C:\Users\JEMAR\.gradle\native\38dada09dfb8b06ba9b0570ebf7e218e3eb74d4ef43ca46872605cf95ebc2f47\windows-amd64

VM Arguments:
jvm_args: --add-opens=java.base/java.util=ALL-UNNAMED --add-opens=java.base/java.lang=ALL-UNNAMED --add-opens=java.base/java.lang.invoke=ALL-UNNAMED --add-opens=java.prefs/java.util.prefs=ALL-UNNAMED --add-opens=java.base/java.nio.charset=ALL-UNNAMED --add-opens=java.base/java.net=ALL-UNNAMED --add-opens=java.base/java.util.concurrent.atomic=ALL-UNNAMED -Xmx2048m -Dfile.encoding=UTF-8 -Duser.country=PH -Duser.language=en -Duser.variant -javaagent:C:\Users\JEMAR\.gradle\wrapper\dists\gradle-8.4-bin\1w5dpkrfk8irigvoxmyhowfim\gradle-8.4\lib\agents\gradle-instrumentation-agent-8.4.jar 
java_command: org.gradle.launcher.daemon.bootstrap.GradleDaemon 8.4
java_class_path (initial): C:\Users\JEMAR\.gradle\wrapper\dists\gradle-8.4-bin\1w5dpkrfk8irigvoxmyhowfim\gradle-8.4\lib\gradle-launcher-8.4.jar
Launcher Type: SUN_STANDARD

[Global flags]
     intx CICompilerCount                          = 12                                        {product} {ergonomic}
     uint ConcGCThreads                            = 3                                         {product} {ergonomic}
     uint G1ConcRefinementThreads                  = 13                                        {product} {ergonomic}
   size_t G1HeapRegionSize                         = 1048576                                   {product} {ergonomic}
    uintx GCDrainStackTargetSize                   = 64                                        {product} {ergonomic}
   size_t InitialHeapSize                          = 125829120                                 {product} {ergonomic}
   size_t MarkStackSize                            = 4194304                                   {product} {ergonomic}
   size_t MaxHeapSize                              = 2147483648                                {product} {command line}
   size_t MaxNewSize                               = 1287651328                                {product} {ergonomic}
   size_t MinHeapDeltaBytes                        = 1048576                                   {product} {ergonomic}
   size_t MinHeapSize                              = 8388608                                   {product} {ergonomic}
    uintx NonNMethodCodeHeapSize                   = 7602480                                {pd product} {ergonomic}
    uintx NonProfiledCodeHeapSize                  = 122027880                              {pd product} {ergonomic}
    uintx ProfiledCodeHeapSize                     = 122027880                              {pd product} {ergonomic}
    uintx ReservedCodeCacheSize                    = 251658240                              {pd product} {ergonomic}
     bool SegmentedCodeCache                       = true                                      {product} {ergonomic}
   size_t SoftMaxHeapSize                          = 2147483648                             {manageable} {ergonomic}
     bool UseCompressedClassPointers               = true                           {product lp64_product} {ergonomic}
     bool UseCompressedOops                        = true                           {product lp64_product} {ergonomic}
     bool UseG1GC                                  = true                                      {product} {ergonomic}
     bool UseLargePagesIndividualAllocation        = false                                  {pd product} {ergonomic}

Logging:
Log output configuration:
 #0: stdout all=warning uptime,level,tags
 #1: stderr all=off uptime,level,tags

Environment Variables:
PATH=C:\Program Files\Common Files\Oracle\Java\javapath;C:\Windows\system32;C:\Windows;C:\Windows\System32\Wbem;C:\Windows\System32\WindowsPowerShell\v1.0\;C:\Windows\System32\OpenSSH\;C:\Program Files (x86)\NVIDIA Corporation\PhysX\Common;C:\WINDOWS\system32;C:\WINDOWS;C:\WINDOWS\System32\Wbem;C:\WINDOWS\System32\WindowsPowerShell\v1.0\;C:\WINDOWS\System32\OpenSSH\;C:\Program Files (x86)\Microsoft SQL Server\160\DTS\Binn\;C:\Program Files\dotnet\;C:\Program Files\Git\cmd;C:\Users\JEMAR\AppData\Local\Microsoft\WindowsApps;C:\Program Files\Azure Data Studio\bin
USERNAME=JEMAR
OS=Windows_NT
PROCESSOR_IDENTIFIER=AMD64 Family 25 Model 80 Stepping 0, AuthenticAMD
TMP=C:\Users\JEMAR\AppData\Local\Temp
TEMP=C:\Users\JEMAR\AppData\Local\Temp



Periodic native trim disabled

JNI global refs:
JNI global refs: 34, weak refs: 0

JNI global refs memory usage: 843, weak refs: 841

OOME stack traces (most recent first):
Classloader memory used:
Loader org.gradle.internal.classloader.VisitableURLClassLoader                         : 3740K
Loader bootstrap                                                                       : 2489K
Loader org.gradle.initialization.MixInLegacyTypesClassLoader                           : 973K
Loader org.gradle.internal.classloader.VisitableURLClassLoader$InstrumentingVisitableURLClassLoader: 101603B
Loader org.gradle.internal.classloader.VisitableURLClassLoader                         : 92243B
Loader jdk.internal.loader.ClassLoaders$PlatformClassLoader                            : 67458B
Loader jdk.internal.reflect.DelegatingClassLoader                                      : 33901B
Loader jdk.internal.loader.ClassLoaders$AppClassLoader                                 : 28453B
Loader org.gradle.groovy.scripts.internal.DefaultScriptCompilationHandler$ScriptClassLoader: 10770B
Loader org.codehaus.groovy.runtime.callsite.CallSiteClassLoader                        : 6363B

Classes loaded by more than one classloader:
Class org.gradle.internal.Cast                                                        : loaded 3 times (x 69B)
Class org.gradle.api.GradleException                                                  : loaded 3 times (x 80B)
Class Program                                                                         : loaded 3 times (x 70B)
Class org.gradle.internal.classpath.ClassPath                                         : loaded 2 times (x 68B)
Class org.gradle.api.internal.classpath.DefaultModuleRegistry                         : loaded 2 times (x 84B)
Class org.gradle.internal.exceptions.NonGradleCauseExceptionsHolder                   : loaded 2 times (x 68B)
Class Settings_gradle$1$1                                                             : loaded 2 times (x 72B)
Class com.intellij.openapi.externalSystem.model.ExternalSystemException               : loaded 2 times (x 84B)
Class org.gradle.api.Action                                                           : loaded 2 times (x 68B)
Class org.jetbrains.kotlin.idea.gradleTooling.model.samWithReceiver.SamWithReceiverModel: loaded 2 times (x 68B)
Class org.jetbrains.plugins.gradle.model.ExternalProject                              : loaded 2 times (x 68B)
Class org.jetbrains.plugins.gradle.model.IntelliJSettings                             : loaded 2 times (x 68B)
Class sync_studio_tooling3739_6vpgxvr74ee1z6fdstnwugca5                               : loaded 2 times (x 177B)
Class org.jetbrains.kotlin.idea.gradleTooling.KotlinMPPGradleModel                    : loaded 2 times (x 68B)
Class org.gradle.api.internal.DefaultClassPathProvider                                : loaded 2 times (x 74B)
Class org.gradle.internal.installation.GradleInstallation$1                           : loaded 2 times (x 73B)
Class ijInit1_7ngzwu4n3mkg26qew5tygvecr                                               : loaded 2 times (x 177B)
Class org.gradle.internal.exceptions.DefaultMultiCauseException                       : loaded 2 times (x 89B)
Class org.gradle.tooling.model.UnsupportedMethodException                             : loaded 2 times (x 80B)
Class org.gradle.internal.time.MonotonicClock                                         : loaded 2 times (x 75B)
Class org.gradle.internal.classloader.FilteringClassLoader                            : loaded 2 times (x 103B)
Class org.gradle.tooling.model.Model                                                  : loaded 2 times (x 68B)
Class org.gradle.internal.classpath.DefaultClassPath$ImmutableUniqueList$Builder      : loaded 2 times (x 73B)
Class org.jetbrains.kotlin.idea.gradleTooling.KotlinSourceSetContainer                : loaded 2 times (x 68B)
Class org.gradle.internal.classloader.ClassLoaderVisitor                              : loaded 2 times (x 74B)
Class org.gradle.internal.time.DefaultCountdownTimer                                  : loaded 2 times (x 86B)
Class org.gradle.internal.service.DefaultServiceLocator                               : loaded 2 times (x 81B)
Class org.gradle.internal.service.UnknownServiceException                             : loaded 2 times (x 81B)
Class org.jetbrains.plugins.gradle.model.DependencyAccessorsModel                     : loaded 2 times (x 68B)
Class org.gradle.internal.classloader.DefaultClassLoaderFactory                       : loaded 2 times (x 80B)
Class org.jetbrains.plugins.gradle.model.GradleExtensions                             : loaded 2 times (x 68B)
Class org.jetbrains.plugins.gradle.model.VersionCatalogsModel                         : loaded 2 times (x 68B)
Class org.gradle.internal.classloader.VisitableURLClassLoader$Spec                    : loaded 2 times (x 72B)
Class org.gradle.tooling.model.ProjectModel                                           : loaded 2 times (x 68B)
Class org.gradle.util.GradleVersion                                                   : loaded 2 times (x 81B)
Class org.gradle.tooling.internal.gradle.DefaultProjectIdentifier                     : loaded 2 times (x 84B)
Class org.gradle.api.internal.classpath.ModuleRegistry                                : loaded 2 times (x 68B)
Class org.jetbrains.plugins.gradle.model.RepositoriesModel                            : loaded 2 times (x 68B)
Class kotlin.jvm.internal.markers.KMappedMarker                                       : loaded 2 times (x 68B)
Class org.gradle.api.internal.ClassPathProvider                                       : loaded 2 times (x 68B)
Class org.gradle.internal.classloader.ClasspathUtil$1                                 : loaded 2 times (x 74B)
Class org.gradle.internal.classloader.ClassLoaderFactory                              : loaded 2 times (x 68B)
Class org.gradle.api.internal.classpath.ManifestUtil                                  : loaded 2 times (x 69B)
Class org.gradle.api.specs.Spec                                                       : loaded 2 times (x 68B)
Class org.gradle.tooling.internal.gradle.GradleBuildIdentity                          : loaded 2 times (x 68B)
Class org.gradle.internal.IoActions                                                   : loaded 2 times (x 69B)
Class org.gradle.api.internal.classpath.EffectiveClassPath                            : loaded 2 times (x 88B)
Class kotlin.jvm.internal.DefaultConstructorMarker                                    : loaded 2 times (x 69B)
Class org.jetbrains.kotlin.idea.gradleTooling.model.annotation.AnnotationBasedPluginModel: loaded 2 times (x 68B)
Class org.jetbrains.kotlin.idea.gradleTooling.model.assignment.AssignmentModel        : loaded 2 times (x 68B)
Class org.gradle.internal.installation.CurrentGradleInstallation                      : loaded 2 times (x 71B)
Class org.gradle.internal.agents.InstrumentingClassLoader                             : loaded 2 times (x 68B)
Class org.gradle.internal.installation.CurrentGradleInstallationLocator               : loaded 2 times (x 69B)
Class org.gradle.api.internal.classpath.Module                                        : loaded 2 times (x 68B)
Class org.gradle.internal.service.CachingServiceLocator                               : loaded 2 times (x 80B)
Class org.gradle.internal.time.Timer                                                  : loaded 2 times (x 68B)
Class org.jetbrains.kotlin.idea.gradleTooling.KotlinDslScriptAdditionalTask           : loaded 2 times (x 68B)
Class org.jetbrains.plugins.gradle.model.tests.ExternalTestsModel                     : loaded 2 times (x 68B)
Class org.gradle.internal.classpath.DefaultClassPath                                  : loaded 2 times (x 88B)
Class com.intellij.openapi.externalSystem.model.project.dependencies.ProjectDependencies: loaded 2 times (x 68B)
Class org.jetbrains.kotlin.idea.gradleTooling.PrepareKotlinIdeImportTaskModel         : loaded 2 times (x 68B)
Class org.gradle.internal.impldep.com.google.common.base.Preconditions                : loaded 2 times (x 69B)
Class kotlin.jvm.functions.Function1                                                  : loaded 2 times (x 68B)
Class org.gradle.internal.time.Time                                                   : loaded 2 times (x 69B)
Class org.gradle.internal.time.TimeSource$1                                           : loaded 2 times (x 75B)
Class org.gradle.internal.classloader.SystemClassLoaderSpec                           : loaded 2 times (x 69B)
Class kotlin.Function                                                                 : loaded 2 times (x 68B)
Class org.gradle.api.UncheckedIOException                                             : loaded 2 times (x 80B)
Class org.jetbrains.plugins.gradle.model.MavenRepositoryModel                         : loaded 2 times (x 68B)
Class org.gradle.tooling.internal.gradle.GradleProjectIdentity                        : loaded 2 times (x 68B)
Class org.gradle.internal.time.CountdownTimer                                         : loaded 2 times (x 68B)
Class org.gradle.internal.time.Clock                                                  : loaded 2 times (x 68B)
Class org.gradle.internal.classloader.ClasspathUtil                                   : loaded 2 times (x 69B)
Class org.gradle.tooling.model.BuildIdentifier                                        : loaded 2 times (x 68B)
Class org.gradle.api.internal.DefaultClassPathRegistry                                : loaded 2 times (x 74B)
Class org.gradle.api.internal.classpath.DefaultModuleRegistry$DefaultModule           : loaded 2 times (x 84B)
Class org.gradle.internal.time.TimeSource                                             : loaded 2 times (x 68B)
Class org.jetbrains.kotlin.android.synthetic.idea.AndroidExtensionsGradleModel        : loaded 2 times (x 68B)
Class org.gradle.api.internal.classpath.UnknownModuleException                        : loaded 2 times (x 80B)
Class org.jetbrains.plugins.gradle.model.IntelliJProjectSettings                      : loaded 2 times (x 68B)
Class org.gradle.internal.service.ServiceLookupException                              : loaded 2 times (x 80B)
Class org.gradle.cache.GlobalCache                                                    : loaded 2 times (x 68B)
Class org.jetbrains.kotlin.idea.gradleTooling.model.lombok.LombokModel                : loaded 2 times (x 68B)
Class org.gradle.tooling.model.ProjectIdentifier                                      : loaded 2 times (x 68B)
Class [Lorg.gradle.api.internal.ClassPathProvider;                                    : loaded 2 times (x 67B)
Class org.gradle.internal.operations.MultipleBuildOperationFailures                   : loaded 2 times (x 89B)
Class org.gradle.util.internal.GUtil                                                  : loaded 2 times (x 69B)
Class org.jetbrains.plugins.gradle.model.AnnotationProcessingModel                    : loaded 2 times (x 68B)
Class org.gradle.internal.classloader.ClassLoaderSpec                                 : loaded 2 times (x 69B)
Class org.jetbrains.plugins.gradle.model.BuildScriptClasspathModel                    : loaded 2 times (x 68B)
Class org.gradle.internal.classloader.VisitableURLClassLoader                         : loaded 2 times (x 115B)
Class org.gradle.internal.installation.GradleInstallation                             : loaded 2 times (x 73B)
Class org.gradle.api.internal.ClassPathRegistry                                       : loaded 2 times (x 68B)
Class org.gradle.internal.classloader.VisitableURLClassLoader$InstrumentingVisitableURLClassLoader: loaded 2 times (x 121B)
Class org.gradle.internal.classloader.ClassLoaderHierarchy                            : loaded 2 times (x 68B)
Class org.gradle.internal.exceptions.MultiCauseException                              : loaded 2 times (x 68B)
Class org.jetbrains.kotlin.idea.gradleTooling.model.parcelize.ParcelizeGradleModel    : loaded 2 times (x 68B)
Class sync_studio_tooling3739_6vpgxvr74ee1z6fdstnwugca5$_run_closure1                 : loaded 2 times (x 137B)
Class org.gradle.internal.InternalTransformer                                         : loaded 2 times (x 68B)
Class org.jetbrains.kotlin.idea.gradleTooling.model.noarg.NoArgModel                  : loaded 2 times (x 68B)
Class org.jetbrains.kotlin.idea.gradleTooling.KotlinGradleModel                       : loaded 2 times (x 68B)
Class org.gradle.tooling.internal.gradle.DefaultBuildIdentifier                       : loaded 2 times (x 77B)
Class org.gradle.internal.service.ServiceLocator                                      : loaded 2 times (x 68B)
Class Settings_gradle$1                                                               : loaded 2 times (x 72B)
Class org.jetbrains.kotlin.idea.gradleTooling.model.allopen.AllOpenModel              : loaded 2 times (x 68B)
Class org.gradle.internal.classpath.DefaultClassPath$ImmutableUniqueList              : loaded 2 times (x 159B)
Class org.gradle.internal.time.DefaultTimer                                           : loaded 2 times (x 78B)
Class org.gradle.internal.classpath.TransformedClassPath                              : loaded 2 times (x 94B)
Class Settings_gradle                                                                 : loaded 2 times (x 126B)


---------------  S Y S T E M  ---------------

OS:
 Windows 11 , 64 bit Build 22621 (10.0.22621.3527)
OS uptime: 1 days 0:37 hours

CPU: total 16 (initial active 16) (16 cores per cpu, 2 threads per core) family 25 model 80 stepping 0 microcode 0x0, cx8, cmov, fxsr, ht, mmx, 3dnowpref, sse, sse2, sse3, ssse3, sse4a, sse4.1, sse4.2, popcnt, lzcnt, tsc, tscinvbit, avx, avx2, aes, erms, clmul, bmi1, bmi2, adx, sha, fma, vzeroupper, clflush, clflushopt
Processor Information for all 16 processors :
  Max Mhz: 3201, Current Mhz: 3201, Mhz Limit: 3201

Memory: 4k page, system-wide physical 7581M (977M free)
TotalPageFile size 24833M (AvailPageFile size 7M)
current process WorkingSet (physical memory assigned to process): 354M, peak: 354M
current process commit charge ("private bytes"): 400M, peak: 403M

vm_info: OpenJDK 64-Bit Server VM (17.0.9+0--11185874) for windows-amd64 JRE (17.0.9+0--11185874), built on Dec  6 2023 18:57:44 by "androidbuild" with MS VC++ 16.10 / 16.11 (VS2019)

END.
